<?xml version="1.0" encoding="UTF-8"?>
<!-- Generated by org.testng.reporters.JUnitXMLReporter -->
<testsuite ignored="0" hostname="DESKTOP-N2D2BNA" failures="0" tests="4" name="Surefire test" time="20.094" errors="0" timestamp="2026-09-18T10:09:05 IST">
  <testcase classname="api.test.UserTest" name="testUserCreation" time="10.564"/>
  <testcase classname="api.test.UserTest" name="testGetUser" time="1.2"/>
  <testcase classname="api.test.UserTest" name="updateUserInfo" time="4.326"/>
  <testcase classname="api.test.UserTest" name="deleteUserinfo" time="2.482"/>
</testsuite> <!-- Surefire test -->
