<?xml version="1.0" encoding="UTF-8"?>
<!-- Generated by org.testng.reporters.JUnitXMLReporter -->
<testsuite ignored="0" hostname="DESKTOP-N2D2BNA" failures="18" tests="27" name="Surefire test" time="44.3" errors="0" timestamp="2026-09-15T11:54:09 IST">
  <testcase classname="api.test.MultipleUser" name="createsMultipleUsers" time="6.948"/>
  <testcase classname="api.test.MultipleUser" name="createsMultipleUsers" time="2.205"/>
  <testcase classname="api.test.MultipleUser" name="createsMultipleUsers" time="1.147"/>
  <testcase classname="api.test.MultipleUser" name="createsMultipleUsers" time="1.15"/>
  <testcase classname="api.test.MultipleUser" name="createsMultipleUsers" time="1.207"/>
  <testcase classname="api.test.MultipleUser" name="createsMultipleUsers" time="1.126"/>
  <testcase classname="api.test.MultipleUser" name="createsMultipleUsers" time="1.148"/>
  <testcase classname="api.test.MultipleUser" name="createsMultipleUsers" time="1.16"/>
  <testcase classname="api.test.MultipleUser" name="createsMultipleUsers" time="1.149"/>
  <testcase classname="api.test.MultipleUser" name="getAlluser" time="1.193">
    <failure type="java.lang.AssertionError" message="expected [200] but found [404]">
      <![CDATA[java.lang.AssertionError: expected [200] but found [404]
at api.test.MultipleUser.getAlluser(MultipleUser.java:34)
at java.base/java.util.ArrayList.forEach(ArrayList.java:1604)
... Removed 37 stack frames]]>
    </failure>
  </testcase> <!-- getAlluser -->
  <testcase classname="api.test.MultipleUser" name="getAlluser" time="1.296">
    <failure type="java.lang.AssertionError" message="expected [200] but found [404]">
      <![CDATA[java.lang.AssertionError: expected [200] but found [404]
at api.test.MultipleUser.getAlluser(MultipleUser.java:34)
at java.base/java.util.ArrayList.forEach(ArrayList.java:1604)
... Removed 37 stack frames]]>
    </failure>
  </testcase> <!-- getAlluser -->
  <testcase classname="api.test.MultipleUser" name="getAlluser" time="1.835">
    <failure type="java.lang.AssertionError" message="expected [200] but found [404]">
      <![CDATA[java.lang.AssertionError: expected [200] but found [404]
at api.test.MultipleUser.getAlluser(MultipleUser.java:34)
at java.base/java.util.ArrayList.forEach(ArrayList.java:1604)
... Removed 37 stack frames]]>
    </failure>
  </testcase> <!-- getAlluser -->
  <testcase classname="api.test.MultipleUser" name="getAlluser" time="1.773">
    <failure type="java.lang.AssertionError" message="expected [200] but found [404]">
      <![CDATA[java.lang.AssertionError: expected [200] but found [404]
at api.test.MultipleUser.getAlluser(MultipleUser.java:34)
at java.base/java.util.ArrayList.forEach(ArrayList.java:1604)
... Removed 37 stack frames]]>
    </failure>
  </testcase> <!-- getAlluser -->
  <testcase classname="api.test.MultipleUser" name="getAlluser" time="1.328">
    <failure type="java.lang.AssertionError" message="expected [200] but found [404]">
      <![CDATA[java.lang.AssertionError: expected [200] but found [404]
at api.test.MultipleUser.getAlluser(MultipleUser.java:34)
at java.base/java.util.ArrayList.forEach(ArrayList.java:1604)
... Removed 37 stack frames]]>
    </failure>
  </testcase> <!-- getAlluser -->
  <testcase classname="api.test.MultipleUser" name="getAlluser" time="1.155">
    <failure type="java.lang.AssertionError" message="expected [200] but found [404]">
      <![CDATA[java.lang.AssertionError: expected [200] but found [404]
at api.test.MultipleUser.getAlluser(MultipleUser.java:34)
at java.base/java.util.ArrayList.forEach(ArrayList.java:1604)
... Removed 37 stack frames]]>
    </failure>
  </testcase> <!-- getAlluser -->
  <testcase classname="api.test.MultipleUser" name="getAlluser" time="1.161">
    <failure type="java.lang.AssertionError" message="expected [200] but found [404]">
      <![CDATA[java.lang.AssertionError: expected [200] but found [404]
at api.test.MultipleUser.getAlluser(MultipleUser.java:34)
at java.base/java.util.ArrayList.forEach(ArrayList.java:1604)
... Removed 37 stack frames]]>
    </failure>
  </testcase> <!-- getAlluser -->
  <testcase classname="api.test.MultipleUser" name="getAlluser" time="1.176">
    <failure type="java.lang.AssertionError" message="expected [200] but found [404]">
      <![CDATA[java.lang.AssertionError: expected [200] but found [404]
at api.test.MultipleUser.getAlluser(MultipleUser.java:34)
at java.base/java.util.ArrayList.forEach(ArrayList.java:1604)
... Removed 37 stack frames]]>
    </failure>
  </testcase> <!-- getAlluser -->
  <testcase classname="api.test.MultipleUser" name="getAlluser" time="1.127">
    <failure type="java.lang.AssertionError" message="expected [200] but found [404]">
      <![CDATA[java.lang.AssertionError: expected [200] but found [404]
at api.test.MultipleUser.getAlluser(MultipleUser.java:34)
at java.base/java.util.ArrayList.forEach(ArrayList.java:1604)
... Removed 37 stack frames]]>
    </failure>
  </testcase> <!-- getAlluser -->
  <testcase classname="api.test.MultipleUser" name="deleteAllUser" time="1.16">
    <failure type="java.lang.AssertionError" message="expected [200] but found [404]">
      <![CDATA[java.lang.AssertionError: expected [200] but found [404]
at api.test.MultipleUser.deleteAllUser(MultipleUser.java:42)
at java.base/java.util.ArrayList.forEach(ArrayList.java:1604)
... Removed 37 stack frames]]>
    </failure>
  </testcase> <!-- deleteAllUser -->
  <testcase classname="api.test.MultipleUser" name="deleteAllUser" time="1.144">
    <failure type="java.lang.AssertionError" message="expected [200] but found [404]">
      <![CDATA[java.lang.AssertionError: expected [200] but found [404]
at api.test.MultipleUser.deleteAllUser(MultipleUser.java:42)
at java.base/java.util.ArrayList.forEach(ArrayList.java:1604)
... Removed 37 stack frames]]>
    </failure>
  </testcase> <!-- deleteAllUser -->
  <testcase classname="api.test.MultipleUser" name="deleteAllUser" time="1.134">
    <failure type="java.lang.AssertionError" message="expected [200] but found [404]">
      <![CDATA[java.lang.AssertionError: expected [200] but found [404]
at api.test.MultipleUser.deleteAllUser(MultipleUser.java:42)
at java.base/java.util.ArrayList.forEach(ArrayList.java:1604)
... Removed 37 stack frames]]>
    </failure>
  </testcase> <!-- deleteAllUser -->
  <testcase classname="api.test.MultipleUser" name="deleteAllUser" time="1.169">
    <failure type="java.lang.AssertionError" message="expected [200] but found [404]">
      <![CDATA[java.lang.AssertionError: expected [200] but found [404]
at api.test.MultipleUser.deleteAllUser(MultipleUser.java:42)
at java.base/java.util.ArrayList.forEach(ArrayList.java:1604)
... Removed 37 stack frames]]>
    </failure>
  </testcase> <!-- deleteAllUser -->
  <testcase classname="api.test.MultipleUser" name="deleteAllUser" time="1.131">
    <failure type="java.lang.AssertionError" message="expected [200] but found [404]">
      <![CDATA[java.lang.AssertionError: expected [200] but found [404]
at api.test.MultipleUser.deleteAllUser(MultipleUser.java:42)
at java.base/java.util.ArrayList.forEach(ArrayList.java:1604)
... Removed 37 stack frames]]>
    </failure>
  </testcase> <!-- deleteAllUser -->
  <testcase classname="api.test.MultipleUser" name="deleteAllUser" time="1.19">
    <failure type="java.lang.AssertionError" message="expected [200] but found [404]">
      <![CDATA[java.lang.AssertionError: expected [200] but found [404]
at api.test.MultipleUser.deleteAllUser(MultipleUser.java:42)
at java.base/java.util.ArrayList.forEach(ArrayList.java:1604)
... Removed 37 stack frames]]>
    </failure>
  </testcase> <!-- deleteAllUser -->
  <testcase classname="api.test.MultipleUser" name="deleteAllUser" time="1.151">
    <failure type="java.lang.AssertionError" message="expected [200] but found [404]">
      <![CDATA[java.lang.AssertionError: expected [200] but found [404]
at api.test.MultipleUser.deleteAllUser(MultipleUser.java:42)
at java.base/java.util.ArrayList.forEach(ArrayList.java:1604)
... Removed 37 stack frames]]>
    </failure>
  </testcase> <!-- deleteAllUser -->
  <testcase classname="api.test.MultipleUser" name="deleteAllUser" time="1.225">
    <failure type="java.lang.AssertionError" message="expected [200] but found [404]">
      <![CDATA[java.lang.AssertionError: expected [200] but found [404]
at api.test.MultipleUser.deleteAllUser(MultipleUser.java:42)
at java.base/java.util.ArrayList.forEach(ArrayList.java:1604)
... Removed 37 stack frames]]>
    </failure>
  </testcase> <!-- deleteAllUser -->
  <testcase classname="api.test.MultipleUser" name="deleteAllUser" time="1.141">
    <failure type="java.lang.AssertionError" message="expected [200] but found [404]">
      <![CDATA[java.lang.AssertionError: expected [200] but found [404]
at api.test.MultipleUser.deleteAllUser(MultipleUser.java:42)
at java.base/java.util.ArrayList.forEach(ArrayList.java:1604)
... Removed 37 stack frames]]>
    </failure>
  </testcase> <!-- deleteAllUser -->
</testsuite> <!-- Surefire test -->
