<?xml version="1.0" encoding="UTF-8"?>
<!-- Generated by org.testng.reporters.JUnitXMLReporter -->
<testsuite ignored="0" hostname="DESKTOP-N2D2BNA" failures="0" tests="31" name="apiTest" time="52.563" errors="0" timestamp="2026-09-18T12:03:42 IST">
  <testcase classname="api.test.MultipleUser" name="createsMultipleUsers" time="6.371"/>
  <testcase classname="api.test.MultipleUser" name="createsMultipleUsers" time="1.194"/>
  <testcase classname="api.test.MultipleUser" name="createsMultipleUsers" time="1.135"/>
  <testcase classname="api.test.MultipleUser" name="createsMultipleUsers" time="1.221"/>
  <testcase classname="api.test.MultipleUser" name="createsMultipleUsers" time="1.128"/>
  <testcase classname="api.test.MultipleUser" name="createsMultipleUsers" time="1.162"/>
  <testcase classname="api.test.MultipleUser" name="createsMultipleUsers" time="1.13"/>
  <testcase classname="api.test.MultipleUser" name="createsMultipleUsers" time="1.118"/>
  <testcase classname="api.test.MultipleUser" name="createsMultipleUsers" time="1.096"/>
  <testcase classname="api.test.MultipleUser" name="getAlluser" time="1.216"/>
  <testcase classname="api.test.MultipleUser" name="getAlluser" time="1.193"/>
  <testcase classname="api.test.MultipleUser" name="getAlluser" time="1.142"/>
  <testcase classname="api.test.MultipleUser" name="getAlluser" time="1.122"/>
  <testcase classname="api.test.MultipleUser" name="getAlluser" time="1.129"/>
  <testcase classname="api.test.MultipleUser" name="getAlluser" time="1.187"/>
  <testcase classname="api.test.MultipleUser" name="getAlluser" time="1.191"/>
  <testcase classname="api.test.MultipleUser" name="getAlluser" time="1.162"/>
  <testcase classname="api.test.MultipleUser" name="getAlluser" time="1.118"/>
  <testcase classname="api.test.MultipleUser" name="deleteAllUser" time="1.16"/>
  <testcase classname="api.test.MultipleUser" name="deleteAllUser" time="1.109"/>
  <testcase classname="api.test.MultipleUser" name="deleteAllUser" time="1.193"/>
  <testcase classname="api.test.MultipleUser" name="deleteAllUser" time="1.2"/>
  <testcase classname="api.test.MultipleUser" name="deleteAllUser" time="1.107"/>
  <testcase classname="api.test.MultipleUser" name="deleteAllUser" time="1.968"/>
  <testcase classname="api.test.MultipleUser" name="deleteAllUser" time="1.538"/>
  <testcase classname="api.test.MultipleUser" name="deleteAllUser" time="1.145"/>
  <testcase classname="api.test.MultipleUser" name="deleteAllUser" time="1.115"/>
  <testcase classname="api.test.UserTest" name="testUserCreation" time="1.165"/>
  <testcase classname="api.test.UserTest" name="testGetUser" time="1.086"/>
  <testcase classname="api.test.UserTest" name="updateUserInfo" time="3.403"/>
  <testcase classname="api.test.UserTest" name="deleteUserinfo" time="2.334"/>
</testsuite> <!-- apiTest -->
