<?xml version="1.0" encoding="UTF-8"?>
<testsuite xmlns:xsi="http://www.w3.org/2001/XMLSchema-instance" xsi:noNamespaceSchemaLocation="https://maven.apache.org/surefire/maven-surefire-plugin/xsd/surefire-test-report.xsd" version="3.0.2" name="api.test.UserTest" time="22.105" tests="4" errors="0" skipped="0" failures="0">
  <properties>
[...]
</properties>
  <testcase name="testUserCreation" classname="api.test.UserTest" time="10.569">
    <system-out><![CDATA[=========Post Requests=======
10:08:55.177 [main] DEBUG org.apache.http.impl.conn.BasicClientConnectionManager -- Get connection for route {s}->https://petstore.swagger.io:443
10:08:55.252 [main] DEBUG org.apache.http.impl.conn.DefaultClientConnectionOperator -- Connecting to petstore.swagger.io:443
10:08:56.679 [main] DEBUG org.apache.http.client.protocol.RequestAddCookies -- CookieSpec selected: ignoreCookies
10:08:56.682 [main] DEBUG org.apache.http.client.protocol.RequestAuthCache -- Auth cache not set in the context
10:08:56.682 [main] DEBUG org.apache.http.client.protocol.RequestTargetAuthentication -- Target auth state: UNCHALLENGED
10:08:56.683 [main] DEBUG org.apache.http.client.protocol.RequestProxyAuthentication -- Proxy auth state: UNCHALLENGED
10:08:56.684 [main] DEBUG org.apache.http.impl.client.DefaultHttpClient -- Attempt 1 to execute request
10:08:56.684 [main] DEBUG org.apache.http.impl.conn.DefaultClientConnection -- Sending request: POST /v2/user HTTP/1.1
10:08:56.685 [main] DEBUG org.apache.http.wire --  >> "POST /v2/user HTTP/1.1[\r][\n]"
10:08:56.687 [main] DEBUG org.apache.http.wire --  >> "Accept: application/json, application/javascript, text/javascript, text/json[\r][\n]"
10:08:56.687 [main] DEBUG org.apache.http.wire --  >> "Content-Type: application/json[\r][\n]"
10:08:56.687 [main] DEBUG org.apache.http.wire --  >> "Content-Length: 179[\r][\n]"
10:08:56.687 [main] DEBUG org.apache.http.wire --  >> "Host: petstore.swagger.io[\r][\n]"
10:08:56.687 [main] DEBUG org.apache.http.wire --  >> "Connection: Keep-Alive[\r][\n]"
10:08:56.688 [main] DEBUG org.apache.http.wire --  >> "User-Agent: Apache-HttpClient/4.5.13 (Java/25.0.1)[\r][\n]"
10:08:56.688 [main] DEBUG org.apache.http.wire --  >> "Accept-Encoding: gzip,deflate[\r][\n]"
10:08:56.688 [main] DEBUG org.apache.http.wire --  >> "[\r][\n]"
10:08:56.688 [main] DEBUG org.apache.http.headers -- >> POST /v2/user HTTP/1.1
10:08:56.688 [main] DEBUG org.apache.http.headers -- >> Accept: application/json, application/javascript, text/javascript, text/json
10:08:56.688 [main] DEBUG org.apache.http.headers -- >> Content-Type: application/json
10:08:56.689 [main] DEBUG org.apache.http.headers -- >> Content-Length: 179
10:08:56.689 [main] DEBUG org.apache.http.headers -- >> Host: petstore.swagger.io
10:08:56.689 [main] DEBUG org.apache.http.headers -- >> Connection: Keep-Alive
10:08:56.689 [main] DEBUG org.apache.http.headers -- >> User-Agent: Apache-HttpClient/4.5.13 (Java/25.0.1)
10:08:56.689 [main] DEBUG org.apache.http.headers -- >> Accept-Encoding: gzip,deflate
10:08:56.689 [main] DEBUG org.apache.http.wire --  >> "{"id":565372776,"username":"antwan.muller","firstName":"Salley","lastName":"Ernser","email":"marco.beier@example.com","password":"adcvq23","phone":"(030) 014-6111","userStatus":0}"
10:08:56.903 [main] DEBUG org.apache.http.wire --  << "HTTP/1.1 200 OK[\r][\n]"
10:08:56.905 [main] DEBUG org.apache.http.wire --  << "Date: Fri, 18 Sep 2026 04:38:56 GMT[\r][\n]"
10:08:56.905 [main] DEBUG org.apache.http.wire --  << "Content-Type: application/json[\r][\n]"
10:08:56.905 [main] DEBUG org.apache.http.wire --  << "Transfer-Encoding: chunked[\r][\n]"
10:08:56.905 [main] DEBUG org.apache.http.wire --  << "Connection: keep-alive[\r][\n]"
10:08:56.905 [main] DEBUG org.apache.http.wire --  << "Access-Control-Allow-Origin: *[\r][\n]"
10:08:56.905 [main] DEBUG org.apache.http.wire --  << "Access-Control-Allow-Methods: GET, POST, DELETE, PUT[\r][\n]"
10:08:56.905 [main] DEBUG org.apache.http.wire --  << "Access-Control-Allow-Headers: Content-Type, api_key, Authorization[\r][\n]"
10:08:56.905 [main] DEBUG org.apache.http.wire --  << "Server: Jetty(9.2.9.v20150224)[\r][\n]"
10:08:56.905 [main] DEBUG org.apache.http.wire --  << "[\r][\n]"
10:08:56.906 [main] DEBUG org.apache.http.impl.conn.DefaultClientConnection -- Receiving response: HTTP/1.1 200 OK
10:08:56.906 [main] DEBUG org.apache.http.headers -- << HTTP/1.1 200 OK
10:08:56.906 [main] DEBUG org.apache.http.headers -- << Date: Fri, 18 Sep 2026 04:38:56 GMT
10:08:56.906 [main] DEBUG org.apache.http.headers -- << Content-Type: application/json
10:08:56.906 [main] DEBUG org.apache.http.headers -- << Transfer-Encoding: chunked
10:08:56.906 [main] DEBUG org.apache.http.headers -- << Connection: keep-alive
10:08:56.906 [main] DEBUG org.apache.http.headers -- << Access-Control-Allow-Origin: *
10:08:56.906 [main] DEBUG org.apache.http.headers -- << Access-Control-Allow-Methods: GET, POST, DELETE, PUT
10:08:56.906 [main] DEBUG org.apache.http.headers -- << Access-Control-Allow-Headers: Content-Type, api_key, Authorization
10:08:56.906 [main] DEBUG org.apache.http.headers -- << Server: Jetty(9.2.9.v20150224)
10:08:56.910 [main] DEBUG org.apache.http.impl.client.DefaultHttpClient -- Connection can be kept alive indefinitely
10:08:56.919 [main] DEBUG io.restassured.internal.RestAssuredHttpBuilder -- Parsing response as: application/json
10:08:56.919 [main] DEBUG io.restassured.internal.RestAssuredHttpBuilder -- Parsed data to instance of: class org.apache.http.conn.EofSensorInputStream
10:08:57.054 [main] DEBUG org.apache.http.wire --  << "33[\r][\n]"
10:08:57.055 [main] DEBUG org.apache.http.wire --  << "{"code":200,"type":"unknown","message":"565372776"}"
10:08:57.083 [main] DEBUG org.apache.http.wire --  << "[\r][\n]"
10:08:57.084 [main] DEBUG org.apache.http.wire --  << "0[\r][\n]"
10:08:57.084 [main] DEBUG org.apache.http.wire --  << "[\r][\n]"
10:08:57.084 [main] DEBUG org.apache.http.impl.conn.BasicClientConnectionManager -- Releasing connection org.apache.http.impl.conn.ManagedClientConnectionImpl@e8c84eb
10:08:57.084 [main] DEBUG org.apache.http.impl.conn.BasicClientConnectionManager -- Connection can be kept alive indefinitely
HTTP/1.1 200 OK
Date: Fri, 18 Sep 2026 04:38:56 GMT
Content-Type: application/json
Transfer-Encoding: chunked
Connection: keep-alive
Access-Control-Allow-Origin: *
Access-Control-Allow-Methods: GET, POST, DELETE, PUT
Access-Control-Allow-Headers: Content-Type, api_key, Authorization
Server: Jetty(9.2.9.v20150224)

{
    "code": 200,
    "type": "unknown",
    "message": "565372776"
}
]]></system-out>
  </testcase>
  <testcase name="testGetUser" classname="api.test.UserTest" time="1.253">
    <system-out><![CDATA[=========Get Request=======
10:08:57.263 [main] DEBUG org.apache.http.impl.conn.BasicClientConnectionManager -- Get connection for route {s}->https://petstore.swagger.io:443
10:08:57.264 [main] DEBUG org.apache.http.impl.conn.DefaultClientConnectionOperator -- Connecting to petstore.swagger.io:443
10:08:58.117 [main] DEBUG org.apache.http.client.protocol.RequestAddCookies -- CookieSpec selected: ignoreCookies
10:08:58.118 [main] DEBUG org.apache.http.client.protocol.RequestAuthCache -- Auth cache not set in the context
10:08:58.118 [main] DEBUG org.apache.http.client.protocol.RequestTargetAuthentication -- Target auth state: UNCHALLENGED
10:08:58.118 [main] DEBUG org.apache.http.client.protocol.RequestProxyAuthentication -- Proxy auth state: UNCHALLENGED
10:08:58.118 [main] DEBUG org.apache.http.impl.client.DefaultHttpClient -- Attempt 1 to execute request
10:08:58.118 [main] DEBUG org.apache.http.impl.conn.DefaultClientConnection -- Sending request: GET /v2/user/antwan.muller HTTP/1.1
10:08:58.118 [main] DEBUG org.apache.http.wire --  >> "GET /v2/user/antwan.muller HTTP/1.1[\r][\n]"
10:08:58.118 [main] DEBUG org.apache.http.wire --  >> "Accept: */*[\r][\n]"
10:08:58.118 [main] DEBUG org.apache.http.wire --  >> "Host: petstore.swagger.io[\r][\n]"
10:08:58.118 [main] DEBUG org.apache.http.wire --  >> "Connection: Keep-Alive[\r][\n]"
10:08:58.118 [main] DEBUG org.apache.http.wire --  >> "User-Agent: Apache-HttpClient/4.5.13 (Java/25.0.1)[\r][\n]"
10:08:58.118 [main] DEBUG org.apache.http.wire --  >> "Accept-Encoding: gzip,deflate[\r][\n]"
10:08:58.118 [main] DEBUG org.apache.http.wire --  >> "[\r][\n]"
10:08:58.119 [main] DEBUG org.apache.http.headers -- >> GET /v2/user/antwan.muller HTTP/1.1
10:08:58.119 [main] DEBUG org.apache.http.headers -- >> Accept: */*
10:08:58.119 [main] DEBUG org.apache.http.headers -- >> Host: petstore.swagger.io
10:08:58.119 [main] DEBUG org.apache.http.headers -- >> Connection: Keep-Alive
10:08:58.119 [main] DEBUG org.apache.http.headers -- >> User-Agent: Apache-HttpClient/4.5.13 (Java/25.0.1)
10:08:58.119 [main] DEBUG org.apache.http.headers -- >> Accept-Encoding: gzip,deflate
10:08:58.340 [main] DEBUG org.apache.http.wire --  << "HTTP/1.1 200 OK[\r][\n]"
10:08:58.341 [main] DEBUG org.apache.http.wire --  << "Date: Fri, 18 Sep 2026 04:38:58 GMT[\r][\n]"
10:08:58.342 [main] DEBUG org.apache.http.wire --  << "Content-Type: application/json[\r][\n]"
10:08:58.342 [main] DEBUG org.apache.http.wire --  << "Transfer-Encoding: chunked[\r][\n]"
10:08:58.342 [main] DEBUG org.apache.http.wire --  << "Connection: keep-alive[\r][\n]"
10:08:58.342 [main] DEBUG org.apache.http.wire --  << "Access-Control-Allow-Origin: *[\r][\n]"
10:08:58.342 [main] DEBUG org.apache.http.wire --  << "Access-Control-Allow-Methods: GET, POST, DELETE, PUT[\r][\n]"
10:08:58.342 [main] DEBUG org.apache.http.wire --  << "Access-Control-Allow-Headers: Content-Type, api_key, Authorization[\r][\n]"
10:08:58.342 [main] DEBUG org.apache.http.wire --  << "Server: Jetty(9.2.9.v20150224)[\r][\n]"
10:08:58.342 [main] DEBUG org.apache.http.wire --  << "[\r][\n]"
10:08:58.342 [main] DEBUG org.apache.http.impl.conn.DefaultClientConnection -- Receiving response: HTTP/1.1 200 OK
10:08:58.343 [main] DEBUG org.apache.http.headers -- << HTTP/1.1 200 OK
10:08:58.343 [main] DEBUG org.apache.http.headers -- << Date: Fri, 18 Sep 2026 04:38:58 GMT
10:08:58.343 [main] DEBUG org.apache.http.headers -- << Content-Type: application/json
10:08:58.343 [main] DEBUG org.apache.http.headers -- << Transfer-Encoding: chunked
10:08:58.343 [main] DEBUG org.apache.http.headers -- << Connection: keep-alive
10:08:58.343 [main] DEBUG org.apache.http.headers -- << Access-Control-Allow-Origin: *
10:08:58.343 [main] DEBUG org.apache.http.headers -- << Access-Control-Allow-Methods: GET, POST, DELETE, PUT
10:08:58.343 [main] DEBUG org.apache.http.headers -- << Access-Control-Allow-Headers: Content-Type, api_key, Authorization
10:08:58.343 [main] DEBUG org.apache.http.headers -- << Server: Jetty(9.2.9.v20150224)
10:08:58.343 [main] DEBUG org.apache.http.impl.client.DefaultHttpClient -- Connection can be kept alive indefinitely
10:08:58.343 [main] DEBUG io.restassured.internal.RestAssuredHttpBuilder -- Parsing response as: application/json
10:08:58.344 [main] DEBUG io.restassured.internal.RestAssuredHttpBuilder -- Parsed data to instance of: class org.apache.http.conn.EofSensorInputStream
10:08:58.359 [main] DEBUG org.apache.http.wire --  << "b3[\r][\n]"
10:08:58.360 [main] DEBUG org.apache.http.wire --  << "{"id":565372776,"username":"antwan.muller","firstName":"Salley","lastName":"Ernser","email":"marco.beier@example.com","password":"adcvq23","phone":"(030) 014-6111","userStatus":0}"
10:08:58.360 [main] DEBUG org.apache.http.wire --  << "[\r][\n]"
10:08:58.361 [main] DEBUG org.apache.http.wire --  << "0[\r][\n]"
10:08:58.362 [main] DEBUG org.apache.http.wire --  << "[\r][\n]"
10:08:58.362 [main] DEBUG org.apache.http.impl.conn.BasicClientConnectionManager -- Releasing connection org.apache.http.impl.conn.ManagedClientConnectionImpl@7b9c2387
10:08:58.362 [main] DEBUG org.apache.http.impl.conn.BasicClientConnectionManager -- Connection can be kept alive indefinitely
Response Data-->{
    "id": 565372776,
    "username": "antwan.muller",
    "firstName": "Salley",
    "lastName": "Ernser",
    "email": "marco.beier@example.com",
    "password": "adcvq23",
    "phone": "(030) 014-6111",
    "userStatus": 0
}
]]></system-out>
  </testcase>
  <testcase name="updateUserInfo" classname="api.test.UserTest" time="4.258">
    <system-out><![CDATA[=========Put Request=======
10:08:58.483 [main] DEBUG org.apache.http.impl.conn.BasicClientConnectionManager -- Get connection for route {s}->https://petstore.swagger.io:443
10:08:58.484 [main] DEBUG org.apache.http.impl.conn.DefaultClientConnectionOperator -- Connecting to petstore.swagger.io:443
10:08:59.381 [main] DEBUG org.apache.http.client.protocol.RequestAddCookies -- CookieSpec selected: ignoreCookies
10:08:59.381 [main] DEBUG org.apache.http.client.protocol.RequestAuthCache -- Auth cache not set in the context
10:08:59.381 [main] DEBUG org.apache.http.client.protocol.RequestTargetAuthentication -- Target auth state: UNCHALLENGED
10:08:59.381 [main] DEBUG org.apache.http.client.protocol.RequestProxyAuthentication -- Proxy auth state: UNCHALLENGED
10:08:59.381 [main] DEBUG org.apache.http.impl.client.DefaultHttpClient -- Attempt 1 to execute request
10:08:59.381 [main] DEBUG org.apache.http.impl.conn.DefaultClientConnection -- Sending request: PUT /v2/user/antwan.muller HTTP/1.1
10:08:59.381 [main] DEBUG org.apache.http.wire --  >> "PUT /v2/user/antwan.muller HTTP/1.1[\r][\n]"
10:08:59.381 [main] DEBUG org.apache.http.wire --  >> "Accept: application/json, application/javascript, text/javascript, text/json[\r][\n]"
10:08:59.381 [main] DEBUG org.apache.http.wire --  >> "Content-Type: application/json[\r][\n]"
10:08:59.382 [main] DEBUG org.apache.http.wire --  >> "Content-Length: 181[\r][\n]"
10:08:59.382 [main] DEBUG org.apache.http.wire --  >> "Host: petstore.swagger.io[\r][\n]"
10:08:59.382 [main] DEBUG org.apache.http.wire --  >> "Connection: Keep-Alive[\r][\n]"
10:08:59.382 [main] DEBUG org.apache.http.wire --  >> "User-Agent: Apache-HttpClient/4.5.13 (Java/25.0.1)[\r][\n]"
10:08:59.382 [main] DEBUG org.apache.http.wire --  >> "Accept-Encoding: gzip,deflate[\r][\n]"
10:08:59.382 [main] DEBUG org.apache.http.wire --  >> "[\r][\n]"
10:08:59.382 [main] DEBUG org.apache.http.headers -- >> PUT /v2/user/antwan.muller HTTP/1.1
10:08:59.382 [main] DEBUG org.apache.http.headers -- >> Accept: application/json, application/javascript, text/javascript, text/json
10:08:59.382 [main] DEBUG org.apache.http.headers -- >> Content-Type: application/json
10:08:59.382 [main] DEBUG org.apache.http.headers -- >> Content-Length: 181
10:08:59.382 [main] DEBUG org.apache.http.headers -- >> Host: petstore.swagger.io
10:08:59.382 [main] DEBUG org.apache.http.headers -- >> Connection: Keep-Alive
10:08:59.383 [main] DEBUG org.apache.http.headers -- >> User-Agent: Apache-HttpClient/4.5.13 (Java/25.0.1)
10:08:59.383 [main] DEBUG org.apache.http.headers -- >> Accept-Encoding: gzip,deflate
10:08:59.383 [main] DEBUG org.apache.http.wire --  >> "{"id":565372776,"username":"antwan.muller","firstName":"Lizzette","lastName":"Ernser","email":"marco.beier@example.com","password":"adcvq23","phone":"(030) 014-6111","userStatus":0}"
10:08:59.615 [main] DEBUG org.apache.http.wire --  << "HTTP/1.1 200 OK[\r][\n]"
10:08:59.616 [main] DEBUG org.apache.http.wire --  << "Date: Fri, 18 Sep 2026 04:38:59 GMT[\r][\n]"
10:08:59.616 [main] DEBUG org.apache.http.wire --  << "Content-Type: application/json[\r][\n]"
10:08:59.618 [main] DEBUG org.apache.http.wire --  << "Transfer-Encoding: chunked[\r][\n]"
10:08:59.618 [main] DEBUG org.apache.http.wire --  << "Connection: keep-alive[\r][\n]"
10:08:59.618 [main] DEBUG org.apache.http.wire --  << "Access-Control-Allow-Origin: *[\r][\n]"
10:08:59.619 [main] DEBUG org.apache.http.wire --  << "Access-Control-Allow-Methods: GET, POST, DELETE, PUT[\r][\n]"
10:08:59.619 [main] DEBUG org.apache.http.wire --  << "Access-Control-Allow-Headers: Content-Type, api_key, Authorization[\r][\n]"
10:08:59.619 [main] DEBUG org.apache.http.wire --  << "Server: Jetty(9.2.9.v20150224)[\r][\n]"
10:08:59.619 [main] DEBUG org.apache.http.wire --  << "[\r][\n]"
10:08:59.619 [main] DEBUG org.apache.http.impl.conn.DefaultClientConnection -- Receiving response: HTTP/1.1 200 OK
10:08:59.620 [main] DEBUG org.apache.http.headers -- << HTTP/1.1 200 OK
10:08:59.628 [main] DEBUG org.apache.http.headers -- << Date: Fri, 18 Sep 2026 04:38:59 GMT
10:08:59.629 [main] DEBUG org.apache.http.headers -- << Content-Type: application/json
10:08:59.630 [main] DEBUG org.apache.http.headers -- << Transfer-Encoding: chunked
10:08:59.630 [main] DEBUG org.apache.http.headers -- << Connection: keep-alive
10:08:59.630 [main] DEBUG org.apache.http.headers -- << Access-Control-Allow-Origin: *
10:08:59.630 [main] DEBUG org.apache.http.headers -- << Access-Control-Allow-Methods: GET, POST, DELETE, PUT
10:08:59.630 [main] DEBUG org.apache.http.headers -- << Access-Control-Allow-Headers: Content-Type, api_key, Authorization
10:08:59.630 [main] DEBUG org.apache.http.headers -- << Server: Jetty(9.2.9.v20150224)
10:08:59.631 [main] DEBUG org.apache.http.impl.client.DefaultHttpClient -- Connection can be kept alive indefinitely
10:08:59.631 [main] DEBUG io.restassured.internal.RestAssuredHttpBuilder -- Parsing response as: application/json
10:08:59.631 [main] DEBUG io.restassured.internal.RestAssuredHttpBuilder -- Parsed data to instance of: class org.apache.http.conn.EofSensorInputStream
10:08:59.646 [main] DEBUG org.apache.http.wire --  << "33[\r][\n]"
10:08:59.647 [main] DEBUG org.apache.http.wire --  << "{"code":200,"type":"unknown","message":"565372776"}"
10:08:59.647 [main] DEBUG org.apache.http.wire --  << "[\r][\n]"
10:08:59.647 [main] DEBUG org.apache.http.wire --  << "0[\r][\n]"
10:08:59.647 [main] DEBUG org.apache.http.wire --  << "[\r][\n]"
10:08:59.648 [main] DEBUG org.apache.http.impl.conn.BasicClientConnectionManager -- Releasing connection org.apache.http.impl.conn.ManagedClientConnectionImpl@5dd3727c
10:08:59.648 [main] DEBUG org.apache.http.impl.conn.BasicClientConnectionManager -- Connection can be kept alive indefinitely
Body:-->{
    "code": 200,
    "type": "unknown",
    "message": "565372776"
}
10:08:59.700 [main] DEBUG org.apache.http.impl.conn.BasicClientConnectionManager -- Get connection for route {s}->https://petstore.swagger.io:443
10:08:59.700 [main] DEBUG org.apache.http.impl.conn.DefaultClientConnectionOperator -- Connecting to petstore.swagger.io:443
10:09:00.594 [main] DEBUG org.apache.http.client.protocol.RequestAddCookies -- CookieSpec selected: ignoreCookies
10:09:00.595 [main] DEBUG org.apache.http.client.protocol.RequestAuthCache -- Auth cache not set in the context
10:09:00.595 [main] DEBUG org.apache.http.client.protocol.RequestTargetAuthentication -- Target auth state: UNCHALLENGED
10:09:00.595 [main] DEBUG org.apache.http.client.protocol.RequestProxyAuthentication -- Proxy auth state: UNCHALLENGED
10:09:00.595 [main] DEBUG org.apache.http.impl.client.DefaultHttpClient -- Attempt 1 to execute request
10:09:00.595 [main] DEBUG org.apache.http.impl.conn.DefaultClientConnection -- Sending request: GET /v2/user/antwan.muller HTTP/1.1
10:09:00.595 [main] DEBUG org.apache.http.wire --  >> "GET /v2/user/antwan.muller HTTP/1.1[\r][\n]"
10:09:00.595 [main] DEBUG org.apache.http.wire --  >> "Accept: */*[\r][\n]"
10:09:00.595 [main] DEBUG org.apache.http.wire --  >> "Host: petstore.swagger.io[\r][\n]"
10:09:00.595 [main] DEBUG org.apache.http.wire --  >> "Connection: Keep-Alive[\r][\n]"
10:09:00.595 [main] DEBUG org.apache.http.wire --  >> "User-Agent: Apache-HttpClient/4.5.13 (Java/25.0.1)[\r][\n]"
10:09:00.595 [main] DEBUG org.apache.http.wire --  >> "Accept-Encoding: gzip,deflate[\r][\n]"
10:09:00.596 [main] DEBUG org.apache.http.wire --  >> "[\r][\n]"
10:09:00.596 [main] DEBUG org.apache.http.headers -- >> GET /v2/user/antwan.muller HTTP/1.1
10:09:00.596 [main] DEBUG org.apache.http.headers -- >> Accept: */*
10:09:00.596 [main] DEBUG org.apache.http.headers -- >> Host: petstore.swagger.io
10:09:00.597 [main] DEBUG org.apache.http.headers -- >> Connection: Keep-Alive
10:09:00.597 [main] DEBUG org.apache.http.headers -- >> User-Agent: Apache-HttpClient/4.5.13 (Java/25.0.1)
10:09:00.597 [main] DEBUG org.apache.http.headers -- >> Accept-Encoding: gzip,deflate
10:09:00.814 [main] DEBUG org.apache.http.wire --  << "HTTP/1.1 200 OK[\r][\n]"
10:09:00.814 [main] DEBUG org.apache.http.wire --  << "Date: Fri, 18 Sep 2026 04:39:00 GMT[\r][\n]"
10:09:00.814 [main] DEBUG org.apache.http.wire --  << "Content-Type: application/json[\r][\n]"
10:09:00.814 [main] DEBUG org.apache.http.wire --  << "Transfer-Encoding: chunked[\r][\n]"
10:09:00.814 [main] DEBUG org.apache.http.wire --  << "Connection: keep-alive[\r][\n]"
10:09:00.815 [main] DEBUG org.apache.http.wire --  << "Access-Control-Allow-Origin: *[\r][\n]"
10:09:00.815 [main] DEBUG org.apache.http.wire --  << "Access-Control-Allow-Methods: GET, POST, DELETE, PUT[\r][\n]"
10:09:00.815 [main] DEBUG org.apache.http.wire --  << "Access-Control-Allow-Headers: Content-Type, api_key, Authorization[\r][\n]"
10:09:00.815 [main] DEBUG org.apache.http.wire --  << "Server: Jetty(9.2.9.v20150224)[\r][\n]"
10:09:00.815 [main] DEBUG org.apache.http.wire --  << "[\r][\n]"
10:09:00.815 [main] DEBUG org.apache.http.impl.conn.DefaultClientConnection -- Receiving response: HTTP/1.1 200 OK
10:09:00.815 [main] DEBUG org.apache.http.headers -- << HTTP/1.1 200 OK
10:09:00.815 [main] DEBUG org.apache.http.headers -- << Date: Fri, 18 Sep 2026 04:39:00 GMT
10:09:00.815 [main] DEBUG org.apache.http.headers -- << Content-Type: application/json
10:09:00.815 [main] DEBUG org.apache.http.headers -- << Transfer-Encoding: chunked
10:09:00.815 [main] DEBUG org.apache.http.headers -- << Connection: keep-alive
10:09:00.815 [main] DEBUG org.apache.http.headers -- << Access-Control-Allow-Origin: *
10:09:00.815 [main] DEBUG org.apache.http.headers -- << Access-Control-Allow-Methods: GET, POST, DELETE, PUT
10:09:00.816 [main] DEBUG org.apache.http.headers -- << Access-Control-Allow-Headers: Content-Type, api_key, Authorization
10:09:00.816 [main] DEBUG org.apache.http.headers -- << Server: Jetty(9.2.9.v20150224)
10:09:00.816 [main] DEBUG org.apache.http.impl.client.DefaultHttpClient -- Connection can be kept alive indefinitely
10:09:00.816 [main] DEBUG io.restassured.internal.RestAssuredHttpBuilder -- Parsing response as: application/json
10:09:00.817 [main] DEBUG io.restassured.internal.RestAssuredHttpBuilder -- Parsed data to instance of: class org.apache.http.conn.EofSensorInputStream
10:09:00.819 [main] DEBUG org.apache.http.wire --  << "b5[\r][\n]"
10:09:00.819 [main] DEBUG org.apache.http.wire --  << "{"id":565372776,"username":"antwan.muller","firstName":"Lizzette","lastName":"Ernser","email":"marco.beier@example.com","password":"adcvq23","phone":"(030) 014-6111","userStatus":0}"
10:09:00.819 [main] DEBUG org.apache.http.wire --  << "[\r][\n]"
10:09:00.819 [main] DEBUG org.apache.http.wire --  << "0[\r][\n]"
10:09:00.820 [main] DEBUG org.apache.http.wire --  << "[\r][\n]"
10:09:00.820 [main] DEBUG org.apache.http.impl.conn.BasicClientConnectionManager -- Releasing connection org.apache.http.impl.conn.ManagedClientConnectionImpl@3ef46749
10:09:00.820 [main] DEBUG org.apache.http.impl.conn.BasicClientConnectionManager -- Connection can be kept alive indefinitely
Response Data-->{
    "id": 565372776,
    "username": "antwan.muller",
    "firstName": "Lizzette",
    "lastName": "Ernser",
    "email": "marco.beier@example.com",
    "password": "adcvq23",
    "phone": "(030) 014-6111",
    "userStatus": 0
}
10:09:01.082 [Finalizer] DEBUG org.apache.http.impl.conn.DefaultClientConnection -- Connection 0.0.0.0:64465<->100.50.248.27:443 closed
]]></system-out>
  </testcase>
  <testcase name="deleteUserinfo" classname="api.test.UserTest" time="2.578">
    <system-out><![CDATA[=========Delete Request=======
10:09:02.785 [main] DEBUG org.apache.http.impl.conn.BasicClientConnectionManager -- Get connection for route {s}->https://petstore.swagger.io:443
10:09:02.786 [main] DEBUG org.apache.http.impl.conn.DefaultClientConnectionOperator -- Connecting to petstore.swagger.io:443
10:09:03.679 [main] DEBUG org.apache.http.client.protocol.RequestAddCookies -- CookieSpec selected: ignoreCookies
10:09:03.679 [main] DEBUG org.apache.http.client.protocol.RequestAuthCache -- Auth cache not set in the context
10:09:03.679 [main] DEBUG org.apache.http.client.protocol.RequestTargetAuthentication -- Target auth state: UNCHALLENGED
10:09:03.679 [main] DEBUG org.apache.http.client.protocol.RequestProxyAuthentication -- Proxy auth state: UNCHALLENGED
10:09:03.679 [main] DEBUG org.apache.http.impl.client.DefaultHttpClient -- Attempt 1 to execute request
10:09:03.679 [main] DEBUG org.apache.http.impl.conn.DefaultClientConnection -- Sending request: DELETE /v2/user/antwan.muller HTTP/1.1
10:09:03.679 [main] DEBUG org.apache.http.wire --  >> "DELETE /v2/user/antwan.muller HTTP/1.1[\r][\n]"
10:09:03.679 [main] DEBUG org.apache.http.wire --  >> "Accept: */*[\r][\n]"
10:09:03.680 [main] DEBUG org.apache.http.wire --  >> "Host: petstore.swagger.io[\r][\n]"
10:09:03.680 [main] DEBUG org.apache.http.wire --  >> "Connection: Keep-Alive[\r][\n]"
10:09:03.680 [main] DEBUG org.apache.http.wire --  >> "User-Agent: Apache-HttpClient/4.5.13 (Java/25.0.1)[\r][\n]"
10:09:03.680 [main] DEBUG org.apache.http.wire --  >> "Accept-Encoding: gzip,deflate[\r][\n]"
10:09:03.680 [main] DEBUG org.apache.http.wire --  >> "[\r][\n]"
10:09:03.680 [main] DEBUG org.apache.http.headers -- >> DELETE /v2/user/antwan.muller HTTP/1.1
10:09:03.680 [main] DEBUG org.apache.http.headers -- >> Accept: */*
10:09:03.680 [main] DEBUG org.apache.http.headers -- >> Host: petstore.swagger.io
10:09:03.680 [main] DEBUG org.apache.http.headers -- >> Connection: Keep-Alive
10:09:03.680 [main] DEBUG org.apache.http.headers -- >> User-Agent: Apache-HttpClient/4.5.13 (Java/25.0.1)
10:09:03.682 [main] DEBUG org.apache.http.headers -- >> Accept-Encoding: gzip,deflate
10:09:03.903 [main] DEBUG org.apache.http.wire --  << "HTTP/1.1 200 OK[\r][\n]"
10:09:03.904 [main] DEBUG org.apache.http.wire --  << "Date: Fri, 18 Sep 2026 04:39:03 GMT[\r][\n]"
10:09:03.906 [main] DEBUG org.apache.http.wire --  << "Content-Type: application/json[\r][\n]"
10:09:03.907 [main] DEBUG org.apache.http.wire --  << "Transfer-Encoding: chunked[\r][\n]"
10:09:03.908 [main] DEBUG org.apache.http.wire --  << "Connection: keep-alive[\r][\n]"
10:09:03.908 [main] DEBUG org.apache.http.wire --  << "Access-Control-Allow-Origin: *[\r][\n]"
10:09:03.908 [main] DEBUG org.apache.http.wire --  << "Access-Control-Allow-Methods: GET, POST, DELETE, PUT[\r][\n]"
10:09:03.908 [main] DEBUG org.apache.http.wire --  << "Access-Control-Allow-Headers: Content-Type, api_key, Authorization[\r][\n]"
10:09:03.909 [main] DEBUG org.apache.http.wire --  << "Server: Jetty(9.2.9.v20150224)[\r][\n]"
10:09:03.909 [main] DEBUG org.apache.http.wire --  << "[\r][\n]"
10:09:03.909 [main] DEBUG org.apache.http.impl.conn.DefaultClientConnection -- Receiving response: HTTP/1.1 200 OK
10:09:03.909 [main] DEBUG org.apache.http.headers -- << HTTP/1.1 200 OK
10:09:03.909 [main] DEBUG org.apache.http.headers -- << Date: Fri, 18 Sep 2026 04:39:03 GMT
10:09:03.909 [main] DEBUG org.apache.http.headers -- << Content-Type: application/json
10:09:03.909 [main] DEBUG org.apache.http.headers -- << Transfer-Encoding: chunked
10:09:03.909 [main] DEBUG org.apache.http.headers -- << Connection: keep-alive
10:09:03.909 [main] DEBUG org.apache.http.headers -- << Access-Control-Allow-Origin: *
10:09:03.909 [main] DEBUG org.apache.http.headers -- << Access-Control-Allow-Methods: GET, POST, DELETE, PUT
10:09:03.910 [main] DEBUG org.apache.http.headers -- << Access-Control-Allow-Headers: Content-Type, api_key, Authorization
10:09:03.910 [main] DEBUG org.apache.http.headers -- << Server: Jetty(9.2.9.v20150224)
10:09:03.910 [main] DEBUG org.apache.http.impl.client.DefaultHttpClient -- Connection can be kept alive indefinitely
10:09:03.910 [main] DEBUG io.restassured.internal.RestAssuredHttpBuilder -- Parsing response as: application/json
10:09:03.910 [main] DEBUG io.restassured.internal.RestAssuredHttpBuilder -- Parsed data to instance of: class org.apache.http.conn.EofSensorInputStream
10:09:04.011 [main] DEBUG org.apache.http.impl.conn.BasicClientConnectionManager -- Get connection for route {s}->https://petstore.swagger.io:443
10:09:04.012 [main] DEBUG org.apache.http.impl.conn.DefaultClientConnectionOperator -- Connecting to petstore.swagger.io:443
10:09:04.931 [main] DEBUG org.apache.http.client.protocol.RequestAddCookies -- CookieSpec selected: ignoreCookies
10:09:04.931 [main] DEBUG org.apache.http.client.protocol.RequestAuthCache -- Auth cache not set in the context
10:09:04.931 [main] DEBUG org.apache.http.client.protocol.RequestTargetAuthentication -- Target auth state: UNCHALLENGED
10:09:04.931 [main] DEBUG org.apache.http.client.protocol.RequestProxyAuthentication -- Proxy auth state: UNCHALLENGED
10:09:04.931 [main] DEBUG org.apache.http.impl.client.DefaultHttpClient -- Attempt 1 to execute request
10:09:04.931 [main] DEBUG org.apache.http.impl.conn.DefaultClientConnection -- Sending request: GET /v2/user/antwan.muller HTTP/1.1
10:09:04.931 [main] DEBUG org.apache.http.wire --  >> "GET /v2/user/antwan.muller HTTP/1.1[\r][\n]"
10:09:04.931 [main] DEBUG org.apache.http.wire --  >> "Accept: */*[\r][\n]"
10:09:04.931 [main] DEBUG org.apache.http.wire --  >> "Host: petstore.swagger.io[\r][\n]"
10:09:04.931 [main] DEBUG org.apache.http.wire --  >> "Connection: Keep-Alive[\r][\n]"
10:09:04.931 [main] DEBUG org.apache.http.wire --  >> "User-Agent: Apache-HttpClient/4.5.13 (Java/25.0.1)[\r][\n]"
10:09:04.931 [main] DEBUG org.apache.http.wire --  >> "Accept-Encoding: gzip,deflate[\r][\n]"
10:09:04.931 [main] DEBUG org.apache.http.wire --  >> "[\r][\n]"
10:09:04.932 [main] DEBUG org.apache.http.headers -- >> GET /v2/user/antwan.muller HTTP/1.1
10:09:04.932 [main] DEBUG org.apache.http.headers -- >> Accept: */*
10:09:04.932 [main] DEBUG org.apache.http.headers -- >> Host: petstore.swagger.io
10:09:04.932 [main] DEBUG org.apache.http.headers -- >> Connection: Keep-Alive
10:09:04.932 [main] DEBUG org.apache.http.headers -- >> User-Agent: Apache-HttpClient/4.5.13 (Java/25.0.1)
10:09:04.932 [main] DEBUG org.apache.http.headers -- >> Accept-Encoding: gzip,deflate
10:09:05.178 [main] DEBUG org.apache.http.wire --  << "HTTP/1.1 404 Not Found[\r][\n]"
10:09:05.178 [main] DEBUG org.apache.http.wire --  << "Date: Fri, 18 Sep 2026 04:39:05 GMT[\r][\n]"
10:09:05.178 [main] DEBUG org.apache.http.wire --  << "Content-Type: application/json[\r][\n]"
10:09:05.178 [main] DEBUG org.apache.http.wire --  << "Transfer-Encoding: chunked[\r][\n]"
10:09:05.179 [main] DEBUG org.apache.http.wire --  << "Connection: keep-alive[\r][\n]"
10:09:05.179 [main] DEBUG org.apache.http.wire --  << "Access-Control-Allow-Origin: *[\r][\n]"
10:09:05.179 [main] DEBUG org.apache.http.wire --  << "Access-Control-Allow-Methods: GET, POST, DELETE, PUT[\r][\n]"
10:09:05.179 [main] DEBUG org.apache.http.wire --  << "Access-Control-Allow-Headers: Content-Type, api_key, Authorization[\r][\n]"
10:09:05.179 [main] DEBUG org.apache.http.wire --  << "Server: Jetty(9.2.9.v20150224)[\r][\n]"
10:09:05.179 [main] DEBUG org.apache.http.wire --  << "[\r][\n]"
10:09:05.179 [main] DEBUG org.apache.http.impl.conn.DefaultClientConnection -- Receiving response: HTTP/1.1 404 Not Found
10:09:05.179 [main] DEBUG org.apache.http.headers -- << HTTP/1.1 404 Not Found
10:09:05.179 [main] DEBUG org.apache.http.headers -- << Date: Fri, 18 Sep 2026 04:39:05 GMT
10:09:05.179 [main] DEBUG org.apache.http.headers -- << Content-Type: application/json
10:09:05.179 [main] DEBUG org.apache.http.headers -- << Transfer-Encoding: chunked
10:09:05.179 [main] DEBUG org.apache.http.headers -- << Connection: keep-alive
10:09:05.179 [main] DEBUG org.apache.http.headers -- << Access-Control-Allow-Origin: *
10:09:05.179 [main] DEBUG org.apache.http.headers -- << Access-Control-Allow-Methods: GET, POST, DELETE, PUT
10:09:05.179 [main] DEBUG org.apache.http.headers -- << Access-Control-Allow-Headers: Content-Type, api_key, Authorization
10:09:05.179 [main] DEBUG org.apache.http.headers -- << Server: Jetty(9.2.9.v20150224)
10:09:05.179 [main] DEBUG org.apache.http.impl.client.DefaultHttpClient -- Connection can be kept alive indefinitely
10:09:05.179 [main] DEBUG io.restassured.internal.RestAssuredHttpBuilder -- Parsing response as: application/json
10:09:05.179 [main] DEBUG io.restassured.internal.RestAssuredHttpBuilder -- Parsed data to instance of: class org.apache.http.conn.EofSensorInputStream
10:09:05.181 [main] DEBUG org.apache.http.wire --  << "34[\r][\n]"
10:09:05.181 [main] DEBUG org.apache.http.wire --  << "{"code":1,"type":"error","message":"User not found"}"
10:09:05.181 [main] DEBUG org.apache.http.wire --  << "[\r][\n]"
10:09:05.182 [main] DEBUG org.apache.http.wire --  << "0[\r][\n]"
10:09:05.182 [main] DEBUG org.apache.http.wire --  << "[\r][\n]"
10:09:05.182 [main] DEBUG org.apache.http.impl.conn.BasicClientConnectionManager -- Releasing connection org.apache.http.impl.conn.ManagedClientConnectionImpl@6b71e98f
10:09:05.182 [main] DEBUG org.apache.http.impl.conn.BasicClientConnectionManager -- Connection can be kept alive indefinitely
user Body-->{
    "code": 1,
    "type": "error",
    "message": "User not found"
}
]]></system-out>
  </testcase>
</testsuite>