<?xml version="1.0" encoding="UTF-8"?>
<testsuite xmlns:xsi="http://www.w3.org/2001/XMLSchema-instance" xsi:noNamespaceSchemaLocation="https://maven.apache.org/surefire/maven-surefire-plugin/xsd/surefire-test-report.xsd" version="3.0.2" name="api.test.MultipleUser" time="45.588" tests="27" errors="0" skipped="0" failures="18">
  <properties>
[...]
</properties>
  <testcase name="createsMultipleUsers[1001, jsmith, John, Smith, jsmith@example.com, K#92vL!84m, +1-555-0143, 1](1)" classname="api.test.MultipleUser" time="6.947">
    <system-out><![CDATA[2026-09-15T06:23:25.522498900Z main ERROR Log4j API could not find a logging provider.
11:53:33.403 [main] DEBUG org.apache.http.impl.conn.BasicClientConnectionManager -- Get connection for route {s}->https://petstore.swagger.io:443
11:53:33.464 [main] DEBUG org.apache.http.impl.conn.DefaultClientConnectionOperator -- Connecting to petstore.swagger.io:443
11:53:35.909 [main] DEBUG org.apache.http.client.protocol.RequestAddCookies -- CookieSpec selected: ignoreCookies
11:53:35.910 [main] DEBUG org.apache.http.client.protocol.RequestAuthCache -- Auth cache not set in the context
11:53:35.910 [main] DEBUG org.apache.http.client.protocol.RequestTargetAuthentication -- Target auth state: UNCHALLENGED
11:53:35.911 [main] DEBUG org.apache.http.client.protocol.RequestProxyAuthentication -- Proxy auth state: UNCHALLENGED
11:53:35.911 [main] DEBUG org.apache.http.impl.client.DefaultHttpClient -- Attempt 1 to execute request
11:53:35.911 [main] DEBUG org.apache.http.impl.conn.DefaultClientConnection -- Sending request: POST /v2/user HTTP/1.1
11:53:35.911 [main] DEBUG org.apache.http.wire --  >> "POST /v2/user HTTP/1.1[\r][\n]"
11:53:35.912 [main] DEBUG org.apache.http.wire --  >> "Accept: application/json, application/javascript, text/javascript, text/json[\r][\n]"
11:53:35.912 [main] DEBUG org.apache.http.wire --  >> "Content-Type: application/json[\r][\n]"
11:53:35.912 [main] DEBUG org.apache.http.wire --  >> "Content-Length: 159[\r][\n]"
11:53:35.912 [main] DEBUG org.apache.http.wire --  >> "Host: petstore.swagger.io[\r][\n]"
11:53:35.912 [main] DEBUG org.apache.http.wire --  >> "Connection: Keep-Alive[\r][\n]"
11:53:35.912 [main] DEBUG org.apache.http.wire --  >> "User-Agent: Apache-HttpClient/4.5.13 (Java/25.0.1)[\r][\n]"
11:53:35.912 [main] DEBUG org.apache.http.wire --  >> "Accept-Encoding: gzip,deflate[\r][\n]"
11:53:35.912 [main] DEBUG org.apache.http.wire --  >> "[\r][\n]"
11:53:35.913 [main] DEBUG org.apache.http.headers -- >> POST /v2/user HTTP/1.1
11:53:35.913 [main] DEBUG org.apache.http.headers -- >> Accept: application/json, application/javascript, text/javascript, text/json
11:53:35.913 [main] DEBUG org.apache.http.headers -- >> Content-Type: application/json
11:53:35.913 [main] DEBUG org.apache.http.headers -- >> Content-Length: 159
11:53:35.913 [main] DEBUG org.apache.http.headers -- >> Host: petstore.swagger.io
11:53:35.913 [main] DEBUG org.apache.http.headers -- >> Connection: Keep-Alive
11:53:35.913 [main] DEBUG org.apache.http.headers -- >> User-Agent: Apache-HttpClient/4.5.13 (Java/25.0.1)
11:53:35.913 [main] DEBUG org.apache.http.headers -- >> Accept-Encoding: gzip,deflate
11:53:35.913 [main] DEBUG org.apache.http.wire --  >> "{"id":1001,"username":"jsmith","firstName":"John","lastName":"Smith","email":"jsmith@example.com","password":"K#92vL!84m","phone":"+1-555-0143","userStatus":1}"
11:53:36.368 [main] DEBUG org.apache.http.wire --  << "HTTP/1.1 200 OK[\r][\n]"
11:53:36.372 [main] DEBUG org.apache.http.wire --  << "Date: Tue, 15 Sep 2026 06:23:35 GMT[\r][\n]"
11:53:36.372 [main] DEBUG org.apache.http.wire --  << "Content-Type: application/json[\r][\n]"
11:53:36.372 [main] DEBUG org.apache.http.wire --  << "Transfer-Encoding: chunked[\r][\n]"
11:53:36.372 [main] DEBUG org.apache.http.wire --  << "Connection: keep-alive[\r][\n]"
11:53:36.373 [main] DEBUG org.apache.http.wire --  << "Access-Control-Allow-Origin: *[\r][\n]"
11:53:36.373 [main] DEBUG org.apache.http.wire --  << "Access-Control-Allow-Methods: GET, POST, DELETE, PUT[\r][\n]"
11:53:36.373 [main] DEBUG org.apache.http.wire --  << "Access-Control-Allow-Headers: Content-Type, api_key, Authorization[\r][\n]"
11:53:36.373 [main] DEBUG org.apache.http.wire --  << "Server: Jetty(9.2.9.v20150224)[\r][\n]"
11:53:36.373 [main] DEBUG org.apache.http.wire --  << "[\r][\n]"
11:53:36.374 [main] DEBUG org.apache.http.impl.conn.DefaultClientConnection -- Receiving response: HTTP/1.1 200 OK
11:53:36.375 [main] DEBUG org.apache.http.headers -- << HTTP/1.1 200 OK
11:53:36.375 [main] DEBUG org.apache.http.headers -- << Date: Tue, 15 Sep 2026 06:23:35 GMT
11:53:36.375 [main] DEBUG org.apache.http.headers -- << Content-Type: application/json
11:53:36.375 [main] DEBUG org.apache.http.headers -- << Transfer-Encoding: chunked
11:53:36.375 [main] DEBUG org.apache.http.headers -- << Connection: keep-alive
11:53:36.375 [main] DEBUG org.apache.http.headers -- << Access-Control-Allow-Origin: *
11:53:36.376 [main] DEBUG org.apache.http.headers -- << Access-Control-Allow-Methods: GET, POST, DELETE, PUT
11:53:36.376 [main] DEBUG org.apache.http.headers -- << Access-Control-Allow-Headers: Content-Type, api_key, Authorization
11:53:36.376 [main] DEBUG org.apache.http.headers -- << Server: Jetty(9.2.9.v20150224)
11:53:36.389 [main] DEBUG org.apache.http.impl.client.DefaultHttpClient -- Connection can be kept alive indefinitely
11:53:36.410 [main] DEBUG io.restassured.internal.RestAssuredHttpBuilder -- Parsing response as: application/json
11:53:36.410 [main] DEBUG io.restassured.internal.RestAssuredHttpBuilder -- Parsed data to instance of: class org.apache.http.conn.EofSensorInputStream
]]></system-out>
  </testcase>
  <testcase name="createsMultipleUsers[1002, erodriguez, Elena, Rodriguez, erodriguez@example.com, Tr0ub4dor&amp;3, +1-555-0182, 1](2)" classname="api.test.MultipleUser" time="2.224">
    <system-out><![CDATA[11:53:36.497 [main] DEBUG org.apache.http.impl.conn.BasicClientConnectionManager -- Get connection for route {s}->https://petstore.swagger.io:443
11:53:36.497 [main] DEBUG org.apache.http.impl.conn.DefaultClientConnectionOperator -- Connecting to petstore.swagger.io:443
11:53:38.424 [main] DEBUG org.apache.http.client.protocol.RequestAddCookies -- CookieSpec selected: ignoreCookies
11:53:38.424 [main] DEBUG org.apache.http.client.protocol.RequestAuthCache -- Auth cache not set in the context
11:53:38.424 [main] DEBUG org.apache.http.client.protocol.RequestTargetAuthentication -- Target auth state: UNCHALLENGED
11:53:38.425 [main] DEBUG org.apache.http.client.protocol.RequestProxyAuthentication -- Proxy auth state: UNCHALLENGED
11:53:38.425 [main] DEBUG org.apache.http.impl.client.DefaultHttpClient -- Attempt 1 to execute request
11:53:38.425 [main] DEBUG org.apache.http.impl.conn.DefaultClientConnection -- Sending request: POST /v2/user HTTP/1.1
11:53:38.425 [main] DEBUG org.apache.http.wire --  >> "POST /v2/user HTTP/1.1[\r][\n]"
11:53:38.426 [main] DEBUG org.apache.http.wire --  >> "Accept: application/json, application/javascript, text/javascript, text/json[\r][\n]"
11:53:38.426 [main] DEBUG org.apache.http.wire --  >> "Content-Type: application/json[\r][\n]"
11:53:38.426 [main] DEBUG org.apache.http.wire --  >> "Content-Length: 173[\r][\n]"
11:53:38.427 [main] DEBUG org.apache.http.wire --  >> "Host: petstore.swagger.io[\r][\n]"
11:53:38.427 [main] DEBUG org.apache.http.wire --  >> "Connection: Keep-Alive[\r][\n]"
11:53:38.427 [main] DEBUG org.apache.http.wire --  >> "User-Agent: Apache-HttpClient/4.5.13 (Java/25.0.1)[\r][\n]"
11:53:38.428 [main] DEBUG org.apache.http.wire --  >> "Accept-Encoding: gzip,deflate[\r][\n]"
11:53:38.428 [main] DEBUG org.apache.http.wire --  >> "[\r][\n]"
11:53:38.428 [main] DEBUG org.apache.http.headers -- >> POST /v2/user HTTP/1.1
11:53:38.428 [main] DEBUG org.apache.http.headers -- >> Accept: application/json, application/javascript, text/javascript, text/json
11:53:38.429 [main] DEBUG org.apache.http.headers -- >> Content-Type: application/json
11:53:38.429 [main] DEBUG org.apache.http.headers -- >> Content-Length: 173
11:53:38.430 [main] DEBUG org.apache.http.headers -- >> Host: petstore.swagger.io
11:53:38.430 [main] DEBUG org.apache.http.headers -- >> Connection: Keep-Alive
11:53:38.430 [main] DEBUG org.apache.http.headers -- >> User-Agent: Apache-HttpClient/4.5.13 (Java/25.0.1)
11:53:38.430 [main] DEBUG org.apache.http.headers -- >> Accept-Encoding: gzip,deflate
11:53:38.431 [main] DEBUG org.apache.http.wire --  >> "{"id":1002,"username":"erodriguez","firstName":"Elena","lastName":"Rodriguez","email":"erodriguez@example.com","password":"Tr0ub4dor&3","phone":"+1-555-0182","userStatus":1}"
11:53:38.656 [main] DEBUG org.apache.http.wire --  << "HTTP/1.1 200 OK[\r][\n]"
11:53:38.656 [main] DEBUG org.apache.http.wire --  << "Date: Tue, 15 Sep 2026 06:23:38 GMT[\r][\n]"
11:53:38.656 [main] DEBUG org.apache.http.wire --  << "Content-Type: application/json[\r][\n]"
11:53:38.657 [main] DEBUG org.apache.http.wire --  << "Transfer-Encoding: chunked[\r][\n]"
11:53:38.657 [main] DEBUG org.apache.http.wire --  << "Connection: keep-alive[\r][\n]"
11:53:38.657 [main] DEBUG org.apache.http.wire --  << "Access-Control-Allow-Origin: *[\r][\n]"
11:53:38.657 [main] DEBUG org.apache.http.wire --  << "Access-Control-Allow-Methods: GET, POST, DELETE, PUT[\r][\n]"
11:53:38.658 [main] DEBUG org.apache.http.wire --  << "Access-Control-Allow-Headers: Content-Type, api_key, Authorization[\r][\n]"
11:53:38.658 [main] DEBUG org.apache.http.wire --  << "Server: Jetty(9.2.9.v20150224)[\r][\n]"
11:53:38.658 [main] DEBUG org.apache.http.wire --  << "[\r][\n]"
11:53:38.658 [main] DEBUG org.apache.http.impl.conn.DefaultClientConnection -- Receiving response: HTTP/1.1 200 OK
11:53:38.658 [main] DEBUG org.apache.http.headers -- << HTTP/1.1 200 OK
11:53:38.659 [main] DEBUG org.apache.http.headers -- << Date: Tue, 15 Sep 2026 06:23:38 GMT
11:53:38.659 [main] DEBUG org.apache.http.headers -- << Content-Type: application/json
11:53:38.659 [main] DEBUG org.apache.http.headers -- << Transfer-Encoding: chunked
11:53:38.659 [main] DEBUG org.apache.http.headers -- << Connection: keep-alive
11:53:38.659 [main] DEBUG org.apache.http.headers -- << Access-Control-Allow-Origin: *
11:53:38.659 [main] DEBUG org.apache.http.headers -- << Access-Control-Allow-Methods: GET, POST, DELETE, PUT
11:53:38.660 [main] DEBUG org.apache.http.headers -- << Access-Control-Allow-Headers: Content-Type, api_key, Authorization
11:53:38.660 [main] DEBUG org.apache.http.headers -- << Server: Jetty(9.2.9.v20150224)
11:53:38.660 [main] DEBUG org.apache.http.impl.client.DefaultHttpClient -- Connection can be kept alive indefinitely
11:53:38.661 [main] DEBUG io.restassured.internal.RestAssuredHttpBuilder -- Parsing response as: application/json
11:53:38.661 [main] DEBUG io.restassured.internal.RestAssuredHttpBuilder -- Parsed data to instance of: class org.apache.http.conn.EofSensorInputStream
]]></system-out>
  </testcase>
  <testcase name="createsMultipleUsers[1003, mchen, Michael, Chen, mchen@example.com, C#3n!S3cur3, +1-555-0199, 1](3)" classname="api.test.MultipleUser" time="1.164">
    <system-out><![CDATA[11:53:38.713 [main] DEBUG org.apache.http.impl.conn.BasicClientConnectionManager -- Get connection for route {s}->https://petstore.swagger.io:443
11:53:38.713 [main] DEBUG org.apache.http.impl.conn.DefaultClientConnectionOperator -- Connecting to petstore.swagger.io:443
11:53:39.594 [main] DEBUG org.apache.http.client.protocol.RequestAddCookies -- CookieSpec selected: ignoreCookies
11:53:39.594 [main] DEBUG org.apache.http.client.protocol.RequestAuthCache -- Auth cache not set in the context
11:53:39.595 [main] DEBUG org.apache.http.client.protocol.RequestTargetAuthentication -- Target auth state: UNCHALLENGED
11:53:39.595 [main] DEBUG org.apache.http.client.protocol.RequestProxyAuthentication -- Proxy auth state: UNCHALLENGED
11:53:39.595 [main] DEBUG org.apache.http.impl.client.DefaultHttpClient -- Attempt 1 to execute request
11:53:39.595 [main] DEBUG org.apache.http.impl.conn.DefaultClientConnection -- Sending request: POST /v2/user HTTP/1.1
11:53:39.595 [main] DEBUG org.apache.http.wire --  >> "POST /v2/user HTTP/1.1[\r][\n]"
11:53:39.595 [main] DEBUG org.apache.http.wire --  >> "Accept: application/json, application/javascript, text/javascript, text/json[\r][\n]"
11:53:39.596 [main] DEBUG org.apache.http.wire --  >> "Content-Type: application/json[\r][\n]"
11:53:39.596 [main] DEBUG org.apache.http.wire --  >> "Content-Length: 160[\r][\n]"
11:53:39.596 [main] DEBUG org.apache.http.wire --  >> "Host: petstore.swagger.io[\r][\n]"
11:53:39.596 [main] DEBUG org.apache.http.wire --  >> "Connection: Keep-Alive[\r][\n]"
11:53:39.596 [main] DEBUG org.apache.http.wire --  >> "User-Agent: Apache-HttpClient/4.5.13 (Java/25.0.1)[\r][\n]"
11:53:39.596 [main] DEBUG org.apache.http.wire --  >> "Accept-Encoding: gzip,deflate[\r][\n]"
11:53:39.596 [main] DEBUG org.apache.http.wire --  >> "[\r][\n]"
11:53:39.596 [main] DEBUG org.apache.http.headers -- >> POST /v2/user HTTP/1.1
11:53:39.596 [main] DEBUG org.apache.http.headers -- >> Accept: application/json, application/javascript, text/javascript, text/json
11:53:39.596 [main] DEBUG org.apache.http.headers -- >> Content-Type: application/json
11:53:39.596 [main] DEBUG org.apache.http.headers -- >> Content-Length: 160
11:53:39.596 [main] DEBUG org.apache.http.headers -- >> Host: petstore.swagger.io
11:53:39.596 [main] DEBUG org.apache.http.headers -- >> Connection: Keep-Alive
11:53:39.596 [main] DEBUG org.apache.http.headers -- >> User-Agent: Apache-HttpClient/4.5.13 (Java/25.0.1)
11:53:39.596 [main] DEBUG org.apache.http.headers -- >> Accept-Encoding: gzip,deflate
11:53:39.597 [main] DEBUG org.apache.http.wire --  >> "{"id":1003,"username":"mchen","firstName":"Michael","lastName":"Chen","email":"mchen@example.com","password":"C#3n!S3cur3","phone":"+1-555-0199","userStatus":1}"
11:53:39.811 [main] DEBUG org.apache.http.wire --  << "HTTP/1.1 200 OK[\r][\n]"
11:53:39.811 [main] DEBUG org.apache.http.wire --  << "Date: Tue, 15 Sep 2026 06:23:39 GMT[\r][\n]"
11:53:39.811 [main] DEBUG org.apache.http.wire --  << "Content-Type: application/json[\r][\n]"
11:53:39.811 [main] DEBUG org.apache.http.wire --  << "Transfer-Encoding: chunked[\r][\n]"
11:53:39.811 [main] DEBUG org.apache.http.wire --  << "Connection: keep-alive[\r][\n]"
11:53:39.811 [main] DEBUG org.apache.http.wire --  << "Access-Control-Allow-Origin: *[\r][\n]"
11:53:39.812 [main] DEBUG org.apache.http.wire --  << "Access-Control-Allow-Methods: GET, POST, DELETE, PUT[\r][\n]"
11:53:39.812 [main] DEBUG org.apache.http.wire --  << "Access-Control-Allow-Headers: Content-Type, api_key, Authorization[\r][\n]"
11:53:39.812 [main] DEBUG org.apache.http.wire --  << "Server: Jetty(9.2.9.v20150224)[\r][\n]"
11:53:39.812 [main] DEBUG org.apache.http.wire --  << "[\r][\n]"
11:53:39.812 [main] DEBUG org.apache.http.impl.conn.DefaultClientConnection -- Receiving response: HTTP/1.1 200 OK
11:53:39.812 [main] DEBUG org.apache.http.headers -- << HTTP/1.1 200 OK
11:53:39.812 [main] DEBUG org.apache.http.headers -- << Date: Tue, 15 Sep 2026 06:23:39 GMT
11:53:39.812 [main] DEBUG org.apache.http.headers -- << Content-Type: application/json
11:53:39.812 [main] DEBUG org.apache.http.headers -- << Transfer-Encoding: chunked
11:53:39.812 [main] DEBUG org.apache.http.headers -- << Connection: keep-alive
11:53:39.812 [main] DEBUG org.apache.http.headers -- << Access-Control-Allow-Origin: *
11:53:39.812 [main] DEBUG org.apache.http.headers -- << Access-Control-Allow-Methods: GET, POST, DELETE, PUT
11:53:39.812 [main] DEBUG org.apache.http.headers -- << Access-Control-Allow-Headers: Content-Type, api_key, Authorization
11:53:39.812 [main] DEBUG org.apache.http.headers -- << Server: Jetty(9.2.9.v20150224)
11:53:39.812 [main] DEBUG org.apache.http.impl.client.DefaultHttpClient -- Connection can be kept alive indefinitely
11:53:39.812 [main] DEBUG io.restassured.internal.RestAssuredHttpBuilder -- Parsing response as: application/json
11:53:39.813 [main] DEBUG io.restassured.internal.RestAssuredHttpBuilder -- Parsed data to instance of: class org.apache.http.conn.EofSensorInputStream
]]></system-out>
  </testcase>
  <testcase name="createsMultipleUsers[1004, akumar, Amit, Kumar, akumar@example.com, K!m@r2026x, +1-555-0128, 0](4)" classname="api.test.MultipleUser" time="1.158">
    <system-out><![CDATA[11:53:39.855 [main] DEBUG org.apache.http.impl.conn.BasicClientConnectionManager -- Get connection for route {s}->https://petstore.swagger.io:443
11:53:39.856 [main] DEBUG org.apache.http.impl.conn.DefaultClientConnectionOperator -- Connecting to petstore.swagger.io:443
11:53:40.736 [main] DEBUG org.apache.http.client.protocol.RequestAddCookies -- CookieSpec selected: ignoreCookies
11:53:40.736 [main] DEBUG org.apache.http.client.protocol.RequestAuthCache -- Auth cache not set in the context
11:53:40.736 [main] DEBUG org.apache.http.client.protocol.RequestTargetAuthentication -- Target auth state: UNCHALLENGED
11:53:40.736 [main] DEBUG org.apache.http.client.protocol.RequestProxyAuthentication -- Proxy auth state: UNCHALLENGED
11:53:40.736 [main] DEBUG org.apache.http.impl.client.DefaultHttpClient -- Attempt 1 to execute request
11:53:40.736 [main] DEBUG org.apache.http.impl.conn.DefaultClientConnection -- Sending request: POST /v2/user HTTP/1.1
11:53:40.736 [main] DEBUG org.apache.http.wire --  >> "POST /v2/user HTTP/1.1[\r][\n]"
11:53:40.736 [main] DEBUG org.apache.http.wire --  >> "Accept: application/json, application/javascript, text/javascript, text/json[\r][\n]"
11:53:40.736 [main] DEBUG org.apache.http.wire --  >> "Content-Type: application/json[\r][\n]"
11:53:40.736 [main] DEBUG org.apache.http.wire --  >> "Content-Length: 159[\r][\n]"
11:53:40.737 [main] DEBUG org.apache.http.wire --  >> "Host: petstore.swagger.io[\r][\n]"
11:53:40.737 [main] DEBUG org.apache.http.wire --  >> "Connection: Keep-Alive[\r][\n]"
11:53:40.737 [main] DEBUG org.apache.http.wire --  >> "User-Agent: Apache-HttpClient/4.5.13 (Java/25.0.1)[\r][\n]"
11:53:40.737 [main] DEBUG org.apache.http.wire --  >> "Accept-Encoding: gzip,deflate[\r][\n]"
11:53:40.737 [main] DEBUG org.apache.http.wire --  >> "[\r][\n]"
11:53:40.737 [main] DEBUG org.apache.http.headers -- >> POST /v2/user HTTP/1.1
11:53:40.737 [main] DEBUG org.apache.http.headers -- >> Accept: application/json, application/javascript, text/javascript, text/json
11:53:40.737 [main] DEBUG org.apache.http.headers -- >> Content-Type: application/json
11:53:40.737 [main] DEBUG org.apache.http.headers -- >> Content-Length: 159
11:53:40.737 [main] DEBUG org.apache.http.headers -- >> Host: petstore.swagger.io
11:53:40.737 [main] DEBUG org.apache.http.headers -- >> Connection: Keep-Alive
11:53:40.737 [main] DEBUG org.apache.http.headers -- >> User-Agent: Apache-HttpClient/4.5.13 (Java/25.0.1)
11:53:40.737 [main] DEBUG org.apache.http.headers -- >> Accept-Encoding: gzip,deflate
11:53:40.737 [main] DEBUG org.apache.http.wire --  >> "{"id":1004,"username":"akumar","firstName":"Amit","lastName":"Kumar","email":"akumar@example.com","password":"K!m@r2026x","phone":"+1-555-0128","userStatus":0}"
11:53:40.952 [main] DEBUG org.apache.http.wire --  << "HTTP/1.1 200 OK[\r][\n]"
11:53:40.953 [main] DEBUG org.apache.http.wire --  << "Date: Tue, 15 Sep 2026 06:23:40 GMT[\r][\n]"
11:53:40.953 [main] DEBUG org.apache.http.wire --  << "Content-Type: application/json[\r][\n]"
11:53:40.954 [main] DEBUG org.apache.http.wire --  << "Transfer-Encoding: chunked[\r][\n]"
11:53:40.954 [main] DEBUG org.apache.http.wire --  << "Connection: keep-alive[\r][\n]"
11:53:40.954 [main] DEBUG org.apache.http.wire --  << "Access-Control-Allow-Origin: *[\r][\n]"
11:53:40.954 [main] DEBUG org.apache.http.wire --  << "Access-Control-Allow-Methods: GET, POST, DELETE, PUT[\r][\n]"
11:53:40.955 [main] DEBUG org.apache.http.wire --  << "Access-Control-Allow-Headers: Content-Type, api_key, Authorization[\r][\n]"
11:53:40.955 [main] DEBUG org.apache.http.wire --  << "Server: Jetty(9.2.9.v20150224)[\r][\n]"
11:53:40.955 [main] DEBUG org.apache.http.wire --  << "[\r][\n]"
11:53:40.956 [main] DEBUG org.apache.http.impl.conn.DefaultClientConnection -- Receiving response: HTTP/1.1 200 OK
11:53:40.956 [main] DEBUG org.apache.http.headers -- << HTTP/1.1 200 OK
11:53:40.956 [main] DEBUG org.apache.http.headers -- << Date: Tue, 15 Sep 2026 06:23:40 GMT
11:53:40.957 [main] DEBUG org.apache.http.headers -- << Content-Type: application/json
11:53:40.957 [main] DEBUG org.apache.http.headers -- << Transfer-Encoding: chunked
11:53:40.957 [main] DEBUG org.apache.http.headers -- << Connection: keep-alive
11:53:40.957 [main] DEBUG org.apache.http.headers -- << Access-Control-Allow-Origin: *
11:53:40.957 [main] DEBUG org.apache.http.headers -- << Access-Control-Allow-Methods: GET, POST, DELETE, PUT
11:53:40.957 [main] DEBUG org.apache.http.headers -- << Access-Control-Allow-Headers: Content-Type, api_key, Authorization
11:53:40.958 [main] DEBUG org.apache.http.headers -- << Server: Jetty(9.2.9.v20150224)
11:53:40.959 [main] DEBUG org.apache.http.impl.client.DefaultHttpClient -- Connection can be kept alive indefinitely
11:53:40.959 [main] DEBUG io.restassured.internal.RestAssuredHttpBuilder -- Parsing response as: application/json
11:53:40.960 [main] DEBUG io.restassured.internal.RestAssuredHttpBuilder -- Parsed data to instance of: class org.apache.http.conn.EofSensorInputStream
]]></system-out>
  </testcase>
  <testcase name="createsMultipleUsers[1005, spatel, Sarah, Patel, spatel@example.com, P@tel!98Sec, +1-555-0174, 1](5)" classname="api.test.MultipleUser" time="1.18">
    <system-out><![CDATA[11:53:41.029 [main] DEBUG org.apache.http.impl.conn.BasicClientConnectionManager -- Get connection for route {s}->https://petstore.swagger.io:443
11:53:41.030 [main] DEBUG org.apache.http.impl.conn.DefaultClientConnectionOperator -- Connecting to petstore.swagger.io:443
11:53:41.948 [main] DEBUG org.apache.http.client.protocol.RequestAddCookies -- CookieSpec selected: ignoreCookies
11:53:41.948 [main] DEBUG org.apache.http.client.protocol.RequestAuthCache -- Auth cache not set in the context
11:53:41.948 [main] DEBUG org.apache.http.client.protocol.RequestTargetAuthentication -- Target auth state: UNCHALLENGED
11:53:41.948 [main] DEBUG org.apache.http.client.protocol.RequestProxyAuthentication -- Proxy auth state: UNCHALLENGED
11:53:41.949 [main] DEBUG org.apache.http.impl.client.DefaultHttpClient -- Attempt 1 to execute request
11:53:41.949 [main] DEBUG org.apache.http.impl.conn.DefaultClientConnection -- Sending request: POST /v2/user HTTP/1.1
11:53:41.949 [main] DEBUG org.apache.http.wire --  >> "POST /v2/user HTTP/1.1[\r][\n]"
11:53:41.949 [main] DEBUG org.apache.http.wire --  >> "Accept: application/json, application/javascript, text/javascript, text/json[\r][\n]"
11:53:41.949 [main] DEBUG org.apache.http.wire --  >> "Content-Type: application/json[\r][\n]"
11:53:41.950 [main] DEBUG org.apache.http.wire --  >> "Content-Length: 161[\r][\n]"
11:53:41.950 [main] DEBUG org.apache.http.wire --  >> "Host: petstore.swagger.io[\r][\n]"
11:53:41.950 [main] DEBUG org.apache.http.wire --  >> "Connection: Keep-Alive[\r][\n]"
11:53:41.950 [main] DEBUG org.apache.http.wire --  >> "User-Agent: Apache-HttpClient/4.5.13 (Java/25.0.1)[\r][\n]"
11:53:41.950 [main] DEBUG org.apache.http.wire --  >> "Accept-Encoding: gzip,deflate[\r][\n]"
11:53:41.950 [main] DEBUG org.apache.http.wire --  >> "[\r][\n]"
11:53:41.951 [main] DEBUG org.apache.http.headers -- >> POST /v2/user HTTP/1.1
11:53:41.951 [main] DEBUG org.apache.http.headers -- >> Accept: application/json, application/javascript, text/javascript, text/json
11:53:41.951 [main] DEBUG org.apache.http.headers -- >> Content-Type: application/json
11:53:41.951 [main] DEBUG org.apache.http.headers -- >> Content-Length: 161
11:53:41.951 [main] DEBUG org.apache.http.headers -- >> Host: petstore.swagger.io
11:53:41.951 [main] DEBUG org.apache.http.headers -- >> Connection: Keep-Alive
11:53:41.951 [main] DEBUG org.apache.http.headers -- >> User-Agent: Apache-HttpClient/4.5.13 (Java/25.0.1)
11:53:41.951 [main] DEBUG org.apache.http.headers -- >> Accept-Encoding: gzip,deflate
11:53:41.951 [main] DEBUG org.apache.http.wire --  >> "{"id":1005,"username":"spatel","firstName":"Sarah","lastName":"Patel","email":"spatel@example.com","password":"P@tel!98Sec","phone":"+1-555-0174","userStatus":1}"
11:53:42.174 [main] DEBUG org.apache.http.wire --  << "HTTP/1.1 200 OK[\r][\n]"
11:53:42.174 [main] DEBUG org.apache.http.wire --  << "Date: Tue, 15 Sep 2026 06:23:42 GMT[\r][\n]"
11:53:42.174 [main] DEBUG org.apache.http.wire --  << "Content-Type: application/json[\r][\n]"
11:53:42.174 [main] DEBUG org.apache.http.wire --  << "Transfer-Encoding: chunked[\r][\n]"
11:53:42.175 [main] DEBUG org.apache.http.wire --  << "Connection: keep-alive[\r][\n]"
11:53:42.175 [main] DEBUG org.apache.http.wire --  << "Access-Control-Allow-Origin: *[\r][\n]"
11:53:42.175 [main] DEBUG org.apache.http.wire --  << "Access-Control-Allow-Methods: GET, POST, DELETE, PUT[\r][\n]"
11:53:42.175 [main] DEBUG org.apache.http.wire --  << "Access-Control-Allow-Headers: Content-Type, api_key, Authorization[\r][\n]"
11:53:42.175 [main] DEBUG org.apache.http.wire --  << "Server: Jetty(9.2.9.v20150224)[\r][\n]"
11:53:42.175 [main] DEBUG org.apache.http.wire --  << "[\r][\n]"
11:53:42.175 [main] DEBUG org.apache.http.impl.conn.DefaultClientConnection -- Receiving response: HTTP/1.1 200 OK
11:53:42.175 [main] DEBUG org.apache.http.headers -- << HTTP/1.1 200 OK
11:53:42.175 [main] DEBUG org.apache.http.headers -- << Date: Tue, 15 Sep 2026 06:23:42 GMT
11:53:42.175 [main] DEBUG org.apache.http.headers -- << Content-Type: application/json
11:53:42.175 [main] DEBUG org.apache.http.headers -- << Transfer-Encoding: chunked
11:53:42.175 [main] DEBUG org.apache.http.headers -- << Connection: keep-alive
11:53:42.175 [main] DEBUG org.apache.http.headers -- << Access-Control-Allow-Origin: *
11:53:42.175 [main] DEBUG org.apache.http.headers -- << Access-Control-Allow-Methods: GET, POST, DELETE, PUT
11:53:42.175 [main] DEBUG org.apache.http.headers -- << Access-Control-Allow-Headers: Content-Type, api_key, Authorization
11:53:42.175 [main] DEBUG org.apache.http.headers -- << Server: Jetty(9.2.9.v20150224)
11:53:42.175 [main] DEBUG org.apache.http.impl.client.DefaultHttpClient -- Connection can be kept alive indefinitely
11:53:42.175 [main] DEBUG io.restassured.internal.RestAssuredHttpBuilder -- Parsing response as: application/json
11:53:42.176 [main] DEBUG io.restassured.internal.RestAssuredHttpBuilder -- Parsed data to instance of: class org.apache.http.conn.EofSensorInputStream
]]></system-out>
  </testcase>
  <testcase name="createsMultipleUsers[1006, dkim, David, Kim, dkim@example.com, Dk!m#Secure1, +1-555-0165, 0](6)" classname="api.test.MultipleUser" time="1.139">
    <system-out><![CDATA[11:53:42.212 [main] DEBUG org.apache.http.impl.conn.BasicClientConnectionManager -- Get connection for route {s}->https://petstore.swagger.io:443
11:53:42.213 [main] DEBUG org.apache.http.impl.conn.DefaultClientConnectionOperator -- Connecting to petstore.swagger.io:443
11:53:43.084 [main] DEBUG org.apache.http.client.protocol.RequestAddCookies -- CookieSpec selected: ignoreCookies
11:53:43.085 [main] DEBUG org.apache.http.client.protocol.RequestAuthCache -- Auth cache not set in the context
11:53:43.085 [main] DEBUG org.apache.http.client.protocol.RequestTargetAuthentication -- Target auth state: UNCHALLENGED
11:53:43.085 [main] DEBUG org.apache.http.client.protocol.RequestProxyAuthentication -- Proxy auth state: UNCHALLENGED
11:53:43.085 [main] DEBUG org.apache.http.impl.client.DefaultHttpClient -- Attempt 1 to execute request
11:53:43.085 [main] DEBUG org.apache.http.impl.conn.DefaultClientConnection -- Sending request: POST /v2/user HTTP/1.1
11:53:43.086 [main] DEBUG org.apache.http.wire --  >> "POST /v2/user HTTP/1.1[\r][\n]"
11:53:43.086 [main] DEBUG org.apache.http.wire --  >> "Accept: application/json, application/javascript, text/javascript, text/json[\r][\n]"
11:53:43.086 [main] DEBUG org.apache.http.wire --  >> "Content-Type: application/json[\r][\n]"
11:53:43.087 [main] DEBUG org.apache.http.wire --  >> "Content-Length: 156[\r][\n]"
11:53:43.087 [main] DEBUG org.apache.http.wire --  >> "Host: petstore.swagger.io[\r][\n]"
11:53:43.087 [main] DEBUG org.apache.http.wire --  >> "Connection: Keep-Alive[\r][\n]"
11:53:43.087 [main] DEBUG org.apache.http.wire --  >> "User-Agent: Apache-HttpClient/4.5.13 (Java/25.0.1)[\r][\n]"
11:53:43.088 [main] DEBUG org.apache.http.wire --  >> "Accept-Encoding: gzip,deflate[\r][\n]"
11:53:43.088 [main] DEBUG org.apache.http.wire --  >> "[\r][\n]"
11:53:43.088 [main] DEBUG org.apache.http.headers -- >> POST /v2/user HTTP/1.1
11:53:43.088 [main] DEBUG org.apache.http.headers -- >> Accept: application/json, application/javascript, text/javascript, text/json
11:53:43.088 [main] DEBUG org.apache.http.headers -- >> Content-Type: application/json
11:53:43.088 [main] DEBUG org.apache.http.headers -- >> Content-Length: 156
11:53:43.088 [main] DEBUG org.apache.http.headers -- >> Host: petstore.swagger.io
11:53:43.089 [main] DEBUG org.apache.http.headers -- >> Connection: Keep-Alive
11:53:43.089 [main] DEBUG org.apache.http.headers -- >> User-Agent: Apache-HttpClient/4.5.13 (Java/25.0.1)
11:53:43.089 [main] DEBUG org.apache.http.headers -- >> Accept-Encoding: gzip,deflate
11:53:43.089 [main] DEBUG org.apache.http.wire --  >> "{"id":1006,"username":"dkim","firstName":"David","lastName":"Kim","email":"dkim@example.com","password":"Dk!m#Secure1","phone":"+1-555-0165","userStatus":0}"
11:53:43.299 [main] DEBUG org.apache.http.wire --  << "HTTP/1.1 200 OK[\r][\n]"
11:53:43.300 [main] DEBUG org.apache.http.wire --  << "Date: Tue, 15 Sep 2026 06:23:43 GMT[\r][\n]"
11:53:43.300 [main] DEBUG org.apache.http.wire --  << "Content-Type: application/json[\r][\n]"
11:53:43.300 [main] DEBUG org.apache.http.wire --  << "Transfer-Encoding: chunked[\r][\n]"
11:53:43.300 [main] DEBUG org.apache.http.wire --  << "Connection: keep-alive[\r][\n]"
11:53:43.300 [main] DEBUG org.apache.http.wire --  << "Access-Control-Allow-Origin: *[\r][\n]"
11:53:43.300 [main] DEBUG org.apache.http.wire --  << "Access-Control-Allow-Methods: GET, POST, DELETE, PUT[\r][\n]"
11:53:43.300 [main] DEBUG org.apache.http.wire --  << "Access-Control-Allow-Headers: Content-Type, api_key, Authorization[\r][\n]"
11:53:43.300 [main] DEBUG org.apache.http.wire --  << "Server: Jetty(9.2.9.v20150224)[\r][\n]"
11:53:43.300 [main] DEBUG org.apache.http.wire --  << "[\r][\n]"
11:53:43.301 [main] DEBUG org.apache.http.impl.conn.DefaultClientConnection -- Receiving response: HTTP/1.1 200 OK
11:53:43.301 [main] DEBUG org.apache.http.headers -- << HTTP/1.1 200 OK
11:53:43.301 [main] DEBUG org.apache.http.headers -- << Date: Tue, 15 Sep 2026 06:23:43 GMT
11:53:43.301 [main] DEBUG org.apache.http.headers -- << Content-Type: application/json
11:53:43.301 [main] DEBUG org.apache.http.headers -- << Transfer-Encoding: chunked
11:53:43.301 [main] DEBUG org.apache.http.headers -- << Connection: keep-alive
11:53:43.301 [main] DEBUG org.apache.http.headers -- << Access-Control-Allow-Origin: *
11:53:43.301 [main] DEBUG org.apache.http.headers -- << Access-Control-Allow-Methods: GET, POST, DELETE, PUT
11:53:43.301 [main] DEBUG org.apache.http.headers -- << Access-Control-Allow-Headers: Content-Type, api_key, Authorization
11:53:43.301 [main] DEBUG org.apache.http.headers -- << Server: Jetty(9.2.9.v20150224)
11:53:43.301 [main] DEBUG org.apache.http.impl.client.DefaultHttpClient -- Connection can be kept alive indefinitely
11:53:43.301 [main] DEBUG io.restassured.internal.RestAssuredHttpBuilder -- Parsing response as: application/json
11:53:43.302 [main] DEBUG io.restassured.internal.RestAssuredHttpBuilder -- Parsed data to instance of: class org.apache.http.conn.EofSensorInputStream
]]></system-out>
  </testcase>
  <testcase name="createsMultipleUsers[1007, lmartinez, Lucia, Martinez, lmartinez@example.com, L!M@rt!n3z8, +1-555-0131, 1](7)" classname="api.test.MultipleUser" time="1.121">
    <system-out><![CDATA[11:53:43.354 [main] DEBUG org.apache.http.impl.conn.BasicClientConnectionManager -- Get connection for route {s}->https://petstore.swagger.io:443
11:53:43.354 [main] DEBUG org.apache.http.impl.conn.DefaultClientConnectionOperator -- Connecting to petstore.swagger.io:443
11:53:44.220 [main] DEBUG org.apache.http.client.protocol.RequestAddCookies -- CookieSpec selected: ignoreCookies
11:53:44.220 [main] DEBUG org.apache.http.client.protocol.RequestAuthCache -- Auth cache not set in the context
11:53:44.220 [main] DEBUG org.apache.http.client.protocol.RequestTargetAuthentication -- Target auth state: UNCHALLENGED
11:53:44.220 [main] DEBUG org.apache.http.client.protocol.RequestProxyAuthentication -- Proxy auth state: UNCHALLENGED
11:53:44.220 [main] DEBUG org.apache.http.impl.client.DefaultHttpClient -- Attempt 1 to execute request
11:53:44.221 [main] DEBUG org.apache.http.impl.conn.DefaultClientConnection -- Sending request: POST /v2/user HTTP/1.1
11:53:44.221 [main] DEBUG org.apache.http.wire --  >> "POST /v2/user HTTP/1.1[\r][\n]"
11:53:44.222 [main] DEBUG org.apache.http.wire --  >> "Accept: application/json, application/javascript, text/javascript, text/json[\r][\n]"
11:53:44.222 [main] DEBUG org.apache.http.wire --  >> "Content-Type: application/json[\r][\n]"
11:53:44.222 [main] DEBUG org.apache.http.wire --  >> "Content-Length: 170[\r][\n]"
11:53:44.222 [main] DEBUG org.apache.http.wire --  >> "Host: petstore.swagger.io[\r][\n]"
11:53:44.222 [main] DEBUG org.apache.http.wire --  >> "Connection: Keep-Alive[\r][\n]"
11:53:44.223 [main] DEBUG org.apache.http.wire --  >> "User-Agent: Apache-HttpClient/4.5.13 (Java/25.0.1)[\r][\n]"
11:53:44.223 [main] DEBUG org.apache.http.wire --  >> "Accept-Encoding: gzip,deflate[\r][\n]"
11:53:44.223 [main] DEBUG org.apache.http.wire --  >> "[\r][\n]"
11:53:44.223 [main] DEBUG org.apache.http.headers -- >> POST /v2/user HTTP/1.1
11:53:44.223 [main] DEBUG org.apache.http.headers -- >> Accept: application/json, application/javascript, text/javascript, text/json
11:53:44.223 [main] DEBUG org.apache.http.headers -- >> Content-Type: application/json
11:53:44.223 [main] DEBUG org.apache.http.headers -- >> Content-Length: 170
11:53:44.224 [main] DEBUG org.apache.http.headers -- >> Host: petstore.swagger.io
11:53:44.224 [main] DEBUG org.apache.http.headers -- >> Connection: Keep-Alive
11:53:44.224 [main] DEBUG org.apache.http.headers -- >> User-Agent: Apache-HttpClient/4.5.13 (Java/25.0.1)
11:53:44.224 [main] DEBUG org.apache.http.headers -- >> Accept-Encoding: gzip,deflate
11:53:44.224 [main] DEBUG org.apache.http.wire --  >> "{"id":1007,"username":"lmartinez","firstName":"Lucia","lastName":"Martinez","email":"lmartinez@example.com","password":"L!M@rt!n3z8","phone":"+1-555-0131","userStatus":1}"
11:53:44.452 [main] DEBUG org.apache.http.wire --  << "HTTP/1.1 200 OK[\r][\n]"
11:53:44.452 [main] DEBUG org.apache.http.wire --  << "Date: Tue, 15 Sep 2026 06:23:44 GMT[\r][\n]"
11:53:44.452 [main] DEBUG org.apache.http.wire --  << "Content-Type: application/json[\r][\n]"
11:53:44.452 [main] DEBUG org.apache.http.wire --  << "Transfer-Encoding: chunked[\r][\n]"
11:53:44.452 [main] DEBUG org.apache.http.wire --  << "Connection: keep-alive[\r][\n]"
11:53:44.452 [main] DEBUG org.apache.http.wire --  << "Access-Control-Allow-Origin: *[\r][\n]"
11:53:44.452 [main] DEBUG org.apache.http.wire --  << "Access-Control-Allow-Methods: GET, POST, DELETE, PUT[\r][\n]"
11:53:44.452 [main] DEBUG org.apache.http.wire --  << "Access-Control-Allow-Headers: Content-Type, api_key, Authorization[\r][\n]"
11:53:44.452 [main] DEBUG org.apache.http.wire --  << "Server: Jetty(9.2.9.v20150224)[\r][\n]"
11:53:44.452 [main] DEBUG org.apache.http.wire --  << "[\r][\n]"
11:53:44.452 [main] DEBUG org.apache.http.impl.conn.DefaultClientConnection -- Receiving response: HTTP/1.1 200 OK
11:53:44.452 [main] DEBUG org.apache.http.headers -- << HTTP/1.1 200 OK
11:53:44.452 [main] DEBUG org.apache.http.headers -- << Date: Tue, 15 Sep 2026 06:23:44 GMT
11:53:44.452 [main] DEBUG org.apache.http.headers -- << Content-Type: application/json
11:53:44.452 [main] DEBUG org.apache.http.headers -- << Transfer-Encoding: chunked
11:53:44.452 [main] DEBUG org.apache.http.headers -- << Connection: keep-alive
11:53:44.452 [main] DEBUG org.apache.http.headers -- << Access-Control-Allow-Origin: *
11:53:44.452 [main] DEBUG org.apache.http.headers -- << Access-Control-Allow-Methods: GET, POST, DELETE, PUT
11:53:44.452 [main] DEBUG org.apache.http.headers -- << Access-Control-Allow-Headers: Content-Type, api_key, Authorization
11:53:44.452 [main] DEBUG org.apache.http.headers -- << Server: Jetty(9.2.9.v20150224)
11:53:44.453 [main] DEBUG org.apache.http.impl.client.DefaultHttpClient -- Connection can be kept alive indefinitely
11:53:44.453 [main] DEBUG io.restassured.internal.RestAssuredHttpBuilder -- Parsing response as: application/json
11:53:44.453 [main] DEBUG io.restassured.internal.RestAssuredHttpBuilder -- Parsed data to instance of: class org.apache.http.conn.EofSensorInputStream
]]></system-out>
  </testcase>
  <testcase name="createsMultipleUsers[1008, bwong, Brian, Wong, bwong@example.com, W0ng!P@ss99, +1-555-0110, 1](8)" classname="api.test.MultipleUser" time="1.184">
    <system-out><![CDATA[11:53:44.473 [main] DEBUG org.apache.http.impl.conn.BasicClientConnectionManager -- Get connection for route {s}->https://petstore.swagger.io:443
11:53:44.474 [main] DEBUG org.apache.http.impl.conn.DefaultClientConnectionOperator -- Connecting to petstore.swagger.io:443
11:53:45.374 [main] DEBUG org.apache.http.client.protocol.RequestAddCookies -- CookieSpec selected: ignoreCookies
11:53:45.374 [main] DEBUG org.apache.http.client.protocol.RequestAuthCache -- Auth cache not set in the context
11:53:45.374 [main] DEBUG org.apache.http.client.protocol.RequestTargetAuthentication -- Target auth state: UNCHALLENGED
11:53:45.374 [main] DEBUG org.apache.http.client.protocol.RequestProxyAuthentication -- Proxy auth state: UNCHALLENGED
11:53:45.374 [main] DEBUG org.apache.http.impl.client.DefaultHttpClient -- Attempt 1 to execute request
11:53:45.374 [main] DEBUG org.apache.http.impl.conn.DefaultClientConnection -- Sending request: POST /v2/user HTTP/1.1
11:53:45.374 [main] DEBUG org.apache.http.wire --  >> "POST /v2/user HTTP/1.1[\r][\n]"
11:53:45.374 [main] DEBUG org.apache.http.wire --  >> "Accept: application/json, application/javascript, text/javascript, text/json[\r][\n]"
11:53:45.374 [main] DEBUG org.apache.http.wire --  >> "Content-Type: application/json[\r][\n]"
11:53:45.374 [main] DEBUG org.apache.http.wire --  >> "Content-Length: 158[\r][\n]"
11:53:45.375 [main] DEBUG org.apache.http.wire --  >> "Host: petstore.swagger.io[\r][\n]"
11:53:45.375 [main] DEBUG org.apache.http.wire --  >> "Connection: Keep-Alive[\r][\n]"
11:53:45.375 [main] DEBUG org.apache.http.wire --  >> "User-Agent: Apache-HttpClient/4.5.13 (Java/25.0.1)[\r][\n]"
11:53:45.375 [main] DEBUG org.apache.http.wire --  >> "Accept-Encoding: gzip,deflate[\r][\n]"
11:53:45.375 [main] DEBUG org.apache.http.wire --  >> "[\r][\n]"
11:53:45.375 [main] DEBUG org.apache.http.headers -- >> POST /v2/user HTTP/1.1
11:53:45.375 [main] DEBUG org.apache.http.headers -- >> Accept: application/json, application/javascript, text/javascript, text/json
11:53:45.375 [main] DEBUG org.apache.http.headers -- >> Content-Type: application/json
11:53:45.375 [main] DEBUG org.apache.http.headers -- >> Content-Length: 158
11:53:45.375 [main] DEBUG org.apache.http.headers -- >> Host: petstore.swagger.io
11:53:45.375 [main] DEBUG org.apache.http.headers -- >> Connection: Keep-Alive
11:53:45.375 [main] DEBUG org.apache.http.headers -- >> User-Agent: Apache-HttpClient/4.5.13 (Java/25.0.1)
11:53:45.375 [main] DEBUG org.apache.http.headers -- >> Accept-Encoding: gzip,deflate
11:53:45.375 [main] DEBUG org.apache.http.wire --  >> "{"id":1008,"username":"bwong","firstName":"Brian","lastName":"Wong","email":"bwong@example.com","password":"W0ng!P@ss99","phone":"+1-555-0110","userStatus":1}"
11:53:45.611 [main] DEBUG org.apache.http.wire --  << "HTTP/1.1 200 OK[\r][\n]"
11:53:45.611 [main] DEBUG org.apache.http.wire --  << "Date: Tue, 15 Sep 2026 06:23:45 GMT[\r][\n]"
11:53:45.611 [main] DEBUG org.apache.http.wire --  << "Content-Type: application/json[\r][\n]"
11:53:45.611 [main] DEBUG org.apache.http.wire --  << "Transfer-Encoding: chunked[\r][\n]"
11:53:45.611 [main] DEBUG org.apache.http.wire --  << "Connection: keep-alive[\r][\n]"
11:53:45.611 [main] DEBUG org.apache.http.wire --  << "Access-Control-Allow-Origin: *[\r][\n]"
11:53:45.611 [main] DEBUG org.apache.http.wire --  << "Access-Control-Allow-Methods: GET, POST, DELETE, PUT[\r][\n]"
11:53:45.611 [main] DEBUG org.apache.http.wire --  << "Access-Control-Allow-Headers: Content-Type, api_key, Authorization[\r][\n]"
11:53:45.611 [main] DEBUG org.apache.http.wire --  << "Server: Jetty(9.2.9.v20150224)[\r][\n]"
11:53:45.611 [main] DEBUG org.apache.http.wire --  << "[\r][\n]"
11:53:45.612 [main] DEBUG org.apache.http.impl.conn.DefaultClientConnection -- Receiving response: HTTP/1.1 200 OK
11:53:45.612 [main] DEBUG org.apache.http.headers -- << HTTP/1.1 200 OK
11:53:45.612 [main] DEBUG org.apache.http.headers -- << Date: Tue, 15 Sep 2026 06:23:45 GMT
11:53:45.612 [main] DEBUG org.apache.http.headers -- << Content-Type: application/json
11:53:45.612 [main] DEBUG org.apache.http.headers -- << Transfer-Encoding: chunked
11:53:45.612 [main] DEBUG org.apache.http.headers -- << Connection: keep-alive
11:53:45.612 [main] DEBUG org.apache.http.headers -- << Access-Control-Allow-Origin: *
11:53:45.612 [main] DEBUG org.apache.http.headers -- << Access-Control-Allow-Methods: GET, POST, DELETE, PUT
11:53:45.612 [main] DEBUG org.apache.http.headers -- << Access-Control-Allow-Headers: Content-Type, api_key, Authorization
11:53:45.612 [main] DEBUG org.apache.http.headers -- << Server: Jetty(9.2.9.v20150224)
11:53:45.612 [main] DEBUG org.apache.http.impl.client.DefaultHttpClient -- Connection can be kept alive indefinitely
11:53:45.613 [main] DEBUG io.restassured.internal.RestAssuredHttpBuilder -- Parsing response as: application/json
11:53:45.613 [main] DEBUG io.restassured.internal.RestAssuredHttpBuilder -- Parsed data to instance of: class org.apache.http.conn.EofSensorInputStream
]]></system-out>
  </testcase>
  <testcase name="createsMultipleUsers[1009, tjones, Tara, Jones, tjones@example.com, Tj0n3s#2026, +1-555-0157, 1](9)" classname="api.test.MultipleUser" time="1.179">
    <system-out><![CDATA[11:53:45.660 [main] DEBUG org.apache.http.impl.conn.BasicClientConnectionManager -- Get connection for route {s}->https://petstore.swagger.io:443
11:53:45.660 [main] DEBUG org.apache.http.impl.conn.DefaultClientConnectionOperator -- Connecting to petstore.swagger.io:443
11:53:46.514 [main] DEBUG org.apache.http.client.protocol.RequestAddCookies -- CookieSpec selected: ignoreCookies
11:53:46.514 [main] DEBUG org.apache.http.client.protocol.RequestAuthCache -- Auth cache not set in the context
11:53:46.514 [main] DEBUG org.apache.http.client.protocol.RequestTargetAuthentication -- Target auth state: UNCHALLENGED
11:53:46.514 [main] DEBUG org.apache.http.client.protocol.RequestProxyAuthentication -- Proxy auth state: UNCHALLENGED
11:53:46.514 [main] DEBUG org.apache.http.impl.client.DefaultHttpClient -- Attempt 1 to execute request
11:53:46.514 [main] DEBUG org.apache.http.impl.conn.DefaultClientConnection -- Sending request: POST /v2/user HTTP/1.1
11:53:46.514 [main] DEBUG org.apache.http.wire --  >> "POST /v2/user HTTP/1.1[\r][\n]"
11:53:46.514 [main] DEBUG org.apache.http.wire --  >> "Accept: application/json, application/javascript, text/javascript, text/json[\r][\n]"
11:53:46.514 [main] DEBUG org.apache.http.wire --  >> "Content-Type: application/json[\r][\n]"
11:53:46.514 [main] DEBUG org.apache.http.wire --  >> "Content-Length: 160[\r][\n]"
11:53:46.514 [main] DEBUG org.apache.http.wire --  >> "Host: petstore.swagger.io[\r][\n]"
11:53:46.514 [main] DEBUG org.apache.http.wire --  >> "Connection: Keep-Alive[\r][\n]"
11:53:46.514 [main] DEBUG org.apache.http.wire --  >> "User-Agent: Apache-HttpClient/4.5.13 (Java/25.0.1)[\r][\n]"
11:53:46.514 [main] DEBUG org.apache.http.wire --  >> "Accept-Encoding: gzip,deflate[\r][\n]"
11:53:46.514 [main] DEBUG org.apache.http.wire --  >> "[\r][\n]"
11:53:46.514 [main] DEBUG org.apache.http.headers -- >> POST /v2/user HTTP/1.1
11:53:46.514 [main] DEBUG org.apache.http.headers -- >> Accept: application/json, application/javascript, text/javascript, text/json
11:53:46.514 [main] DEBUG org.apache.http.headers -- >> Content-Type: application/json
11:53:46.514 [main] DEBUG org.apache.http.headers -- >> Content-Length: 160
11:53:46.514 [main] DEBUG org.apache.http.headers -- >> Host: petstore.swagger.io
11:53:46.514 [main] DEBUG org.apache.http.headers -- >> Connection: Keep-Alive
11:53:46.515 [main] DEBUG org.apache.http.headers -- >> User-Agent: Apache-HttpClient/4.5.13 (Java/25.0.1)
11:53:46.515 [main] DEBUG org.apache.http.headers -- >> Accept-Encoding: gzip,deflate
11:53:46.515 [main] DEBUG org.apache.http.wire --  >> "{"id":1009,"username":"tjones","firstName":"Tara","lastName":"Jones","email":"tjones@example.com","password":"Tj0n3s#2026","phone":"+1-555-0157","userStatus":1}"
11:53:46.760 [main] DEBUG org.apache.http.wire --  << "HTTP/1.1 200 OK[\r][\n]"
11:53:46.760 [main] DEBUG org.apache.http.wire --  << "Date: Tue, 15 Sep 2026 06:23:46 GMT[\r][\n]"
11:53:46.760 [main] DEBUG org.apache.http.wire --  << "Content-Type: application/json[\r][\n]"
11:53:46.760 [main] DEBUG org.apache.http.wire --  << "Transfer-Encoding: chunked[\r][\n]"
11:53:46.760 [main] DEBUG org.apache.http.wire --  << "Connection: keep-alive[\r][\n]"
11:53:46.760 [main] DEBUG org.apache.http.wire --  << "Access-Control-Allow-Origin: *[\r][\n]"
11:53:46.760 [main] DEBUG org.apache.http.wire --  << "Access-Control-Allow-Methods: GET, POST, DELETE, PUT[\r][\n]"
11:53:46.760 [main] DEBUG org.apache.http.wire --  << "Access-Control-Allow-Headers: Content-Type, api_key, Authorization[\r][\n]"
11:53:46.760 [main] DEBUG org.apache.http.wire --  << "Server: Jetty(9.2.9.v20150224)[\r][\n]"
11:53:46.760 [main] DEBUG org.apache.http.wire --  << "[\r][\n]"
11:53:46.760 [main] DEBUG org.apache.http.impl.conn.DefaultClientConnection -- Receiving response: HTTP/1.1 200 OK
11:53:46.760 [main] DEBUG org.apache.http.headers -- << HTTP/1.1 200 OK
11:53:46.760 [main] DEBUG org.apache.http.headers -- << Date: Tue, 15 Sep 2026 06:23:46 GMT
11:53:46.760 [main] DEBUG org.apache.http.headers -- << Content-Type: application/json
11:53:46.760 [main] DEBUG org.apache.http.headers -- << Transfer-Encoding: chunked
11:53:46.760 [main] DEBUG org.apache.http.headers -- << Connection: keep-alive
11:53:46.760 [main] DEBUG org.apache.http.headers -- << Access-Control-Allow-Origin: *
11:53:46.760 [main] DEBUG org.apache.http.headers -- << Access-Control-Allow-Methods: GET, POST, DELETE, PUT
11:53:46.760 [main] DEBUG org.apache.http.headers -- << Access-Control-Allow-Headers: Content-Type, api_key, Authorization
11:53:46.761 [main] DEBUG org.apache.http.headers -- << Server: Jetty(9.2.9.v20150224)
11:53:46.761 [main] DEBUG org.apache.http.impl.client.DefaultHttpClient -- Connection can be kept alive indefinitely
11:53:46.762 [main] DEBUG io.restassured.internal.RestAssuredHttpBuilder -- Parsing response as: application/json
11:53:46.762 [main] DEBUG io.restassured.internal.RestAssuredHttpBuilder -- Parsed data to instance of: class org.apache.http.conn.EofSensorInputStream
]]></system-out>
  </testcase>
  <testcase name="getAlluser[1001](1)" classname="api.test.MultipleUser" time="1.225">
    <failure message="expected [200] but found [404]" type="java.lang.AssertionError"><![CDATA[java.lang.AssertionError: expected [200] but found [404]
	at org.testng.Assert.fail(Assert.java:111)
	at org.testng.Assert.failNotEquals(Assert.java:1590)
	at org.testng.Assert.assertEqualsImpl(Assert.java:150)
	at org.testng.Assert.assertEquals(Assert.java:132)
	at org.testng.Assert.assertEquals(Assert.java:1431)
	at org.testng.Assert.assertEquals(Assert.java:1395)
	at org.testng.Assert.assertEquals(Assert.java:1441)
	at api.test.MultipleUser.getAlluser(MultipleUser.java:34)
	at java.base/jdk.internal.reflect.DirectMethodHandleAccessor.invoke(DirectMethodHandleAccessor.java:104)
	at java.base/java.lang.reflect.Method.invoke(Method.java:565)
	at org.testng.internal.invokers.MethodInvocationHelper.invokeMethod(MethodInvocationHelper.java:141)
	at org.testng.internal.invokers.TestInvoker.invokeMethod(TestInvoker.java:697)
	at org.testng.internal.invokers.TestInvoker.invokeTestMethod(TestInvoker.java:230)
	at org.testng.internal.invokers.MethodRunner.runInSequence(MethodRunner.java:63)
	at org.testng.internal.invokers.TestInvoker$MethodInvocationAgent.invoke(TestInvoker.java:1005)
	at org.testng.internal.invokers.TestInvoker.invokeTestMethods(TestInvoker.java:203)
	at org.testng.internal.invokers.TestMethodWorker.invokeTestMethods(TestMethodWorker.java:154)
	at org.testng.internal.invokers.TestMethodWorker.run(TestMethodWorker.java:134)
	at java.base/java.util.ArrayList.forEach(ArrayList.java:1604)
	at org.testng.TestRunner.privateRun(TestRunner.java:744)
	at org.testng.TestRunner.run(TestRunner.java:616)
	at org.testng.SuiteRunner.runTest(SuiteRunner.java:421)
	at org.testng.SuiteRunner.runSequentially(SuiteRunner.java:413)
	at org.testng.SuiteRunner.privateRun(SuiteRunner.java:373)
	at org.testng.SuiteRunner.run(SuiteRunner.java:312)
	at org.testng.SuiteRunnerWorker.runSuite(SuiteRunnerWorker.java:52)
	at org.testng.SuiteRunnerWorker.run(SuiteRunnerWorker.java:95)
	at org.testng.TestNG.runSuitesSequentially(TestNG.java:1274)
	at org.testng.TestNG.runSuitesLocally(TestNG.java:1208)
	at org.testng.TestNG.runSuites(TestNG.java:1112)
	at org.testng.TestNG.run(TestNG.java:1079)
	at org.apache.maven.surefire.testng.TestNGExecutor.run(TestNGExecutor.java:155)
	at org.apache.maven.surefire.testng.TestNGDirectoryTestSuite.executeSingleClass(TestNGDirectoryTestSuite.java:102)
	at org.apache.maven.surefire.testng.TestNGDirectoryTestSuite.execute(TestNGDirectoryTestSuite.java:91)
	at org.apache.maven.surefire.testng.TestNGProvider.invoke(TestNGProvider.java:137)
	at org.apache.maven.surefire.booter.ForkedBooter.runSuitesInProcess(ForkedBooter.java:385)
	at org.apache.maven.surefire.booter.ForkedBooter.execute(ForkedBooter.java:162)
	at org.apache.maven.surefire.booter.ForkedBooter.run(ForkedBooter.java:507)
	at org.apache.maven.surefire.booter.ForkedBooter.main(ForkedBooter.java:495)
]]></failure>
    <system-out><![CDATA[11:53:46.908 [Finalizer] DEBUG org.apache.http.impl.conn.DefaultClientConnection -- Connection 0.0.0.0:63181<->18.211.200.25:443 closed
11:53:46.909 [Finalizer] DEBUG org.apache.http.impl.conn.DefaultClientConnection -- Connection 0.0.0.0:63180<->18.211.200.25:443 closed
11:53:46.910 [Finalizer] DEBUG org.apache.http.impl.conn.DefaultClientConnection -- Connection 0.0.0.0:63179<->18.211.200.25:443 closed
11:53:46.911 [Finalizer] DEBUG org.apache.http.impl.conn.DefaultClientConnection -- Connection 0.0.0.0:63178<->18.211.200.25:443 closed
11:53:46.911 [Finalizer] DEBUG org.apache.http.impl.conn.DefaultClientConnection -- Connection 0.0.0.0:63177<->18.211.200.25:443 closed
11:53:46.912 [Finalizer] DEBUG org.apache.http.impl.conn.DefaultClientConnection -- Connection 0.0.0.0:63176<->18.211.200.25:443 closed
11:53:46.913 [Finalizer] DEBUG org.apache.http.impl.conn.DefaultClientConnection -- Connection 0.0.0.0:63175<->18.211.200.25:443 closed
11:53:46.913 [Finalizer] DEBUG org.apache.http.impl.conn.DefaultClientConnection -- Connection 0.0.0.0:63174<->18.211.200.25:443 closed
11:53:47.072 [main] DEBUG org.apache.http.impl.conn.BasicClientConnectionManager -- Get connection for route {s}->https://petstore.swagger.io:443
11:53:47.073 [main] DEBUG org.apache.http.impl.conn.DefaultClientConnectionOperator -- Connecting to petstore.swagger.io:443
11:53:47.965 [main] DEBUG org.apache.http.client.protocol.RequestAddCookies -- CookieSpec selected: ignoreCookies
11:53:47.965 [main] DEBUG org.apache.http.client.protocol.RequestAuthCache -- Auth cache not set in the context
11:53:47.965 [main] DEBUG org.apache.http.client.protocol.RequestTargetAuthentication -- Target auth state: UNCHALLENGED
11:53:47.966 [main] DEBUG org.apache.http.client.protocol.RequestProxyAuthentication -- Proxy auth state: UNCHALLENGED
11:53:47.966 [main] DEBUG org.apache.http.impl.client.DefaultHttpClient -- Attempt 1 to execute request
11:53:47.966 [main] DEBUG org.apache.http.impl.conn.DefaultClientConnection -- Sending request: GET /v2/user/1001 HTTP/1.1
11:53:47.966 [main] DEBUG org.apache.http.wire --  >> "GET /v2/user/1001 HTTP/1.1[\r][\n]"
11:53:47.966 [main] DEBUG org.apache.http.wire --  >> "Accept: */*[\r][\n]"
11:53:47.966 [main] DEBUG org.apache.http.wire --  >> "Host: petstore.swagger.io[\r][\n]"
11:53:47.966 [main] DEBUG org.apache.http.wire --  >> "Connection: Keep-Alive[\r][\n]"
11:53:47.966 [main] DEBUG org.apache.http.wire --  >> "User-Agent: Apache-HttpClient/4.5.13 (Java/25.0.1)[\r][\n]"
11:53:47.966 [main] DEBUG org.apache.http.wire --  >> "Accept-Encoding: gzip,deflate[\r][\n]"
11:53:47.967 [main] DEBUG org.apache.http.wire --  >> "[\r][\n]"
11:53:47.967 [main] DEBUG org.apache.http.headers -- >> GET /v2/user/1001 HTTP/1.1
11:53:47.967 [main] DEBUG org.apache.http.headers -- >> Accept: */*
11:53:47.967 [main] DEBUG org.apache.http.headers -- >> Host: petstore.swagger.io
11:53:47.967 [main] DEBUG org.apache.http.headers -- >> Connection: Keep-Alive
11:53:47.967 [main] DEBUG org.apache.http.headers -- >> User-Agent: Apache-HttpClient/4.5.13 (Java/25.0.1)
11:53:47.967 [main] DEBUG org.apache.http.headers -- >> Accept-Encoding: gzip,deflate
11:53:48.193 [main] DEBUG org.apache.http.wire --  << "HTTP/1.1 404 Not Found[\r][\n]"
11:53:48.193 [main] DEBUG org.apache.http.wire --  << "Date: Tue, 15 Sep 2026 06:23:48 GMT[\r][\n]"
11:53:48.193 [main] DEBUG org.apache.http.wire --  << "Content-Type: application/json[\r][\n]"
11:53:48.193 [main] DEBUG org.apache.http.wire --  << "Transfer-Encoding: chunked[\r][\n]"
11:53:48.193 [main] DEBUG org.apache.http.wire --  << "Connection: keep-alive[\r][\n]"
11:53:48.193 [main] DEBUG org.apache.http.wire --  << "Access-Control-Allow-Origin: *[\r][\n]"
11:53:48.193 [main] DEBUG org.apache.http.wire --  << "Access-Control-Allow-Methods: GET, POST, DELETE, PUT[\r][\n]"
11:53:48.193 [main] DEBUG org.apache.http.wire --  << "Access-Control-Allow-Headers: Content-Type, api_key, Authorization[\r][\n]"
11:53:48.193 [main] DEBUG org.apache.http.wire --  << "Server: Jetty(9.2.9.v20150224)[\r][\n]"
11:53:48.193 [main] DEBUG org.apache.http.wire --  << "[\r][\n]"
11:53:48.194 [main] DEBUG org.apache.http.impl.conn.DefaultClientConnection -- Receiving response: HTTP/1.1 404 Not Found
11:53:48.194 [main] DEBUG org.apache.http.headers -- << HTTP/1.1 404 Not Found
11:53:48.194 [main] DEBUG org.apache.http.headers -- << Date: Tue, 15 Sep 2026 06:23:48 GMT
11:53:48.194 [main] DEBUG org.apache.http.headers -- << Content-Type: application/json
11:53:48.194 [main] DEBUG org.apache.http.headers -- << Transfer-Encoding: chunked
11:53:48.194 [main] DEBUG org.apache.http.headers -- << Connection: keep-alive
11:53:48.194 [main] DEBUG org.apache.http.headers -- << Access-Control-Allow-Origin: *
11:53:48.194 [main] DEBUG org.apache.http.headers -- << Access-Control-Allow-Methods: GET, POST, DELETE, PUT
11:53:48.194 [main] DEBUG org.apache.http.headers -- << Access-Control-Allow-Headers: Content-Type, api_key, Authorization
11:53:48.194 [main] DEBUG org.apache.http.headers -- << Server: Jetty(9.2.9.v20150224)
11:53:48.194 [main] DEBUG org.apache.http.impl.client.DefaultHttpClient -- Connection can be kept alive indefinitely
11:53:48.194 [main] DEBUG io.restassured.internal.RestAssuredHttpBuilder -- Parsing response as: application/json
11:53:48.194 [main] DEBUG io.restassured.internal.RestAssuredHttpBuilder -- Parsed data to instance of: class org.apache.http.conn.EofSensorInputStream
]]></system-out>
  </testcase>
  <testcase name="getAlluser[1002](2)" classname="api.test.MultipleUser" time="1.335">
    <failure message="expected [200] but found [404]" type="java.lang.AssertionError"><![CDATA[java.lang.AssertionError: expected [200] but found [404]
	at org.testng.Assert.fail(Assert.java:111)
	at org.testng.Assert.failNotEquals(Assert.java:1590)
	at org.testng.Assert.assertEqualsImpl(Assert.java:150)
	at org.testng.Assert.assertEquals(Assert.java:132)
	at org.testng.Assert.assertEquals(Assert.java:1431)
	at org.testng.Assert.assertEquals(Assert.java:1395)
	at org.testng.Assert.assertEquals(Assert.java:1441)
	at api.test.MultipleUser.getAlluser(MultipleUser.java:34)
	at java.base/jdk.internal.reflect.DirectMethodHandleAccessor.invoke(DirectMethodHandleAccessor.java:104)
	at java.base/java.lang.reflect.Method.invoke(Method.java:565)
	at org.testng.internal.invokers.MethodInvocationHelper.invokeMethod(MethodInvocationHelper.java:141)
	at org.testng.internal.invokers.TestInvoker.invokeMethod(TestInvoker.java:697)
	at org.testng.internal.invokers.TestInvoker.invokeTestMethod(TestInvoker.java:230)
	at org.testng.internal.invokers.MethodRunner.runInSequence(MethodRunner.java:63)
	at org.testng.internal.invokers.TestInvoker$MethodInvocationAgent.invoke(TestInvoker.java:1005)
	at org.testng.internal.invokers.TestInvoker.invokeTestMethods(TestInvoker.java:203)
	at org.testng.internal.invokers.TestMethodWorker.invokeTestMethods(TestMethodWorker.java:154)
	at org.testng.internal.invokers.TestMethodWorker.run(TestMethodWorker.java:134)
	at java.base/java.util.ArrayList.forEach(ArrayList.java:1604)
	at org.testng.TestRunner.privateRun(TestRunner.java:744)
	at org.testng.TestRunner.run(TestRunner.java:616)
	at org.testng.SuiteRunner.runTest(SuiteRunner.java:421)
	at org.testng.SuiteRunner.runSequentially(SuiteRunner.java:413)
	at org.testng.SuiteRunner.privateRun(SuiteRunner.java:373)
	at org.testng.SuiteRunner.run(SuiteRunner.java:312)
	at org.testng.SuiteRunnerWorker.runSuite(SuiteRunnerWorker.java:52)
	at org.testng.SuiteRunnerWorker.run(SuiteRunnerWorker.java:95)
	at org.testng.TestNG.runSuitesSequentially(TestNG.java:1274)
	at org.testng.TestNG.runSuitesLocally(TestNG.java:1208)
	at org.testng.TestNG.runSuites(TestNG.java:1112)
	at org.testng.TestNG.run(TestNG.java:1079)
	at org.apache.maven.surefire.testng.TestNGExecutor.run(TestNGExecutor.java:155)
	at org.apache.maven.surefire.testng.TestNGDirectoryTestSuite.executeSingleClass(TestNGDirectoryTestSuite.java:102)
	at org.apache.maven.surefire.testng.TestNGDirectoryTestSuite.execute(TestNGDirectoryTestSuite.java:91)
	at org.apache.maven.surefire.testng.TestNGProvider.invoke(TestNGProvider.java:137)
	at org.apache.maven.surefire.booter.ForkedBooter.runSuitesInProcess(ForkedBooter.java:385)
	at org.apache.maven.surefire.booter.ForkedBooter.execute(ForkedBooter.java:162)
	at org.apache.maven.surefire.booter.ForkedBooter.run(ForkedBooter.java:507)
	at org.apache.maven.surefire.booter.ForkedBooter.main(ForkedBooter.java:495)
]]></failure>
    <system-out><![CDATA[11:53:48.224 [main] DEBUG org.apache.http.impl.conn.BasicClientConnectionManager -- Get connection for route {s}->https://petstore.swagger.io:443
11:53:48.224 [main] DEBUG org.apache.http.impl.conn.DefaultClientConnectionOperator -- Connecting to petstore.swagger.io:443
11:53:49.079 [main] DEBUG org.apache.http.client.protocol.RequestAddCookies -- CookieSpec selected: ignoreCookies
11:53:49.079 [main] DEBUG org.apache.http.client.protocol.RequestAuthCache -- Auth cache not set in the context
11:53:49.079 [main] DEBUG org.apache.http.client.protocol.RequestTargetAuthentication -- Target auth state: UNCHALLENGED
11:53:49.079 [main] DEBUG org.apache.http.client.protocol.RequestProxyAuthentication -- Proxy auth state: UNCHALLENGED
11:53:49.080 [main] DEBUG org.apache.http.impl.client.DefaultHttpClient -- Attempt 1 to execute request
11:53:49.080 [main] DEBUG org.apache.http.impl.conn.DefaultClientConnection -- Sending request: GET /v2/user/1002 HTTP/1.1
11:53:49.080 [main] DEBUG org.apache.http.wire --  >> "GET /v2/user/1002 HTTP/1.1[\r][\n]"
11:53:49.080 [main] DEBUG org.apache.http.wire --  >> "Accept: */*[\r][\n]"
11:53:49.080 [main] DEBUG org.apache.http.wire --  >> "Host: petstore.swagger.io[\r][\n]"
11:53:49.080 [main] DEBUG org.apache.http.wire --  >> "Connection: Keep-Alive[\r][\n]"
11:53:49.080 [main] DEBUG org.apache.http.wire --  >> "User-Agent: Apache-HttpClient/4.5.13 (Java/25.0.1)[\r][\n]"
11:53:49.080 [main] DEBUG org.apache.http.wire --  >> "Accept-Encoding: gzip,deflate[\r][\n]"
11:53:49.080 [main] DEBUG org.apache.http.wire --  >> "[\r][\n]"
11:53:49.080 [main] DEBUG org.apache.http.headers -- >> GET /v2/user/1002 HTTP/1.1
11:53:49.080 [main] DEBUG org.apache.http.headers -- >> Accept: */*
11:53:49.080 [main] DEBUG org.apache.http.headers -- >> Host: petstore.swagger.io
11:53:49.081 [main] DEBUG org.apache.http.headers -- >> Connection: Keep-Alive
11:53:49.081 [main] DEBUG org.apache.http.headers -- >> User-Agent: Apache-HttpClient/4.5.13 (Java/25.0.1)
11:53:49.081 [main] DEBUG org.apache.http.headers -- >> Accept-Encoding: gzip,deflate
11:53:49.490 [main] DEBUG org.apache.http.wire --  << "HTTP/1.1 404 Not Found[\r][\n]"
11:53:49.491 [main] DEBUG org.apache.http.wire --  << "Date: Tue, 15 Sep 2026 06:23:49 GMT[\r][\n]"
11:53:49.491 [main] DEBUG org.apache.http.wire --  << "Content-Type: application/json[\r][\n]"
11:53:49.491 [main] DEBUG org.apache.http.wire --  << "Transfer-Encoding: chunked[\r][\n]"
11:53:49.491 [main] DEBUG org.apache.http.wire --  << "Connection: keep-alive[\r][\n]"
11:53:49.491 [main] DEBUG org.apache.http.wire --  << "Access-Control-Allow-Origin: *[\r][\n]"
11:53:49.491 [main] DEBUG org.apache.http.wire --  << "Access-Control-Allow-Methods: GET, POST, DELETE, PUT[\r][\n]"
11:53:49.492 [main] DEBUG org.apache.http.wire --  << "Access-Control-Allow-Headers: Content-Type, api_key, Authorization[\r][\n]"
11:53:49.492 [main] DEBUG org.apache.http.wire --  << "Server: Jetty(9.2.9.v20150224)[\r][\n]"
11:53:49.492 [main] DEBUG org.apache.http.wire --  << "[\r][\n]"
11:53:49.492 [main] DEBUG org.apache.http.impl.conn.DefaultClientConnection -- Receiving response: HTTP/1.1 404 Not Found
11:53:49.492 [main] DEBUG org.apache.http.headers -- << HTTP/1.1 404 Not Found
11:53:49.492 [main] DEBUG org.apache.http.headers -- << Date: Tue, 15 Sep 2026 06:23:49 GMT
11:53:49.492 [main] DEBUG org.apache.http.headers -- << Content-Type: application/json
11:53:49.492 [main] DEBUG org.apache.http.headers -- << Transfer-Encoding: chunked
11:53:49.492 [main] DEBUG org.apache.http.headers -- << Connection: keep-alive
11:53:49.492 [main] DEBUG org.apache.http.headers -- << Access-Control-Allow-Origin: *
11:53:49.492 [main] DEBUG org.apache.http.headers -- << Access-Control-Allow-Methods: GET, POST, DELETE, PUT
11:53:49.492 [main] DEBUG org.apache.http.headers -- << Access-Control-Allow-Headers: Content-Type, api_key, Authorization
11:53:49.492 [main] DEBUG org.apache.http.headers -- << Server: Jetty(9.2.9.v20150224)
11:53:49.493 [main] DEBUG org.apache.http.impl.client.DefaultHttpClient -- Connection can be kept alive indefinitely
11:53:49.493 [main] DEBUG io.restassured.internal.RestAssuredHttpBuilder -- Parsing response as: application/json
11:53:49.493 [main] DEBUG io.restassured.internal.RestAssuredHttpBuilder -- Parsed data to instance of: class org.apache.http.conn.EofSensorInputStream
]]></system-out>
  </testcase>
  <testcase name="getAlluser[1003](3)" classname="api.test.MultipleUser" time="1.791">
    <failure message="expected [200] but found [404]" type="java.lang.AssertionError"><![CDATA[java.lang.AssertionError: expected [200] but found [404]
	at org.testng.Assert.fail(Assert.java:111)
	at org.testng.Assert.failNotEquals(Assert.java:1590)
	at org.testng.Assert.assertEqualsImpl(Assert.java:150)
	at org.testng.Assert.assertEquals(Assert.java:132)
	at org.testng.Assert.assertEquals(Assert.java:1431)
	at org.testng.Assert.assertEquals(Assert.java:1395)
	at org.testng.Assert.assertEquals(Assert.java:1441)
	at api.test.MultipleUser.getAlluser(MultipleUser.java:34)
	at java.base/jdk.internal.reflect.DirectMethodHandleAccessor.invoke(DirectMethodHandleAccessor.java:104)
	at java.base/java.lang.reflect.Method.invoke(Method.java:565)
	at org.testng.internal.invokers.MethodInvocationHelper.invokeMethod(MethodInvocationHelper.java:141)
	at org.testng.internal.invokers.TestInvoker.invokeMethod(TestInvoker.java:697)
	at org.testng.internal.invokers.TestInvoker.invokeTestMethod(TestInvoker.java:230)
	at org.testng.internal.invokers.MethodRunner.runInSequence(MethodRunner.java:63)
	at org.testng.internal.invokers.TestInvoker$MethodInvocationAgent.invoke(TestInvoker.java:1005)
	at org.testng.internal.invokers.TestInvoker.invokeTestMethods(TestInvoker.java:203)
	at org.testng.internal.invokers.TestMethodWorker.invokeTestMethods(TestMethodWorker.java:154)
	at org.testng.internal.invokers.TestMethodWorker.run(TestMethodWorker.java:134)
	at java.base/java.util.ArrayList.forEach(ArrayList.java:1604)
	at org.testng.TestRunner.privateRun(TestRunner.java:744)
	at org.testng.TestRunner.run(TestRunner.java:616)
	at org.testng.SuiteRunner.runTest(SuiteRunner.java:421)
	at org.testng.SuiteRunner.runSequentially(SuiteRunner.java:413)
	at org.testng.SuiteRunner.privateRun(SuiteRunner.java:373)
	at org.testng.SuiteRunner.run(SuiteRunner.java:312)
	at org.testng.SuiteRunnerWorker.runSuite(SuiteRunnerWorker.java:52)
	at org.testng.SuiteRunnerWorker.run(SuiteRunnerWorker.java:95)
	at org.testng.TestNG.runSuitesSequentially(TestNG.java:1274)
	at org.testng.TestNG.runSuitesLocally(TestNG.java:1208)
	at org.testng.TestNG.runSuites(TestNG.java:1112)
	at org.testng.TestNG.run(TestNG.java:1079)
	at org.apache.maven.surefire.testng.TestNGExecutor.run(TestNGExecutor.java:155)
	at org.apache.maven.surefire.testng.TestNGDirectoryTestSuite.executeSingleClass(TestNGDirectoryTestSuite.java:102)
	at org.apache.maven.surefire.testng.TestNGDirectoryTestSuite.execute(TestNGDirectoryTestSuite.java:91)
	at org.apache.maven.surefire.testng.TestNGProvider.invoke(TestNGProvider.java:137)
	at org.apache.maven.surefire.booter.ForkedBooter.runSuitesInProcess(ForkedBooter.java:385)
	at org.apache.maven.surefire.booter.ForkedBooter.execute(ForkedBooter.java:162)
	at org.apache.maven.surefire.booter.ForkedBooter.run(ForkedBooter.java:507)
	at org.apache.maven.surefire.booter.ForkedBooter.main(ForkedBooter.java:495)
]]></failure>
    <system-out><![CDATA[11:53:49.574 [main] DEBUG org.apache.http.impl.conn.BasicClientConnectionManager -- Get connection for route {s}->https://petstore.swagger.io:443
11:53:49.574 [main] DEBUG org.apache.http.impl.conn.DefaultClientConnectionOperator -- Connecting to petstore.swagger.io:443
11:53:51.027 [main] DEBUG org.apache.http.client.protocol.RequestAddCookies -- CookieSpec selected: ignoreCookies
11:53:51.027 [main] DEBUG org.apache.http.client.protocol.RequestAuthCache -- Auth cache not set in the context
11:53:51.027 [main] DEBUG org.apache.http.client.protocol.RequestTargetAuthentication -- Target auth state: UNCHALLENGED
11:53:51.027 [main] DEBUG org.apache.http.client.protocol.RequestProxyAuthentication -- Proxy auth state: UNCHALLENGED
11:53:51.028 [main] DEBUG org.apache.http.impl.client.DefaultHttpClient -- Attempt 1 to execute request
11:53:51.028 [main] DEBUG org.apache.http.impl.conn.DefaultClientConnection -- Sending request: GET /v2/user/1003 HTTP/1.1
11:53:51.028 [main] DEBUG org.apache.http.wire --  >> "GET /v2/user/1003 HTTP/1.1[\r][\n]"
11:53:51.028 [main] DEBUG org.apache.http.wire --  >> "Accept: */*[\r][\n]"
11:53:51.028 [main] DEBUG org.apache.http.wire --  >> "Host: petstore.swagger.io[\r][\n]"
11:53:51.028 [main] DEBUG org.apache.http.wire --  >> "Connection: Keep-Alive[\r][\n]"
11:53:51.028 [main] DEBUG org.apache.http.wire --  >> "User-Agent: Apache-HttpClient/4.5.13 (Java/25.0.1)[\r][\n]"
11:53:51.028 [main] DEBUG org.apache.http.wire --  >> "Accept-Encoding: gzip,deflate[\r][\n]"
11:53:51.028 [main] DEBUG org.apache.http.wire --  >> "[\r][\n]"
11:53:51.028 [main] DEBUG org.apache.http.headers -- >> GET /v2/user/1003 HTTP/1.1
11:53:51.028 [main] DEBUG org.apache.http.headers -- >> Accept: */*
11:53:51.028 [main] DEBUG org.apache.http.headers -- >> Host: petstore.swagger.io
11:53:51.028 [main] DEBUG org.apache.http.headers -- >> Connection: Keep-Alive
11:53:51.028 [main] DEBUG org.apache.http.headers -- >> User-Agent: Apache-HttpClient/4.5.13 (Java/25.0.1)
11:53:51.028 [main] DEBUG org.apache.http.headers -- >> Accept-Encoding: gzip,deflate
11:53:51.333 [main] DEBUG org.apache.http.wire --  << "HTTP/1.1 404 Not Found[\r][\n]"
11:53:51.333 [main] DEBUG org.apache.http.wire --  << "Date: Tue, 15 Sep 2026 06:23:51 GMT[\r][\n]"
11:53:51.333 [main] DEBUG org.apache.http.wire --  << "Content-Type: application/json[\r][\n]"
11:53:51.333 [main] DEBUG org.apache.http.wire --  << "Transfer-Encoding: chunked[\r][\n]"
11:53:51.333 [main] DEBUG org.apache.http.wire --  << "Connection: keep-alive[\r][\n]"
11:53:51.333 [main] DEBUG org.apache.http.wire --  << "Access-Control-Allow-Origin: *[\r][\n]"
11:53:51.333 [main] DEBUG org.apache.http.wire --  << "Access-Control-Allow-Methods: GET, POST, DELETE, PUT[\r][\n]"
11:53:51.333 [main] DEBUG org.apache.http.wire --  << "Access-Control-Allow-Headers: Content-Type, api_key, Authorization[\r][\n]"
11:53:51.333 [main] DEBUG org.apache.http.wire --  << "Server: Jetty(9.2.9.v20150224)[\r][\n]"
11:53:51.333 [main] DEBUG org.apache.http.wire --  << "[\r][\n]"
11:53:51.333 [main] DEBUG org.apache.http.impl.conn.DefaultClientConnection -- Receiving response: HTTP/1.1 404 Not Found
11:53:51.333 [main] DEBUG org.apache.http.headers -- << HTTP/1.1 404 Not Found
11:53:51.333 [main] DEBUG org.apache.http.headers -- << Date: Tue, 15 Sep 2026 06:23:51 GMT
11:53:51.333 [main] DEBUG org.apache.http.headers -- << Content-Type: application/json
11:53:51.333 [main] DEBUG org.apache.http.headers -- << Transfer-Encoding: chunked
11:53:51.333 [main] DEBUG org.apache.http.headers -- << Connection: keep-alive
11:53:51.333 [main] DEBUG org.apache.http.headers -- << Access-Control-Allow-Origin: *
11:53:51.333 [main] DEBUG org.apache.http.headers -- << Access-Control-Allow-Methods: GET, POST, DELETE, PUT
11:53:51.333 [main] DEBUG org.apache.http.headers -- << Access-Control-Allow-Headers: Content-Type, api_key, Authorization
11:53:51.333 [main] DEBUG org.apache.http.headers -- << Server: Jetty(9.2.9.v20150224)
11:53:51.334 [main] DEBUG org.apache.http.impl.client.DefaultHttpClient -- Connection can be kept alive indefinitely
11:53:51.334 [main] DEBUG io.restassured.internal.RestAssuredHttpBuilder -- Parsing response as: application/json
11:53:51.334 [main] DEBUG io.restassured.internal.RestAssuredHttpBuilder -- Parsed data to instance of: class org.apache.http.conn.EofSensorInputStream
]]></system-out>
  </testcase>
  <testcase name="getAlluser[1004](4)" classname="api.test.MultipleUser" time="1.767">
    <failure message="expected [200] but found [404]" type="java.lang.AssertionError"><![CDATA[java.lang.AssertionError: expected [200] but found [404]
	at org.testng.Assert.fail(Assert.java:111)
	at org.testng.Assert.failNotEquals(Assert.java:1590)
	at org.testng.Assert.assertEqualsImpl(Assert.java:150)
	at org.testng.Assert.assertEquals(Assert.java:132)
	at org.testng.Assert.assertEquals(Assert.java:1431)
	at org.testng.Assert.assertEquals(Assert.java:1395)
	at org.testng.Assert.assertEquals(Assert.java:1441)
	at api.test.MultipleUser.getAlluser(MultipleUser.java:34)
	at java.base/jdk.internal.reflect.DirectMethodHandleAccessor.invoke(DirectMethodHandleAccessor.java:104)
	at java.base/java.lang.reflect.Method.invoke(Method.java:565)
	at org.testng.internal.invokers.MethodInvocationHelper.invokeMethod(MethodInvocationHelper.java:141)
	at org.testng.internal.invokers.TestInvoker.invokeMethod(TestInvoker.java:697)
	at org.testng.internal.invokers.TestInvoker.invokeTestMethod(TestInvoker.java:230)
	at org.testng.internal.invokers.MethodRunner.runInSequence(MethodRunner.java:63)
	at org.testng.internal.invokers.TestInvoker$MethodInvocationAgent.invoke(TestInvoker.java:1005)
	at org.testng.internal.invokers.TestInvoker.invokeTestMethods(TestInvoker.java:203)
	at org.testng.internal.invokers.TestMethodWorker.invokeTestMethods(TestMethodWorker.java:154)
	at org.testng.internal.invokers.TestMethodWorker.run(TestMethodWorker.java:134)
	at java.base/java.util.ArrayList.forEach(ArrayList.java:1604)
	at org.testng.TestRunner.privateRun(TestRunner.java:744)
	at org.testng.TestRunner.run(TestRunner.java:616)
	at org.testng.SuiteRunner.runTest(SuiteRunner.java:421)
	at org.testng.SuiteRunner.runSequentially(SuiteRunner.java:413)
	at org.testng.SuiteRunner.privateRun(SuiteRunner.java:373)
	at org.testng.SuiteRunner.run(SuiteRunner.java:312)
	at org.testng.SuiteRunnerWorker.runSuite(SuiteRunnerWorker.java:52)
	at org.testng.SuiteRunnerWorker.run(SuiteRunnerWorker.java:95)
	at org.testng.TestNG.runSuitesSequentially(TestNG.java:1274)
	at org.testng.TestNG.runSuitesLocally(TestNG.java:1208)
	at org.testng.TestNG.runSuites(TestNG.java:1112)
	at org.testng.TestNG.run(TestNG.java:1079)
	at org.apache.maven.surefire.testng.TestNGExecutor.run(TestNGExecutor.java:155)
	at org.apache.maven.surefire.testng.TestNGDirectoryTestSuite.executeSingleClass(TestNGDirectoryTestSuite.java:102)
	at org.apache.maven.surefire.testng.TestNGDirectoryTestSuite.execute(TestNGDirectoryTestSuite.java:91)
	at org.apache.maven.surefire.testng.TestNGProvider.invoke(TestNGProvider.java:137)
	at org.apache.maven.surefire.booter.ForkedBooter.runSuitesInProcess(ForkedBooter.java:385)
	at org.apache.maven.surefire.booter.ForkedBooter.execute(ForkedBooter.java:162)
	at org.apache.maven.surefire.booter.ForkedBooter.run(ForkedBooter.java:507)
	at org.apache.maven.surefire.booter.ForkedBooter.main(ForkedBooter.java:495)
]]></failure>
    <system-out><![CDATA[11:53:51.363 [main] DEBUG org.apache.http.impl.conn.BasicClientConnectionManager -- Get connection for route {s}->https://petstore.swagger.io:443
11:53:51.363 [main] DEBUG org.apache.http.impl.conn.DefaultClientConnectionOperator -- Connecting to petstore.swagger.io:443
11:53:52.650 [main] DEBUG org.apache.http.client.protocol.RequestAddCookies -- CookieSpec selected: ignoreCookies
11:53:52.650 [main] DEBUG org.apache.http.client.protocol.RequestAuthCache -- Auth cache not set in the context
11:53:52.650 [main] DEBUG org.apache.http.client.protocol.RequestTargetAuthentication -- Target auth state: UNCHALLENGED
11:53:52.650 [main] DEBUG org.apache.http.client.protocol.RequestProxyAuthentication -- Proxy auth state: UNCHALLENGED
11:53:52.650 [main] DEBUG org.apache.http.impl.client.DefaultHttpClient -- Attempt 1 to execute request
11:53:52.650 [main] DEBUG org.apache.http.impl.conn.DefaultClientConnection -- Sending request: GET /v2/user/1004 HTTP/1.1
11:53:52.650 [main] DEBUG org.apache.http.wire --  >> "GET /v2/user/1004 HTTP/1.1[\r][\n]"
11:53:52.650 [main] DEBUG org.apache.http.wire --  >> "Accept: */*[\r][\n]"
11:53:52.650 [main] DEBUG org.apache.http.wire --  >> "Host: petstore.swagger.io[\r][\n]"
11:53:52.650 [main] DEBUG org.apache.http.wire --  >> "Connection: Keep-Alive[\r][\n]"
11:53:52.650 [main] DEBUG org.apache.http.wire --  >> "User-Agent: Apache-HttpClient/4.5.13 (Java/25.0.1)[\r][\n]"
11:53:52.650 [main] DEBUG org.apache.http.wire --  >> "Accept-Encoding: gzip,deflate[\r][\n]"
11:53:52.650 [main] DEBUG org.apache.http.wire --  >> "[\r][\n]"
11:53:52.650 [main] DEBUG org.apache.http.headers -- >> GET /v2/user/1004 HTTP/1.1
11:53:52.650 [main] DEBUG org.apache.http.headers -- >> Accept: */*
11:53:52.650 [main] DEBUG org.apache.http.headers -- >> Host: petstore.swagger.io
11:53:52.650 [main] DEBUG org.apache.http.headers -- >> Connection: Keep-Alive
11:53:52.650 [main] DEBUG org.apache.http.headers -- >> User-Agent: Apache-HttpClient/4.5.13 (Java/25.0.1)
11:53:52.650 [main] DEBUG org.apache.http.headers -- >> Accept-Encoding: gzip,deflate
11:53:53.107 [main] DEBUG org.apache.http.wire --  << "HTTP/1.1 404 Not Found[\r][\n]"
11:53:53.108 [main] DEBUG org.apache.http.wire --  << "Date: Tue, 15 Sep 2026 06:23:52 GMT[\r][\n]"
11:53:53.108 [main] DEBUG org.apache.http.wire --  << "Content-Type: application/json[\r][\n]"
11:53:53.108 [main] DEBUG org.apache.http.wire --  << "Transfer-Encoding: chunked[\r][\n]"
11:53:53.108 [main] DEBUG org.apache.http.wire --  << "Connection: keep-alive[\r][\n]"
11:53:53.108 [main] DEBUG org.apache.http.wire --  << "Access-Control-Allow-Origin: *[\r][\n]"
11:53:53.108 [main] DEBUG org.apache.http.wire --  << "Access-Control-Allow-Methods: GET, POST, DELETE, PUT[\r][\n]"
11:53:53.108 [main] DEBUG org.apache.http.wire --  << "Access-Control-Allow-Headers: Content-Type, api_key, Authorization[\r][\n]"
11:53:53.108 [main] DEBUG org.apache.http.wire --  << "Server: Jetty(9.2.9.v20150224)[\r][\n]"
11:53:53.108 [main] DEBUG org.apache.http.wire --  << "[\r][\n]"
11:53:53.108 [main] DEBUG org.apache.http.impl.conn.DefaultClientConnection -- Receiving response: HTTP/1.1 404 Not Found
11:53:53.108 [main] DEBUG org.apache.http.headers -- << HTTP/1.1 404 Not Found
11:53:53.108 [main] DEBUG org.apache.http.headers -- << Date: Tue, 15 Sep 2026 06:23:52 GMT
11:53:53.108 [main] DEBUG org.apache.http.headers -- << Content-Type: application/json
11:53:53.108 [main] DEBUG org.apache.http.headers -- << Transfer-Encoding: chunked
11:53:53.108 [main] DEBUG org.apache.http.headers -- << Connection: keep-alive
11:53:53.108 [main] DEBUG org.apache.http.headers -- << Access-Control-Allow-Origin: *
11:53:53.108 [main] DEBUG org.apache.http.headers -- << Access-Control-Allow-Methods: GET, POST, DELETE, PUT
11:53:53.108 [main] DEBUG org.apache.http.headers -- << Access-Control-Allow-Headers: Content-Type, api_key, Authorization
11:53:53.109 [main] DEBUG org.apache.http.headers -- << Server: Jetty(9.2.9.v20150224)
11:53:53.109 [main] DEBUG org.apache.http.impl.client.DefaultHttpClient -- Connection can be kept alive indefinitely
11:53:53.109 [main] DEBUG io.restassured.internal.RestAssuredHttpBuilder -- Parsing response as: application/json
11:53:53.109 [main] DEBUG io.restassured.internal.RestAssuredHttpBuilder -- Parsed data to instance of: class org.apache.http.conn.EofSensorInputStream
]]></system-out>
  </testcase>
  <testcase name="getAlluser[1005](5)" classname="api.test.MultipleUser" time="1.33">
    <failure message="expected [200] but found [404]" type="java.lang.AssertionError"><![CDATA[java.lang.AssertionError: expected [200] but found [404]
	at org.testng.Assert.fail(Assert.java:111)
	at org.testng.Assert.failNotEquals(Assert.java:1590)
	at org.testng.Assert.assertEqualsImpl(Assert.java:150)
	at org.testng.Assert.assertEquals(Assert.java:132)
	at org.testng.Assert.assertEquals(Assert.java:1431)
	at org.testng.Assert.assertEquals(Assert.java:1395)
	at org.testng.Assert.assertEquals(Assert.java:1441)
	at api.test.MultipleUser.getAlluser(MultipleUser.java:34)
	at java.base/jdk.internal.reflect.DirectMethodHandleAccessor.invoke(DirectMethodHandleAccessor.java:104)
	at java.base/java.lang.reflect.Method.invoke(Method.java:565)
	at org.testng.internal.invokers.MethodInvocationHelper.invokeMethod(MethodInvocationHelper.java:141)
	at org.testng.internal.invokers.TestInvoker.invokeMethod(TestInvoker.java:697)
	at org.testng.internal.invokers.TestInvoker.invokeTestMethod(TestInvoker.java:230)
	at org.testng.internal.invokers.MethodRunner.runInSequence(MethodRunner.java:63)
[...]
	at org.testng.internal.invokers.MethodRunner.runInSequence(MethodRunner.java:63)
	at org.testng.internal.invokers.TestInvoker$MethodInvocationAgent.invoke(TestInvoker.java:1005)
	at org.testng.internal.invokers.TestInvoker.invokeTestMethods(TestInvoker.java:203)
	at org.testng.internal.invokers.TestMethodWorker.invokeTestMethods(TestMethodWorker.java:154)
	at org.testng.internal.invokers.TestMethodWorker.run(TestMethodWorker.java:134)
	at java.base/java.util.ArrayList.forEach(ArrayList.java:1604)
	at org.testng.TestRunner.privateRun(TestRunner.java:744)
	at org.testng.TestRunner.run(TestRunner.java:616)
	at org.testng.SuiteRunner.runTest(SuiteRunner.java:421)
	at org.testng.SuiteRunner.runSequentially(SuiteRunner.java:413)
	at org.testng.SuiteRunner.privateRun(SuiteRunner.java:373)
	at org.testng.SuiteRunner.run(SuiteRunner.java:312)
	at org.testng.SuiteRunnerWorker.runSuite(SuiteRunnerWorker.java:52)
	at org.testng.SuiteRunnerWorker.run(SuiteRunnerWorker.java:95)
	at org.testng.TestNG.runSuitesSequentially(TestNG.java:1274)
	at org.testng.TestNG.runSuitesLocally(TestNG.java:1208)
	at org.testng.TestNG.runSuites(TestNG.java:1112)
	at org.testng.TestNG.run(TestNG.java:1079)
	at org.apache.maven.surefire.testng.TestNGExecutor.run(TestNGExecutor.java:155)
	at org.apache.maven.surefire.testng.TestNGDirectoryTestSuite.executeSingleClass(TestNGDirectoryTestSuite.java:102)
	at org.apache.maven.surefire.testng.TestNGDirectoryTestSuite.execute(TestNGDirectoryTestSuite.java:91)
	at org.apache.maven.surefire.testng.TestNGProvider.invoke(TestNGProvider.java:137)
	at org.apache.maven.surefire.booter.ForkedBooter.runSuitesInProcess(ForkedBooter.java:385)
	at org.apache.maven.surefire.booter.ForkedBooter.execute(ForkedBooter.java:162)
	at org.apache.maven.surefire.booter.ForkedBooter.run(ForkedBooter.java:507)
	at org.apache.maven.surefire.booter.ForkedBooter.main(ForkedBooter.java:495)
]]></failure>
    <system-out><![CDATA[11:54:06.194 [main] DEBUG org.apache.http.impl.conn.BasicClientConnectionManager -- Get connection for route {s}->https://petstore.swagger.io:443
11:54:06.195 [main] DEBUG org.apache.http.impl.conn.DefaultClientConnectionOperator -- Connecting to petstore.swagger.io:443
11:54:07.071 [main] DEBUG org.apache.http.client.protocol.RequestAddCookies -- CookieSpec selected: ignoreCookies
11:54:07.071 [main] DEBUG org.apache.http.client.protocol.RequestAuthCache -- Auth cache not set in the context
11:54:07.071 [main] DEBUG org.apache.http.client.protocol.RequestTargetAuthentication -- Target auth state: UNCHALLENGED
11:54:07.071 [main] DEBUG org.apache.http.client.protocol.RequestProxyAuthentication -- Proxy auth state: UNCHALLENGED
11:54:07.071 [main] DEBUG org.apache.http.impl.client.DefaultHttpClient -- Attempt 1 to execute request
11:54:07.072 [main] DEBUG org.apache.http.impl.conn.DefaultClientConnection -- Sending request: DELETE /v2/user/1007 HTTP/1.1
11:54:07.072 [main] DEBUG org.apache.http.wire --  >> "DELETE /v2/user/1007 HTTP/1.1[\r][\n]"
11:54:07.072 [main] DEBUG org.apache.http.wire --  >> "Accept: */*[\r][\n]"
11:54:07.072 [main] DEBUG org.apache.http.wire --  >> "Host: petstore.swagger.io[\r][\n]"
11:54:07.072 [main] DEBUG org.apache.http.wire --  >> "Connection: Keep-Alive[\r][\n]"
11:54:07.072 [main] DEBUG org.apache.http.wire --  >> "User-Agent: Apache-HttpClient/4.5.13 (Java/25.0.1)[\r][\n]"
11:54:07.072 [main] DEBUG org.apache.http.wire --  >> "Accept-Encoding: gzip,deflate[\r][\n]"
11:54:07.072 [main] DEBUG org.apache.http.wire --  >> "[\r][\n]"
11:54:07.072 [main] DEBUG org.apache.http.headers -- >> DELETE /v2/user/1007 HTTP/1.1
11:54:07.072 [main] DEBUG org.apache.http.headers -- >> Accept: */*
11:54:07.072 [main] DEBUG org.apache.http.headers -- >> Host: petstore.swagger.io
11:54:07.072 [main] DEBUG org.apache.http.headers -- >> Connection: Keep-Alive
11:54:07.072 [main] DEBUG org.apache.http.headers -- >> User-Agent: Apache-HttpClient/4.5.13 (Java/25.0.1)
11:54:07.072 [main] DEBUG org.apache.http.headers -- >> Accept-Encoding: gzip,deflate
11:54:07.288 [main] DEBUG org.apache.http.wire --  << "HTTP/1.1 404 Not Found[\r][\n]"
11:54:07.288 [main] DEBUG org.apache.http.wire --  << "Date: Tue, 15 Sep 2026 06:24:07 GMT[\r][\n]"
11:54:07.289 [main] DEBUG org.apache.http.wire --  << "Content-Length: 0[\r][\n]"
11:54:07.289 [main] DEBUG org.apache.http.wire --  << "Connection: keep-alive[\r][\n]"
11:54:07.289 [main] DEBUG org.apache.http.wire --  << "Access-Control-Allow-Origin: *[\r][\n]"
11:54:07.289 [main] DEBUG org.apache.http.wire --  << "Access-Control-Allow-Methods: GET, POST, DELETE, PUT[\r][\n]"
11:54:07.289 [main] DEBUG org.apache.http.wire --  << "Access-Control-Allow-Headers: Content-Type, api_key, Authorization[\r][\n]"
11:54:07.289 [main] DEBUG org.apache.http.wire --  << "Server: Jetty(9.2.9.v20150224)[\r][\n]"
11:54:07.289 [main] DEBUG org.apache.http.wire --  << "[\r][\n]"
11:54:07.289 [main] DEBUG org.apache.http.impl.conn.DefaultClientConnection -- Receiving response: HTTP/1.1 404 Not Found
11:54:07.289 [main] DEBUG org.apache.http.headers -- << HTTP/1.1 404 Not Found
11:54:07.289 [main] DEBUG org.apache.http.headers -- << Date: Tue, 15 Sep 2026 06:24:07 GMT
11:54:07.289 [main] DEBUG org.apache.http.headers -- << Content-Length: 0
11:54:07.289 [main] DEBUG org.apache.http.headers -- << Connection: keep-alive
11:54:07.289 [main] DEBUG org.apache.http.headers -- << Access-Control-Allow-Origin: *
11:54:07.289 [main] DEBUG org.apache.http.headers -- << Access-Control-Allow-Methods: GET, POST, DELETE, PUT
11:54:07.289 [main] DEBUG org.apache.http.headers -- << Access-Control-Allow-Headers: Content-Type, api_key, Authorization
11:54:07.289 [main] DEBUG org.apache.http.headers -- << Server: Jetty(9.2.9.v20150224)
11:54:07.289 [main] DEBUG org.apache.http.impl.client.DefaultHttpClient -- Connection can be kept alive indefinitely
]]></system-out>
  </testcase>
  <testcase name="deleteAllUser[1008](8)" classname="api.test.MultipleUser" time="1.197">
    <failure message="expected [200] but found [404]" type="java.lang.AssertionError"><![CDATA[java.lang.AssertionError: expected [200] but found [404]
	at org.testng.Assert.fail(Assert.java:111)
	at org.testng.Assert.failNotEquals(Assert.java:1590)
	at org.testng.Assert.assertEqualsImpl(Assert.java:150)
	at org.testng.Assert.assertEquals(Assert.java:132)
	at org.testng.Assert.assertEquals(Assert.java:1431)
	at org.testng.Assert.assertEquals(Assert.java:1395)
	at org.testng.Assert.assertEquals(Assert.java:1441)
	at api.test.MultipleUser.deleteAllUser(MultipleUser.java:42)
	at java.base/jdk.internal.reflect.DirectMethodHandleAccessor.invoke(DirectMethodHandleAccessor.java:104)
	at java.base/java.lang.reflect.Method.invoke(Method.java:565)
	at org.testng.internal.invokers.MethodInvocationHelper.invokeMethod(MethodInvocationHelper.java:141)
	at org.testng.internal.invokers.TestInvoker.invokeMethod(TestInvoker.java:697)
	at org.testng.internal.invokers.TestInvoker.invokeTestMethod(TestInvoker.java:230)
	at org.testng.internal.invokers.MethodRunner.runInSequence(MethodRunner.java:63)
	at org.testng.internal.invokers.TestInvoker$MethodInvocationAgent.invoke(TestInvoker.java:1005)
	at org.testng.internal.invokers.TestInvoker.invokeTestMethods(TestInvoker.java:203)
	at org.testng.internal.invokers.TestMethodWorker.invokeTestMethods(TestMethodWorker.java:154)
	at org.testng.internal.invokers.TestMethodWorker.run(TestMethodWorker.java:134)
	at java.base/java.util.ArrayList.forEach(ArrayList.java:1604)
	at org.testng.TestRunner.privateRun(TestRunner.java:744)
	at org.testng.TestRunner.run(TestRunner.java:616)
	at org.testng.SuiteRunner.runTest(SuiteRunner.java:421)
	at org.testng.SuiteRunner.runSequentially(SuiteRunner.java:413)
	at org.testng.SuiteRunner.privateRun(SuiteRunner.java:373)
	at org.testng.SuiteRunner.run(SuiteRunner.java:312)
	at org.testng.SuiteRunnerWorker.runSuite(SuiteRunnerWorker.java:52)
	at org.testng.SuiteRunnerWorker.run(SuiteRunnerWorker.java:95)
	at org.testng.TestNG.runSuitesSequentially(TestNG.java:1274)
	at org.testng.TestNG.runSuitesLocally(TestNG.java:1208)
	at org.testng.TestNG.runSuites(TestNG.java:1112)
	at org.testng.TestNG.run(TestNG.java:1079)
	at org.apache.maven.surefire.testng.TestNGExecutor.run(TestNGExecutor.java:155)
	at org.apache.maven.surefire.testng.TestNGDirectoryTestSuite.executeSingleClass(TestNGDirectoryTestSuite.java:102)
	at org.apache.maven.surefire.testng.TestNGDirectoryTestSuite.execute(TestNGDirectoryTestSuite.java:91)
	at org.apache.maven.surefire.testng.TestNGProvider.invoke(TestNGProvider.java:137)
	at org.apache.maven.surefire.booter.ForkedBooter.runSuitesInProcess(ForkedBooter.java:385)
	at org.apache.maven.surefire.booter.ForkedBooter.execute(ForkedBooter.java:162)
	at org.apache.maven.surefire.booter.ForkedBooter.run(ForkedBooter.java:507)
	at org.apache.maven.surefire.booter.ForkedBooter.main(ForkedBooter.java:495)
]]></failure>
    <system-out><![CDATA[11:54:07.357 [main] DEBUG org.apache.http.impl.conn.BasicClientConnectionManager -- Get connection for route {s}->https://petstore.swagger.io:443
11:54:07.357 [main] DEBUG org.apache.http.impl.conn.DefaultClientConnectionOperator -- Connecting to petstore.swagger.io:443
11:54:08.290 [main] DEBUG org.apache.http.client.protocol.RequestAddCookies -- CookieSpec selected: ignoreCookies
11:54:08.291 [main] DEBUG org.apache.http.client.protocol.RequestAuthCache -- Auth cache not set in the context
11:54:08.291 [main] DEBUG org.apache.http.client.protocol.RequestTargetAuthentication -- Target auth state: UNCHALLENGED
11:54:08.291 [main] DEBUG org.apache.http.client.protocol.RequestProxyAuthentication -- Proxy auth state: UNCHALLENGED
11:54:08.291 [main] DEBUG org.apache.http.impl.client.DefaultHttpClient -- Attempt 1 to execute request
11:54:08.291 [main] DEBUG org.apache.http.impl.conn.DefaultClientConnection -- Sending request: DELETE /v2/user/1008 HTTP/1.1
11:54:08.291 [main] DEBUG org.apache.http.wire --  >> "DELETE /v2/user/1008 HTTP/1.1[\r][\n]"
11:54:08.291 [main] DEBUG org.apache.http.wire --  >> "Accept: */*[\r][\n]"
11:54:08.291 [main] DEBUG org.apache.http.wire --  >> "Host: petstore.swagger.io[\r][\n]"
11:54:08.291 [main] DEBUG org.apache.http.wire --  >> "Connection: Keep-Alive[\r][\n]"
11:54:08.291 [main] DEBUG org.apache.http.wire --  >> "User-Agent: Apache-HttpClient/4.5.13 (Java/25.0.1)[\r][\n]"
11:54:08.291 [main] DEBUG org.apache.http.wire --  >> "Accept-Encoding: gzip,deflate[\r][\n]"
11:54:08.291 [main] DEBUG org.apache.http.wire --  >> "[\r][\n]"
11:54:08.291 [main] DEBUG org.apache.http.headers -- >> DELETE /v2/user/1008 HTTP/1.1
11:54:08.291 [main] DEBUG org.apache.http.headers -- >> Accept: */*
11:54:08.291 [main] DEBUG org.apache.http.headers -- >> Host: petstore.swagger.io
11:54:08.291 [main] DEBUG org.apache.http.headers -- >> Connection: Keep-Alive
11:54:08.291 [main] DEBUG org.apache.http.headers -- >> User-Agent: Apache-HttpClient/4.5.13 (Java/25.0.1)
11:54:08.291 [main] DEBUG org.apache.http.headers -- >> Accept-Encoding: gzip,deflate
11:54:08.516 [main] DEBUG org.apache.http.wire --  << "HTTP/1.1 404 Not Found[\r][\n]"
11:54:08.516 [main] DEBUG org.apache.http.wire --  << "Date: Tue, 15 Sep 2026 06:24:08 GMT[\r][\n]"
11:54:08.516 [main] DEBUG org.apache.http.wire --  << "Content-Length: 0[\r][\n]"
11:54:08.516 [main] DEBUG org.apache.http.wire --  << "Connection: keep-alive[\r][\n]"
11:54:08.516 [main] DEBUG org.apache.http.wire --  << "Access-Control-Allow-Origin: *[\r][\n]"
11:54:08.516 [main] DEBUG org.apache.http.wire --  << "Access-Control-Allow-Methods: GET, POST, DELETE, PUT[\r][\n]"
11:54:08.516 [main] DEBUG org.apache.http.wire --  << "Access-Control-Allow-Headers: Content-Type, api_key, Authorization[\r][\n]"
11:54:08.516 [main] DEBUG org.apache.http.wire --  << "Server: Jetty(9.2.9.v20150224)[\r][\n]"
11:54:08.516 [main] DEBUG org.apache.http.wire --  << "[\r][\n]"
11:54:08.516 [main] DEBUG org.apache.http.impl.conn.DefaultClientConnection -- Receiving response: HTTP/1.1 404 Not Found
11:54:08.516 [main] DEBUG org.apache.http.headers -- << HTTP/1.1 404 Not Found
11:54:08.516 [main] DEBUG org.apache.http.headers -- << Date: Tue, 15 Sep 2026 06:24:08 GMT
11:54:08.516 [main] DEBUG org.apache.http.headers -- << Content-Length: 0
11:54:08.516 [main] DEBUG org.apache.http.headers -- << Connection: keep-alive
11:54:08.516 [main] DEBUG org.apache.http.headers -- << Access-Control-Allow-Origin: *
11:54:08.516 [main] DEBUG org.apache.http.headers -- << Access-Control-Allow-Methods: GET, POST, DELETE, PUT
11:54:08.516 [main] DEBUG org.apache.http.headers -- << Access-Control-Allow-Headers: Content-Type, api_key, Authorization
11:54:08.516 [main] DEBUG org.apache.http.headers -- << Server: Jetty(9.2.9.v20150224)
11:54:08.517 [main] DEBUG org.apache.http.impl.client.DefaultHttpClient -- Connection can be kept alive indefinitely
]]></system-out>
  </testcase>
  <testcase name="deleteAllUser[1009](9)" classname="api.test.MultipleUser" time="1.152">
    <failure message="expected [200] but found [404]" type="java.lang.AssertionError"><![CDATA[java.lang.AssertionError: expected [200] but found [404]
	at org.testng.Assert.fail(Assert.java:111)
	at org.testng.Assert.failNotEquals(Assert.java:1590)
	at org.testng.Assert.assertEqualsImpl(Assert.java:150)
	at org.testng.Assert.assertEquals(Assert.java:132)
	at org.testng.Assert.assertEquals(Assert.java:1431)
	at org.testng.Assert.assertEquals(Assert.java:1395)
	at org.testng.Assert.assertEquals(Assert.java:1441)
	at api.test.MultipleUser.deleteAllUser(MultipleUser.java:42)
	at java.base/jdk.internal.reflect.DirectMethodHandleAccessor.invoke(DirectMethodHandleAccessor.java:104)
	at java.base/java.lang.reflect.Method.invoke(Method.java:565)
	at org.testng.internal.invokers.MethodInvocationHelper.invokeMethod(MethodInvocationHelper.java:141)
	at org.testng.internal.invokers.TestInvoker.invokeMethod(TestInvoker.java:697)
	at org.testng.internal.invokers.TestInvoker.invokeTestMethod(TestInvoker.java:230)
	at org.testng.internal.invokers.MethodRunner.runInSequence(MethodRunner.java:63)
	at org.testng.internal.invokers.TestInvoker$MethodInvocationAgent.invoke(TestInvoker.java:1005)
	at org.testng.internal.invokers.TestInvoker.invokeTestMethods(TestInvoker.java:203)
	at org.testng.internal.invokers.TestMethodWorker.invokeTestMethods(TestMethodWorker.java:154)
	at org.testng.internal.invokers.TestMethodWorker.run(TestMethodWorker.java:134)
	at java.base/java.util.ArrayList.forEach(ArrayList.java:1604)
	at org.testng.TestRunner.privateRun(TestRunner.java:744)
	at org.testng.TestRunner.run(TestRunner.java:616)
	at org.testng.SuiteRunner.runTest(SuiteRunner.java:421)
	at org.testng.SuiteRunner.runSequentially(SuiteRunner.java:413)
	at org.testng.SuiteRunner.privateRun(SuiteRunner.java:373)
	at org.testng.SuiteRunner.run(SuiteRunner.java:312)
	at org.testng.SuiteRunnerWorker.runSuite(SuiteRunnerWorker.java:52)
	at org.testng.SuiteRunnerWorker.run(SuiteRunnerWorker.java:95)
	at org.testng.TestNG.runSuitesSequentially(TestNG.java:1274)
	at org.testng.TestNG.runSuitesLocally(TestNG.java:1208)
	at org.testng.TestNG.runSuites(TestNG.java:1112)
	at org.testng.TestNG.run(TestNG.java:1079)
	at org.apache.maven.surefire.testng.TestNGExecutor.run(TestNGExecutor.java:155)
	at org.apache.maven.surefire.testng.TestNGDirectoryTestSuite.executeSingleClass(TestNGDirectoryTestSuite.java:102)
	at org.apache.maven.surefire.testng.TestNGDirectoryTestSuite.execute(TestNGDirectoryTestSuite.java:91)
	at org.apache.maven.surefire.testng.TestNGProvider.invoke(TestNGProvider.java:137)
	at org.apache.maven.surefire.booter.ForkedBooter.runSuitesInProcess(ForkedBooter.java:385)
	at org.apache.maven.surefire.booter.ForkedBooter.execute(ForkedBooter.java:162)
	at org.apache.maven.surefire.booter.ForkedBooter.run(ForkedBooter.java:507)
	at org.apache.maven.surefire.booter.ForkedBooter.main(ForkedBooter.java:495)
]]></failure>
    <system-out><![CDATA[11:54:08.531 [main] DEBUG org.apache.http.impl.conn.BasicClientConnectionManager -- Get connection for route {s}->https://petstore.swagger.io:443
11:54:08.532 [main] DEBUG org.apache.http.impl.conn.DefaultClientConnectionOperator -- Connecting to petstore.swagger.io:443
11:54:09.425 [main] DEBUG org.apache.http.client.protocol.RequestAddCookies -- CookieSpec selected: ignoreCookies
11:54:09.425 [main] DEBUG org.apache.http.client.protocol.RequestAuthCache -- Auth cache not set in the context
11:54:09.425 [main] DEBUG org.apache.http.client.protocol.RequestTargetAuthentication -- Target auth state: UNCHALLENGED
11:54:09.425 [main] DEBUG org.apache.http.client.protocol.RequestProxyAuthentication -- Proxy auth state: UNCHALLENGED
11:54:09.425 [main] DEBUG org.apache.http.impl.client.DefaultHttpClient -- Attempt 1 to execute request
11:54:09.425 [main] DEBUG org.apache.http.impl.conn.DefaultClientConnection -- Sending request: DELETE /v2/user/1009 HTTP/1.1
11:54:09.425 [main] DEBUG org.apache.http.wire --  >> "DELETE /v2/user/1009 HTTP/1.1[\r][\n]"
11:54:09.425 [main] DEBUG org.apache.http.wire --  >> "Accept: */*[\r][\n]"
11:54:09.426 [main] DEBUG org.apache.http.wire --  >> "Host: petstore.swagger.io[\r][\n]"
11:54:09.426 [main] DEBUG org.apache.http.wire --  >> "Connection: Keep-Alive[\r][\n]"
11:54:09.426 [main] DEBUG org.apache.http.wire --  >> "User-Agent: Apache-HttpClient/4.5.13 (Java/25.0.1)[\r][\n]"
11:54:09.426 [main] DEBUG org.apache.http.wire --  >> "Accept-Encoding: gzip,deflate[\r][\n]"
11:54:09.426 [main] DEBUG org.apache.http.wire --  >> "[\r][\n]"
11:54:09.426 [main] DEBUG org.apache.http.headers -- >> DELETE /v2/user/1009 HTTP/1.1
11:54:09.426 [main] DEBUG org.apache.http.headers -- >> Accept: */*
11:54:09.426 [main] DEBUG org.apache.http.headers -- >> Host: petstore.swagger.io
11:54:09.426 [main] DEBUG org.apache.http.headers -- >> Connection: Keep-Alive
11:54:09.426 [main] DEBUG org.apache.http.headers -- >> User-Agent: Apache-HttpClient/4.5.13 (Java/25.0.1)
11:54:09.426 [main] DEBUG org.apache.http.headers -- >> Accept-Encoding: gzip,deflate
11:54:09.657 [main] DEBUG org.apache.http.wire --  << "HTTP/1.1 404 Not Found[\r][\n]"
11:54:09.657 [main] DEBUG org.apache.http.wire --  << "Date: Tue, 15 Sep 2026 06:24:09 GMT[\r][\n]"
11:54:09.657 [main] DEBUG org.apache.http.wire --  << "Content-Length: 0[\r][\n]"
11:54:09.657 [main] DEBUG org.apache.http.wire --  << "Connection: keep-alive[\r][\n]"
11:54:09.657 [main] DEBUG org.apache.http.wire --  << "Access-Control-Allow-Origin: *[\r][\n]"
11:54:09.657 [main] DEBUG org.apache.http.wire --  << "Access-Control-Allow-Methods: GET, POST, DELETE, PUT[\r][\n]"
11:54:09.657 [main] DEBUG org.apache.http.wire --  << "Access-Control-Allow-Headers: Content-Type, api_key, Authorization[\r][\n]"
11:54:09.657 [main] DEBUG org.apache.http.wire --  << "Server: Jetty(9.2.9.v20150224)[\r][\n]"
11:54:09.657 [main] DEBUG org.apache.http.wire --  << "[\r][\n]"
11:54:09.657 [main] DEBUG org.apache.http.impl.conn.DefaultClientConnection -- Receiving response: HTTP/1.1 404 Not Found
11:54:09.657 [main] DEBUG org.apache.http.headers -- << HTTP/1.1 404 Not Found
11:54:09.657 [main] DEBUG org.apache.http.headers -- << Date: Tue, 15 Sep 2026 06:24:09 GMT
11:54:09.657 [main] DEBUG org.apache.http.headers -- << Content-Length: 0
11:54:09.657 [main] DEBUG org.apache.http.headers -- << Connection: keep-alive
11:54:09.657 [main] DEBUG org.apache.http.headers -- << Access-Control-Allow-Origin: *
11:54:09.657 [main] DEBUG org.apache.http.headers -- << Access-Control-Allow-Methods: GET, POST, DELETE, PUT
11:54:09.657 [main] DEBUG org.apache.http.headers -- << Access-Control-Allow-Headers: Content-Type, api_key, Authorization
11:54:09.657 [main] DEBUG org.apache.http.headers -- << Server: Jetty(9.2.9.v20150224)
11:54:09.658 [main] DEBUG org.apache.http.impl.client.DefaultHttpClient -- Connection can be kept alive indefinitely
]]></system-out>
  </testcase>
</testsuite>