<?xml version="1.0" encoding="UTF-8"?>
<testng-results ignored="0" total="4" passed="4" failed="0" skipped="0">
  <reporter-output>
  </reporter-output>
  <suite started-at="2026-09-18T10:08:45 IST" name="Surefire suite" finished-at="2026-09-18T10:09:05 IST" duration-ms="20094">
    <groups>
    </groups>
    <test started-at="2026-09-18T10:08:45 IST" name="Surefire test" finished-at="2026-09-18T10:09:05 IST" duration-ms="20094">
      <class name="api.test.UserTest">
        <test-method is-config="true" signature="setUpData()[pri:0, instance:api.test.UserTest@55b7a4e0]" started-at="2026-09-18T10:08:45 IST" name="setUpData" finished-at="2026-09-18T10:08:46 IST" duration-ms="1364" status="PASS">
          <reporter-output>
          </reporter-output>
        </test-method> <!-- setUpData -->
        <test-method signature="testUserCreation()[pri:1, instance:api.test.UserTest@55b7a4e0]" started-at="2026-09-18T10:08:46 IST" name="testUserCreation" finished-at="2026-09-18T10:08:57 IST" duration-ms="10564" status="PASS">
          <reporter-output>
          </reporter-output>
        </test-method> <!-- testUserCreation -->
        <test-method signature="testGetUser()[pri:2, instance:api.test.UserTest@55b7a4e0]" started-at="2026-09-18T10:08:57 IST" name="testGetUser" finished-at="2026-09-18T10:08:58 IST" duration-ms="1200" status="PASS">
          <reporter-output>
          </reporter-output>
        </test-method> <!-- testGetUser -->
        <test-method signature="updateUserInfo()[pri:3, instance:api.test.UserTest@55b7a4e0]" started-at="2026-09-18T10:08:58 IST" name="updateUserInfo" finished-at="2026-09-18T10:09:02 IST" duration-ms="4326" status="PASS">
          <reporter-output>
          </reporter-output>
        </test-method> <!-- updateUserInfo -->
        <test-method signature="deleteUserinfo()[pri:4, instance:api.test.UserTest@55b7a4e0]" started-at="2026-09-18T10:09:02 IST" name="deleteUserinfo" finished-at="2026-09-18T10:09:05 IST" duration-ms="2482" status="PASS">
          <reporter-output>
          </reporter-output>
        </test-method> <!-- deleteUserinfo -->
      </class> <!-- api.test.UserTest -->
    </test> <!-- Surefire test -->
  </suite> <!-- Surefire suite -->
</testng-results>
