<?xml version="1.0" encoding="UTF-8"?>
<testng-results ignored="0" total="31" passed="31" failed="0" skipped="0">
  <reporter-output>
  </reporter-output>
  <suite started-at="2026-09-16T22:00:26 IST" name="Suite" finished-at="2026-09-16T22:01:17 IST" duration-ms="50956">
    <groups>
    </groups>
    <test started-at="2026-09-16T22:00:26 IST" name="apiTest" finished-at="2026-09-16T22:01:17 IST" duration-ms="50956">
      <class name="api.test.MultipleUser">
        <test-method signature="createsMultipleUsers(java.lang.String,java.lang.String,java.lang.String,java.lang.String,java.lang.String,java.lang.String,java.lang.String,java.lang.String)[pri:1, instance:api.test.MultipleUser@1fe8d51b]" started-at="2026-09-16T22:00:31 IST" name="createsMultipleUsers" data-provider="allData" finished-at="2026-09-16T22:00:37 IST" duration-ms="6042" status="PASS">
          <params>
            <param index="0">
              <value>
                <![CDATA[1001]]>
              </value>
            </param>
            <param index="1">
              <value>
                <![CDATA[jsmith]]>
              </value>
            </param>
            <param index="2">
              <value>
                <![CDATA[John]]>
              </value>
            </param>
            <param index="3">
              <value>
                <![CDATA[Smith]]>
              </value>
            </param>
            <param index="4">
              <value>
                <![CDATA[jsmith@example.com]]>
              </value>
            </param>
            <param index="5">
              <value>
                <![CDATA[K#92vL!84m]]>
              </value>
            </param>
            <param index="6">
              <value>
                <![CDATA[+1-555-0143]]>
              </value>
            </param>
            <param index="7">
              <value>
                <![CDATA[1]]>
              </value>
            </param>
          </params>
          <reporter-output>
          </reporter-output>
        </test-method> <!-- createsMultipleUsers -->
        <test-method signature="createsMultipleUsers(java.lang.String,java.lang.String,java.lang.String,java.lang.String,java.lang.String,java.lang.String,java.lang.String,java.lang.String)[pri:1, instance:api.test.MultipleUser@1fe8d51b]" started-at="2026-09-16T22:00:37 IST" name="createsMultipleUsers" data-provider="allData" finished-at="2026-09-16T22:00:39 IST" duration-ms="1219" status="PASS">
          <params>
            <param index="0">
              <value>
                <![CDATA[1002]]>
              </value>
            </param>
            <param index="1">
              <value>
                <![CDATA[erodriguez]]>
              </value>
            </param>
            <param index="2">
              <value>
                <![CDATA[Elena]]>
              </value>
            </param>
            <param index="3">
              <value>
                <![CDATA[Rodriguez]]>
              </value>
            </param>
            <param index="4">
              <value>
                <![CDATA[erodriguez@example.com]]>
              </value>
            </param>
            <param index="5">
              <value>
                <![CDATA[Tr0ub4dor&3]]>
              </value>
            </param>
            <param index="6">
              <value>
                <![CDATA[+1-555-0182]]>
              </value>
            </param>
            <param index="7">
              <value>
                <![CDATA[1]]>
              </value>
            </param>
          </params>
          <reporter-output>
          </reporter-output>
        </test-method> <!-- createsMultipleUsers -->
        <test-method signature="createsMultipleUsers(java.lang.String,java.lang.String,java.lang.String,java.lang.String,java.lang.String,java.lang.String,java.lang.String,java.lang.String)[pri:1, instance:api.test.MultipleUser@1fe8d51b]" started-at="2026-09-16T22:00:39 IST" name="createsMultipleUsers" data-provider="allData" finished-at="2026-09-16T22:00:40 IST" duration-ms="1199" status="PASS">
          <params>
            <param index="0">
              <value>
                <![CDATA[1003]]>
              </value>
            </param>
            <param index="1">
              <value>
                <![CDATA[mchen]]>
              </value>
            </param>
            <param index="2">
              <value>
                <![CDATA[Michael]]>
              </value>
            </param>
            <param index="3">
              <value>
                <![CDATA[Chen]]>
              </value>
            </param>
            <param index="4">
              <value>
                <![CDATA[mchen@example.com]]>
              </value>
            </param>
            <param index="5">
              <value>
                <![CDATA[C#3n!S3cur3]]>
              </value>
            </param>
            <param index="6">
              <value>
                <![CDATA[+1-555-0199]]>
              </value>
            </param>
            <param index="7">
              <value>
                <![CDATA[1]]>
              </value>
            </param>
          </params>
          <reporter-output>
          </reporter-output>
        </test-method> <!-- createsMultipleUsers -->
        <test-method signature="createsMultipleUsers(java.lang.String,java.lang.String,java.lang.String,java.lang.String,java.lang.String,java.lang.String,java.lang.String,java.lang.String)[pri:1, instance:api.test.MultipleUser@1fe8d51b]" started-at="2026-09-16T22:00:40 IST" name="createsMultipleUsers" data-provider="allData" finished-at="2026-09-16T22:00:41 IST" duration-ms="1172" status="PASS">
          <params>
            <param index="0">
              <value>
                <![CDATA[1004]]>
              </value>
            </param>
            <param index="1">
              <value>
                <![CDATA[akumar]]>
              </value>
            </param>
            <param index="2">
              <value>
                <![CDATA[Amit]]>
              </value>
            </param>
            <param index="3">
              <value>
                <![CDATA[Kumar]]>
              </value>
            </param>
            <param index="4">
              <value>
                <![CDATA[akumar@example.com]]>
              </value>
            </param>
            <param index="5">
              <value>
                <![CDATA[K!m@r2026x]]>
              </value>
            </param>
            <param index="6">
              <value>
                <![CDATA[+1-555-0128]]>
              </value>
            </param>
            <param index="7">
              <value>
                <![CDATA[0]]>
              </value>
            </param>
          </params>
          <reporter-output>
          </reporter-output>
        </test-method> <!-- createsMultipleUsers -->
        <test-method signature="createsMultipleUsers(java.lang.String,java.lang.String,java.lang.String,java.lang.String,java.lang.String,java.lang.String,java.lang.String,java.lang.String)[pri:1, instance:api.test.MultipleUser@1fe8d51b]" started-at="2026-09-16T22:00:41 IST" name="createsMultipleUsers" data-provider="allData" finished-at="2026-09-16T22:00:42 IST" duration-ms="1169" status="PASS">
          <params>
            <param index="0">
              <value>
                <![CDATA[1005]]>
              </value>
            </param>
            <param index="1">
              <value>
                <![CDATA[spatel]]>
              </value>
            </param>
            <param index="2">
              <value>
                <![CDATA[Sarah]]>
              </value>
            </param>
            <param index="3">
              <value>
                <![CDATA[Patel]]>
              </value>
            </param>
            <param index="4">
              <value>
                <![CDATA[spatel@example.com]]>
              </value>
            </param>
            <param index="5">
              <value>
                <![CDATA[P@tel!98Sec]]>
              </value>
            </param>
            <param index="6">
              <value>
                <![CDATA[+1-555-0174]]>
              </value>
            </param>
            <param index="7">
              <value>
                <![CDATA[1]]>
              </value>
            </param>
          </params>
          <reporter-output>
          </reporter-output>
        </test-method> <!-- createsMultipleUsers -->
        <test-method signature="createsMultipleUsers(java.lang.String,java.lang.String,java.lang.String,java.lang.String,java.lang.String,java.lang.String,java.lang.String,java.lang.String)[pri:1, instance:api.test.MultipleUser@1fe8d51b]" started-at="2026-09-16T22:00:42 IST" name="createsMultipleUsers" data-provider="allData" finished-at="2026-09-16T22:00:43 IST" duration-ms="1162" status="PASS">
          <params>
            <param index="0">
              <value>
                <![CDATA[1006]]>
              </value>
            </param>
            <param index="1">
              <value>
                <![CDATA[dkim]]>
              </value>
            </param>
            <param index="2">
              <value>
                <![CDATA[David]]>
              </value>
            </param>
            <param index="3">
              <value>
                <![CDATA[Kim]]>
              </value>
            </param>
            <param index="4">
              <value>
                <![CDATA[dkim@example.com]]>
              </value>
            </param>
            <param index="5">
              <value>
                <![CDATA[Dk!m#Secure1]]>
              </value>
            </param>
            <param index="6">
              <value>
                <![CDATA[+1-555-0165]]>
              </value>
            </param>
            <param index="7">
              <value>
                <![CDATA[0]]>
              </value>
            </param>
          </params>
          <reporter-output>
          </reporter-output>
        </test-method> <!-- createsMultipleUsers -->
        <test-method signature="createsMultipleUsers(java.lang.String,java.lang.String,java.lang.String,java.lang.String,java.lang.String,java.lang.String,java.lang.String,java.lang.String)[pri:1, instance:api.test.MultipleUser@1fe8d51b]" started-at="2026-09-16T22:00:43 IST" name="createsMultipleUsers" data-provider="allData" finished-at="2026-09-16T22:00:45 IST" duration-ms="1162" status="PASS">
          <params>
            <param index="0">
              <value>
                <![CDATA[1007]]>
              </value>
            </param>
            <param index="1">
              <value>
                <![CDATA[lmartinez]]>
              </value>
            </param>
            <param index="2">
              <value>
                <![CDATA[Lucia]]>
              </value>
            </param>
            <param index="3">
              <value>
                <![CDATA[Martinez]]>
              </value>
            </param>
            <param index="4">
              <value>
                <![CDATA[lmartinez@example.com]]>
              </value>
            </param>
            <param index="5">
              <value>
                <![CDATA[L!M@rt!n3z8]]>
              </value>
            </param>
            <param index="6">
              <value>
                <![CDATA[+1-555-0131]]>
              </value>
            </param>
            <param index="7">
              <value>
                <![CDATA[1]]>
              </value>
            </param>
          </params>
          <reporter-output>
          </reporter-output>
        </test-method> <!-- createsMultipleUsers -->
        <test-method signature="createsMultipleUsers(java.lang.String,java.lang.String,java.lang.String,java.lang.String,java.lang.String,java.lang.String,java.lang.String,java.lang.String)[pri:1, instance:api.test.MultipleUser@1fe8d51b]" started-at="2026-09-16T22:00:45 IST" name="createsMultipleUsers" data-provider="allData" finished-at="2026-09-16T22:00:46 IST" duration-ms="1127" status="PASS">
          <params>
            <param index="0">
              <value>
                <![CDATA[1008]]>
              </value>
            </param>
            <param index="1">
              <value>
                <![CDATA[bwong]]>
              </value>
            </param>
            <param index="2">
              <value>
                <![CDATA[Brian]]>
              </value>
            </param>
            <param index="3">
              <value>
                <![CDATA[Wong]]>
              </value>
            </param>
            <param index="4">
              <value>
                <![CDATA[bwong@example.com]]>
              </value>
            </param>
            <param index="5">
              <value>
                <![CDATA[W0ng!P@ss99]]>
              </value>
            </param>
            <param index="6">
              <value>
                <![CDATA[+1-555-0110]]>
              </value>
            </param>
            <param index="7">
              <value>
                <![CDATA[1]]>
              </value>
            </param>
          </params>
          <reporter-output>
          </reporter-output>
        </test-method> <!-- createsMultipleUsers -->
        <test-method signature="createsMultipleUsers(java.lang.String,java.lang.String,java.lang.String,java.lang.String,java.lang.String,java.lang.String,java.lang.String,java.lang.String)[pri:1, instance:api.test.MultipleUser@1fe8d51b]" started-at="2026-09-16T22:00:46 IST" name="createsMultipleUsers" data-provider="allData" finished-at="2026-09-16T22:00:47 IST" duration-ms="1127" status="PASS">
          <params>
            <param index="0">
              <value>
                <![CDATA[1009]]>
              </value>
            </param>
            <param index="1">
              <value>
                <![CDATA[tjones]]>
              </value>
            </param>
            <param index="2">
              <value>
                <![CDATA[Tara]]>
              </value>
            </param>
            <param index="3">
              <value>
                <![CDATA[Jones]]>
              </value>
            </param>
            <param index="4">
              <value>
                <![CDATA[tjones@example.com]]>
              </value>
            </param>
            <param index="5">
              <value>
                <![CDATA[Tj0n3s#2026]]>
              </value>
            </param>
            <param index="6">
              <value>
                <![CDATA[+1-555-0157]]>
              </value>
            </param>
            <param index="7">
              <value>
                <![CDATA[1]]>
              </value>
            </param>
          </params>
          <reporter-output>
          </reporter-output>
        </test-method> <!-- createsMultipleUsers -->
        <test-method signature="getAlluser(java.lang.String)[pri:2, instance:api.test.MultipleUser@1fe8d51b]" started-at="2026-09-16T22:00:47 IST" name="getAlluser" data-provider="userName" finished-at="2026-09-16T22:00:48 IST" duration-ms="1245" status="PASS">
          <params>
            <param index="0">
              <value>
                <![CDATA[jsmith]]>
              </value>
            </param>
          </params>
          <reporter-output>
          </reporter-output>
        </test-method> <!-- getAlluser -->
        <test-method signature="getAlluser(java.lang.String)[pri:2, instance:api.test.MultipleUser@1fe8d51b]" started-at="2026-09-16T22:00:48 IST" name="getAlluser" data-provider="userName" finished-at="2026-09-16T22:00:49 IST" duration-ms="1151" status="PASS">
          <params>
            <param index="0">
              <value>
                <![CDATA[erodriguez]]>
              </value>
            </param>
          </params>
          <reporter-output>
          </reporter-output>
        </test-method> <!-- getAlluser -->
        <test-method signature="getAlluser(java.lang.String)[pri:2, instance:api.test.MultipleUser@1fe8d51b]" started-at="2026-09-16T22:00:49 IST" name="getAlluser" data-provider="userName" finished-at="2026-09-16T22:00:51 IST" duration-ms="1166" status="PASS">
          <params>
            <param index="0">
              <value>
                <![CDATA[mchen]]>
              </value>
            </param>
          </params>
          <reporter-output>
          </reporter-output>
        </test-method> <!-- getAlluser -->
        <test-method signature="getAlluser(java.lang.String)[pri:2, instance:api.test.MultipleUser@1fe8d51b]" started-at="2026-09-16T22:00:51 IST" name="getAlluser" data-provider="userName" finished-at="2026-09-16T22:00:52 IST" duration-ms="1184" status="PASS">
          <params>
            <param index="0">
              <value>
                <![CDATA[akumar]]>
              </value>
            </param>
          </params>
          <reporter-output>
          </reporter-output>
        </test-method> <!-- getAlluser -->
        <test-method signature="getAlluser(java.lang.String)[pri:2, instance:api.test.MultipleUser@1fe8d51b]" started-at="2026-09-16T22:00:52 IST" name="getAlluser" data-provider="userName" finished-at="2026-09-16T22:00:53 IST" duration-ms="1165" status="PASS">
          <params>
            <param index="0">
              <value>
                <![CDATA[spatel]]>
              </value>
            </param>
          </params>
          <reporter-output>
          </reporter-output>
        </test-method> <!-- getAlluser -->
        <test-method signature="getAlluser(java.lang.String)[pri:2, instance:api.test.MultipleUser@1fe8d51b]" started-at="2026-09-16T22:00:53 IST" name="getAlluser" data-provider="userName" finished-at="2026-09-16T22:00:54 IST" duration-ms="1139" status="PASS">
          <params>
            <param index="0">
              <value>
                <![CDATA[dkim]]>
              </value>
            </param>
          </params>
          <reporter-output>
          </reporter-output>
        </test-method> <!-- getAlluser -->
        <test-method signature="getAlluser(java.lang.String)[pri:2, instance:api.test.MultipleUser@1fe8d51b]" started-at="2026-09-16T22:00:54 IST" name="getAlluser" data-provider="userName" finished-at="2026-09-16T22:00:55 IST" duration-ms="1188" status="PASS">
          <params>
            <param index="0">
              <value>
                <![CDATA[lmartinez]]>
              </value>
            </param>
          </params>
          <reporter-output>
          </reporter-output>
        </test-method> <!-- getAlluser -->
        <test-method signature="getAlluser(java.lang.String)[pri:2, instance:api.test.MultipleUser@1fe8d51b]" started-at="2026-09-16T22:00:55 IST" name="getAlluser" data-provider="userName" finished-at="2026-09-16T22:00:56 IST" duration-ms="1134" status="PASS">
          <params>
            <param index="0">
              <value>
                <![CDATA[bwong]]>
              </value>
            </param>
          </params>
          <reporter-output>
          </reporter-output>
        </test-method> <!-- getAlluser -->
        <test-method signature="getAlluser(java.lang.String)[pri:2, instance:api.test.MultipleUser@1fe8d51b]" started-at="2026-09-16T22:00:56 IST" name="getAlluser" data-provider="userName" finished-at="2026-09-16T22:00:58 IST" duration-ms="1139" status="PASS">
          <params>
            <param index="0">
              <value>
                <![CDATA[tjones]]>
              </value>
            </param>
          </params>
          <reporter-output>
          </reporter-output>
        </test-method> <!-- getAlluser -->
        <test-method signature="deleteAllUser(java.lang.String)[pri:3, instance:api.test.MultipleUser@1fe8d51b]" started-at="2026-09-16T22:00:58 IST" name="deleteAllUser" data-provider="userName" finished-at="2026-09-16T22:00:59 IST" duration-ms="1125" status="PASS">
          <params>
            <param index="0">
              <value>
                <![CDATA[jsmith]]>
              </value>
            </param>
          </params>
          <reporter-output>
          </reporter-output>
        </test-method> <!-- deleteAllUser -->
        <test-method signature="deleteAllUser(java.lang.String)[pri:3, instance:api.test.MultipleUser@1fe8d51b]" started-at="2026-09-16T22:00:59 IST" name="deleteAllUser" data-provider="userName" finished-at="2026-09-16T22:01:00 IST" duration-ms="1152" status="PASS">
          <params>
            <param index="0">
              <value>
                <![CDATA[erodriguez]]>
              </value>
            </param>
          </params>
          <reporter-output>
          </reporter-output>
        </test-method> <!-- deleteAllUser -->
        <test-method signature="deleteAllUser(java.lang.String)[pri:3, instance:api.test.MultipleUser@1fe8d51b]" started-at="2026-09-16T22:01:00 IST" name="deleteAllUser" data-provider="userName" finished-at="2026-09-16T22:01:01 IST" duration-ms="1112" status="PASS">
          <params>
            <param index="0">
              <value>
                <![CDATA[mchen]]>
              </value>
            </param>
          </params>
          <reporter-output>
          </reporter-output>
        </test-method> <!-- deleteAllUser -->
        <test-method signature="deleteAllUser(java.lang.String)[pri:3, instance:api.test.MultipleUser@1fe8d51b]" started-at="2026-09-16T22:01:01 IST" name="deleteAllUser" data-provider="userName" finished-at="2026-09-16T22:01:02 IST" duration-ms="1292" status="PASS">
          <params>
            <param index="0">
              <value>
                <![CDATA[akumar]]>
              </value>
            </param>
          </params>
          <reporter-output>
          </reporter-output>
        </test-method> <!-- deleteAllUser -->
        <test-method signature="deleteAllUser(java.lang.String)[pri:3, instance:api.test.MultipleUser@1fe8d51b]" started-at="2026-09-16T22:01:02 IST" name="deleteAllUser" data-provider="userName" finished-at="2026-09-16T22:01:04 IST" duration-ms="1143" status="PASS">
          <params>
            <param index="0">
              <value>
                <![CDATA[spatel]]>
              </value>
            </param>
          </params>
          <reporter-output>
          </reporter-output>
        </test-method> <!-- deleteAllUser -->
        <test-method signature="deleteAllUser(java.lang.String)[pri:3, instance:api.test.MultipleUser@1fe8d51b]" started-at="2026-09-16T22:01:04 IST" name="deleteAllUser" data-provider="userName" finished-at="2026-09-16T22:01:05 IST" duration-ms="1145" status="PASS">
          <params>
            <param index="0">
              <value>
                <![CDATA[dkim]]>
              </value>
            </param>
          </params>
          <reporter-output>
          </reporter-output>
        </test-method> <!-- deleteAllUser -->
        <test-method signature="deleteAllUser(java.lang.String)[pri:3, instance:api.test.MultipleUser@1fe8d51b]" started-at="2026-09-16T22:01:05 IST" name="deleteAllUser" data-provider="userName" finished-at="2026-09-16T22:01:06 IST" duration-ms="1157" status="PASS">
          <params>
            <param index="0">
              <value>
                <![CDATA[lmartinez]]>
              </value>
            </param>
          </params>
          <reporter-output>
          </reporter-output>
        </test-method> <!-- deleteAllUser -->
        <test-method signature="deleteAllUser(java.lang.String)[pri:3, instance:api.test.MultipleUser@1fe8d51b]" started-at="2026-09-16T22:01:06 IST" name="deleteAllUser" data-provider="userName" finished-at="2026-09-16T22:01:07 IST" duration-ms="1159" status="PASS">
          <params>
            <param index="0">
              <value>
                <![CDATA[bwong]]>
              </value>
            </param>
          </params>
          <reporter-output>
          </reporter-output>
        </test-method> <!-- deleteAllUser -->
        <test-method signature="deleteAllUser(java.lang.String)[pri:3, instance:api.test.MultipleUser@1fe8d51b]" started-at="2026-09-16T22:01:07 IST" name="deleteAllUser" data-provider="userName" finished-at="2026-09-16T22:01:08 IST" duration-ms="1160" status="PASS">
          <params>
            <param index="0">
              <value>
                <![CDATA[tjones]]>
              </value>
            </param>
          </params>
          <reporter-output>
          </reporter-output>
        </test-method> <!-- deleteAllUser -->
      </class> <!-- api.test.MultipleUser -->
      <class name="api.test.UserTest">
        <test-method is-config="true" signature="setUpData()[pri:0, instance:api.test.UserTest@1af7f54a]" started-at="2026-09-16T22:01:08 IST" name="setUpData" finished-at="2026-09-16T22:01:09 IST" duration-ms="333" status="PASS">
          <reporter-output>
          </reporter-output>
        </test-method> <!-- setUpData -->
        <test-method signature="testUserCreation()[pri:1, instance:api.test.UserTest@1af7f54a]" started-at="2026-09-16T22:01:09 IST" name="testUserCreation" finished-at="2026-09-16T22:01:10 IST" duration-ms="1236" status="PASS">
          <reporter-output>
          </reporter-output>
        </test-method> <!-- testUserCreation -->
        <test-method signature="testGetUser()[pri:2, instance:api.test.UserTest@1af7f54a]" started-at="2026-09-16T22:01:10 IST" name="testGetUser" finished-at="2026-09-16T22:01:11 IST" duration-ms="1119" status="PASS">
          <reporter-output>
          </reporter-output>
        </test-method> <!-- testGetUser -->
        <test-method signature="updateUserInfo()[pri:3, instance:api.test.UserTest@1af7f54a]" started-at="2026-09-16T22:01:11 IST" name="updateUserInfo" finished-at="2026-09-16T22:01:14 IST" duration-ms="3421" status="PASS">
          <reporter-output>
          </reporter-output>
        </test-method> <!-- updateUserInfo -->
        <test-method signature="deleteUserinfo()[pri:4, instance:api.test.UserTest@1af7f54a]" started-at="2026-09-16T22:01:14 IST" name="deleteUserinfo" finished-at="2026-09-16T22:01:17 IST" duration-ms="2295" status="PASS">
          <reporter-output>
          </reporter-output>
        </test-method> <!-- deleteUserinfo -->
      </class> <!-- api.test.UserTest -->
    </test> <!-- apiTest -->
  </suite> <!-- Suite -->
</testng-results>
