<?xml version="1.0" encoding="UTF-8"?>
<!-- Generated by org.testng.reporters.JUnitReportReporter -->
<testsuite hostname="DESKTOP-N2D2BNA" failures="0" tests="20" name="api.test.MultipleUserArray" time="28.418" errors="0" timestamp="2026-09-19T11:28:37 IST" skipped="0">
  <testcase classname="api.test.MultipleUserArray" name="createsMultipleUserswithArray" time="4.397"/>
  <testcase classname="api.test.MultipleUserArray" name="loginUsers" time="2.370"/>
  <testcase classname="api.test.MultipleUserArray" name="getAlluser" time="1.099"/>
  <testcase classname="api.test.MultipleUserArray" name="getAlluser" time="1.190"/>
  <testcase classname="api.test.MultipleUserArray" name="getAlluser" time="1.150"/>
  <testcase classname="api.test.MultipleUserArray" name="getAlluser" time="1.164"/>
  <testcase classname="api.test.MultipleUserArray" name="getAlluser" time="1.090"/>
  <testcase classname="api.test.MultipleUserArray" name="getAlluser" time="1.133"/>
  <testcase classname="api.test.MultipleUserArray" name="getAlluser" time="1.128"/>
  <testcase classname="api.test.MultipleUserArray" name="getAlluser" time="1.148"/>
  <testcase classname="api.test.MultipleUserArray" name="getAlluser" time="1.074"/>
  <testcase classname="api.test.MultipleUserArray" name="deleteAllUser" time="1.131"/>
  <testcase classname="api.test.MultipleUserArray" name="deleteAllUser" time="1.117"/>
  <testcase classname="api.test.MultipleUserArray" name="deleteAllUser" time="1.135"/>
  <testcase classname="api.test.MultipleUserArray" name="deleteAllUser" time="1.840"/>
  <testcase classname="api.test.MultipleUserArray" name="deleteAllUser" time="1.140"/>
  <testcase classname="api.test.MultipleUserArray" name="deleteAllUser" time="1.174"/>
  <testcase classname="api.test.MultipleUserArray" name="deleteAllUser" time="1.472"/>
  <testcase classname="api.test.MultipleUserArray" name="deleteAllUser" time="1.073"/>
  <testcase classname="api.test.MultipleUserArray" name="deleteAllUser" time="1.393"/>
</testsuite> <!-- api.test.MultipleUserArray -->
