<?xml version="1.0" encoding="UTF-8"?>
<!-- Generated by org.testng.reporters.JUnitReportReporter -->
<testsuite hostname="DESKTOP-N2D2BNA" failures="0" tests="27" name="api.test.MultipleUser" time="37.816" errors="0" timestamp="2026-09-16T12:13:16 IST" skipped="0">
  <testcase classname="api.test.MultipleUser" name="createsMultipleUsers" time="1.179"/>
  <testcase classname="api.test.MultipleUser" name="createsMultipleUsers" time="1.239"/>
  <testcase classname="api.test.MultipleUser" name="createsMultipleUsers" time="1.170"/>
  <testcase classname="api.test.MultipleUser" name="createsMultipleUsers" time="1.116"/>
  <testcase classname="api.test.MultipleUser" name="createsMultipleUsers" time="6.299"/>
  <testcase classname="api.test.MultipleUser" name="createsMultipleUsers" time="1.196"/>
  <testcase classname="api.test.MultipleUser" name="createsMultipleUsers" time="1.187"/>
  <testcase classname="api.test.MultipleUser" name="createsMultipleUsers" time="1.372"/>
  <testcase classname="api.test.MultipleUser" name="createsMultipleUsers" time="1.117"/>
  <testcase classname="api.test.MultipleUser" name="getAlluser" time="1.157"/>
  <testcase classname="api.test.MultipleUser" name="getAlluser" time="1.172"/>
  <testcase classname="api.test.MultipleUser" name="getAlluser" time="1.171"/>
  <testcase classname="api.test.MultipleUser" name="getAlluser" time="1.438"/>
  <testcase classname="api.test.MultipleUser" name="getAlluser" time="1.149"/>
  <testcase classname="api.test.MultipleUser" name="getAlluser" time="1.119"/>
  <testcase classname="api.test.MultipleUser" name="getAlluser" time="1.105"/>
  <testcase classname="api.test.MultipleUser" name="getAlluser" time="1.225"/>
  <testcase classname="api.test.MultipleUser" name="getAlluser" time="1.594"/>
  <testcase classname="api.test.MultipleUser" name="deleteAllUser" time="1.135"/>
  <testcase classname="api.test.MultipleUser" name="deleteAllUser" time="1.156"/>
  <testcase classname="api.test.MultipleUser" name="deleteAllUser" time="1.344"/>
  <testcase classname="api.test.MultipleUser" name="deleteAllUser" time="1.193"/>
  <testcase classname="api.test.MultipleUser" name="deleteAllUser" time="1.206"/>
  <testcase classname="api.test.MultipleUser" name="deleteAllUser" time="1.204"/>
  <testcase classname="api.test.MultipleUser" name="deleteAllUser" time="1.273"/>
  <testcase classname="api.test.MultipleUser" name="deleteAllUser" time="1.136"/>
  <testcase classname="api.test.MultipleUser" name="deleteAllUser" time="1.164"/>
</testsuite> <!-- api.test.MultipleUser -->
