<?xml version="1.0" encoding="UTF-8"?>
<!-- Generated by org.testng.reporters.JUnitReportReporter -->
<testsuite hostname="DESKTOP-N2D2BNA" failures="0" tests="4" name="api.test.UserTest" time="8.071" errors="0" timestamp="2026-09-16T22:01:18 IST" skipped="0">
  <testcase classname="api.test.UserTest" name="testUserCreation" time="1.236"/>
  <testcase classname="api.test.UserTest" name="testGetUser" time="1.119"/>
  <testcase classname="api.test.UserTest" name="updateUserInfo" time="3.421"/>
  <testcase classname="api.test.UserTest" name="deleteUserinfo" time="2.295"/>
</testsuite> <!-- api.test.UserTest -->
