<?xml version="1.0" encoding="UTF-8"?>
<!-- Generated by org.testng.reporters.JUnitReportReporter -->
<testsuite hostname="DESKTOP-N2D2BNA" failures="0" tests="4" name="api.test.UserTest" time="7.780" errors="0" timestamp="2026-09-19T11:50:56 IST" skipped="0">
  <testcase classname="api.test.UserTest" name="testUserCreation" time="1.229"/>
  <testcase classname="api.test.UserTest" name="testGetUser" time="1.182"/>
  <testcase classname="api.test.UserTest" name="updateUserInfo" time="3.117"/>
  <testcase classname="api.test.UserTest" name="deleteUserinfo" time="2.252"/>
</testsuite> <!-- api.test.UserTest -->
