<?xml version="1.0" encoding="UTF-8"?>
<!-- Generated by org.testng.reporters.JUnitReportReporter -->
<testsuite hostname="DESKTOP-N2D2BNA" failures="0" tests="27" name="api.test.MultipleUser" time="37.340" errors="0" timestamp="2026-09-19T11:50:56 IST" skipped="0">
  <testcase classname="api.test.MultipleUser" name="createsMultipleUsers" time="1.150"/>
  <testcase classname="api.test.MultipleUser" name="createsMultipleUsers" time="1.144"/>
  <testcase classname="api.test.MultipleUser" name="createsMultipleUsers" time="1.288"/>
  <testcase classname="api.test.MultipleUser" name="createsMultipleUsers" time="1.120"/>
  <testcase classname="api.test.MultipleUser" name="createsMultipleUsers" time="1.309"/>
  <testcase classname="api.test.MultipleUser" name="createsMultipleUsers" time="1.170"/>
  <testcase classname="api.test.MultipleUser" name="createsMultipleUsers" time="1.110"/>
  <testcase classname="api.test.MultipleUser" name="createsMultipleUsers" time="1.168"/>
  <testcase classname="api.test.MultipleUser" name="createsMultipleUsers" time="6.164"/>
  <testcase classname="api.test.MultipleUser" name="getAlluser" time="1.135"/>
  <testcase classname="api.test.MultipleUser" name="getAlluser" time="1.122"/>
  <testcase classname="api.test.MultipleUser" name="getAlluser" time="1.167"/>
  <testcase classname="api.test.MultipleUser" name="getAlluser" time="1.129"/>
  <testcase classname="api.test.MultipleUser" name="getAlluser" time="1.227"/>
  <testcase classname="api.test.MultipleUser" name="getAlluser" time="1.247"/>
  <testcase classname="api.test.MultipleUser" name="getAlluser" time="1.127"/>
  <testcase classname="api.test.MultipleUser" name="getAlluser" time="1.157"/>
  <testcase classname="api.test.MultipleUser" name="getAlluser" time="1.249"/>
  <testcase classname="api.test.MultipleUser" name="deleteAllUser" time="1.064"/>
  <testcase classname="api.test.MultipleUser" name="deleteAllUser" time="1.122"/>
  <testcase classname="api.test.MultipleUser" name="deleteAllUser" time="1.122"/>
  <testcase classname="api.test.MultipleUser" name="deleteAllUser" time="1.099"/>
  <testcase classname="api.test.MultipleUser" name="deleteAllUser" time="1.129"/>
  <testcase classname="api.test.MultipleUser" name="deleteAllUser" time="1.841"/>
  <testcase classname="api.test.MultipleUser" name="deleteAllUser" time="1.242"/>
  <testcase classname="api.test.MultipleUser" name="deleteAllUser" time="1.402"/>
  <testcase classname="api.test.MultipleUser" name="deleteAllUser" time="1.136"/>
</testsuite> <!-- api.test.MultipleUser -->
